14:08:42 **** Build of configuration Debug for project lfsr3 ****
make all 
make --no-print-directory pre-build
a9-linaro-pre-build-step
' '
make --no-print-directory main-build
'Building file: ../src/adventures_with_ip.c'
'Invoking: ARM v7 gcc compiler'
arm-none-eabi-gcc -Wall -O0 -g3 -c -fmessage-length=0 -MT"src/adventures_with_ip.o" -mcpu=cortex-a9 -mfpu=vfpv3 -mfloat-abi=hard -IC:/Users/cjw18/Desktop/GitHub/ensc-452/AudioTutorial/adventures_with_ip/ip_design_wrapper4/export/ip_design_wrapper4/sw/ip_design_wrapper4/standalone_ps7_cortexa9_0/bspinclude/include -MMD -MP -MF"src/adventures_with_ip.d" -MT"src/adventures_with_ip.o" -o "src/adventures_with_ip.o" "../src/adventures_with_ip.c"
'Finished building: ../src/adventures_with_ip.c'
' '
'Building file: ../src/audio.c'
'Invoking: ARM v7 gcc compiler'
arm-none-eabi-gcc -Wall -O0 -g3 -c -fmessage-length=0 -MT"src/audio.o" -mcpu=cortex-a9 -mfpu=vfpv3 -mfloat-abi=hard -IC:/Users/cjw18/Desktop/GitHub/ensc-452/AudioTutorial/adventures_with_ip/ip_design_wrapper4/export/ip_design_wrapper4/sw/ip_design_wrapper4/standalone_ps7_cortexa9_0/bspinclude/include -MMD -MP -MF"src/audio.d" -MT"src/audio.o" -o "src/audio.o" "../src/audio.c"
'Finished building: ../src/audio.c'
' '
'Building file: ../src/ip_functions.c'
'Invoking: ARM v7 gcc compiler'
arm-none-eabi-gcc -Wall -O0 -g3 -c -fmessage-length=0 -MT"src/ip_functions.o" -mcpu=cortex-a9 -mfpu=vfpv3 -mfloat-abi=hard -IC:/Users/cjw18/Desktop/GitHub/ensc-452/AudioTutorial/adventures_with_ip/ip_design_wrapper4/export/ip_design_wrapper4/sw/ip_design_wrapper4/standalone_ps7_cortexa9_0/bspinclude/include -MMD -MP -MF"src/ip_functions.d" -MT"src/ip_functions.o" -o "src/ip_functions.o" "../src/ip_functions.c"
'Finished building: ../src/ip_functions.c'
' '
'Building target: lfsr3.elf'
'Invoking: ARM v7 gcc linker'
arm-none-eabi-gcc -mcpu=cortex-a9 -mfpu=vfpv3 -mfloat-abi=hard -Wl,-build-id=none -specs=Xilinx.spec -Wl,-T -Wl,../src/lscript.ld -LC:/Users/cjw18/Desktop/GitHub/ensc-452/AudioTutorial/adventures_with_ip/ip_design_wrapper4/export/ip_design_wrapper4/sw/ip_design_wrapper4/standalone_ps7_cortexa9_0/bsplib/lib -o "lfsr3.elf"  ./src/adventures_with_ip.o ./src/audio.o ./src/ip_functions.o   -Wl,--start-group,-lxil,-lgcc,-lc,--end-group
'Finished building target: lfsr3.elf'
' '
'Invoking: ARM v7 Print Size'
arm-none-eabi-size lfsr3.elf  |tee "lfsr3.elf.size"
   text	   data	    bss	    dec	    hex	filename
  36692	   1960	 563368	 602020	  92fa4	lfsr3.elf
'Finished building: lfsr3.elf.size'
' '

14:08:45 Build Finished (took 2s.921ms)

