11:11:02 INFO  : Launching XSCT server: xsct.bat -n  -interactive C:\Users\dumpherv\Desktop\Milestone_1\temp_xsdb_launch_script.tcl
11:11:02 INFO  : Registering command handlers for Vitis TCF services
11:11:04 INFO  : Platform repository initialization has completed.
11:11:04 INFO  : XSCT server has started successfully.
11:11:04 INFO  : Successfully done setting XSCT server connection channel  
11:11:04 INFO  : plnx-install-location is set to ''
11:11:04 INFO  : Successfully done setting workspace for the tool. 
11:11:04 INFO  : Successfully done query RDI_DATADIR 
11:11:16 ERROR : Error encountered while adding 'C:\Users\dumpherv\Desktop\Milestone_1\MulticorePlatform\export\MulticorePlatform' to custom repository paths
Reason: No Platforms Found.


11:11:18 INFO  : [Import] Updating active build configuration of the system project 'Dualcore_project_system' to 'Debug' after the import.
11:13:14 ERROR : Hardware specification file is not configured properly in the launch configuration 'Debugger_Dualcore_project-Default'. 
Make sure that the application 'Dualcore_project' is built properly for configuration 'Debug' before launching.
11:13:29 INFO  : Checking for BSP changes to sync application flags for project 'Dualcore_project'...
11:13:29 ERROR : Failed to get platform details for the project 'Dualcore_project'. Cannot sync application flags.
11:13:45 ERROR : Hardware specification file is not configured properly in the launch configuration 'Debugger_Dualcore_project-Default'. 
Make sure that the application 'Dualcore_project' is built properly for configuration 'Debug' before launching.
11:16:51 ERROR : An unexpected exception occurred in the module 'reading platform'
11:16:51 WARN  : An unexpected exception occurred in the module 'platform project logging'
11:17:28 INFO  : Platform 'MulticorePlatform' is added to custom repositories.
11:17:31 INFO  : [Import] Updating active build configuration of the system project 'vga_system' to 'Debug' after the import.
11:18:14 INFO  : Result from executing command 'getProjects': MulticorePlatform
11:18:14 INFO  : Result from executing command 'getPlatforms': MulticorePlatform|C:/Users/dumpherv/Desktop/Milestone_1/MulticorePlatform/export/MulticorePlatform/MulticorePlatform.xpfm
11:18:14 INFO  : Checking for BSP changes to sync application flags for project 'vga'...
11:28:09 INFO  : Checking for BSP changes to sync application flags for project 'vga'...
11:29:07 INFO  : Checking for BSP changes to sync application flags for project 'vga'...
11:38:31 INFO  : Result from executing command 'getProjects': MulticorePlatform
11:38:31 INFO  : Result from executing command 'getPlatforms': MulticorePlatform|C:/Users/dumpherv/Desktop/Milestone_1/MulticorePlatform/export/MulticorePlatform/MulticorePlatform.xpfm
11:38:31 INFO  : Checking for BSP changes to sync application flags for project 'vga'...
11:39:49 INFO  : Checking for BSP changes to sync application flags for project 'vga'...
11:40:10 INFO  : Checking for BSP changes to sync application flags for project 'audio'...
11:40:13 INFO  : Checking for BSP changes to sync application flags for project 'vga'...
11:44:18 INFO  : Connected to target on host '127.0.0.1' and port '3121'.
11:44:18 INFO  : Jtag cable 'Digilent Zed 210248469787' is selected.
11:44:18 INFO  : 'jtag frequency' command is executed.
11:44:18 INFO  : Context for 'APU' is selected.
11:44:18 INFO  : System reset is completed.
11:44:21 INFO  : 'after 3000' command is executed.
11:44:22 INFO  : 'targets -set -filter {jtag_cable_name =~ "Digilent Zed 210248469787" && level==0 && jtag_device_ctx=="jsn-Zed-210248469787-03727093-0"}' command is executed.
11:44:24 INFO  : Device configured successfully with "C:/Users/dumpherv/Desktop/Milestone_1/vga/_ide/bitstream/ip_design_wrapper.bit"
11:44:24 INFO  : Context for 'APU' is selected.
11:44:24 INFO  : Hardware design and registers information is loaded from 'C:/Users/dumpherv/Desktop/Milestone_1/MulticorePlatform/export/MulticorePlatform/hw/ip_design_wrapper.xsa'.
11:44:24 INFO  : 'configparams force-mem-access 1' command is executed.
11:44:24 INFO  : Context for 'APU' is selected.
11:44:24 INFO  : Sourcing of 'C:/Users/dumpherv/Desktop/Milestone_1/vga/_ide/psinit/ps7_init.tcl' is done.
11:44:24 INFO  : 'ps7_init' command is executed.
11:44:24 INFO  : 'ps7_post_config' command is executed.
11:44:24 INFO  : Context for processor 'ps7_cortexa9_0' is selected.
11:44:24 INFO  : The application 'C:/Users/dumpherv/Desktop/Milestone_1/vga/Debug/vga.elf' is downloaded to processor 'ps7_cortexa9_0'.
11:44:24 INFO  : Context for processor 'ps7_cortexa9_1' is selected.
11:44:25 INFO  : The application 'C:/Users/dumpherv/Desktop/Milestone_1/audio/Debug/audio.elf' is downloaded to processor 'ps7_cortexa9_1'.
11:44:25 INFO  : 'configparams force-mem-access 0' command is executed.
11:44:25 INFO  : ----------------XSDB Script----------------
connect -url tcp:127.0.0.1:3121
targets -set -nocase -filter {name =~"APU*"}
rst -system
after 3000
targets -set -filter {jtag_cable_name =~ "Digilent Zed 210248469787" && level==0 && jtag_device_ctx=="jsn-Zed-210248469787-03727093-0"}
fpga -file C:/Users/dumpherv/Desktop/Milestone_1/vga/_ide/bitstream/ip_design_wrapper.bit
targets -set -nocase -filter {name =~"APU*"}
loadhw -hw C:/Users/dumpherv/Desktop/Milestone_1/MulticorePlatform/export/MulticorePlatform/hw/ip_design_wrapper.xsa -mem-ranges [list {0x40000000 0xbfffffff}] -regs
configparams force-mem-access 1
targets -set -nocase -filter {name =~"APU*"}
source C:/Users/dumpherv/Desktop/Milestone_1/vga/_ide/psinit/ps7_init.tcl
ps7_init
ps7_post_config
targets -set -nocase -filter {name =~ "*A9*#0"}
dow C:/Users/dumpherv/Desktop/Milestone_1/vga/Debug/vga.elf
targets -set -nocase -filter {name =~ "*A9*#1"}
dow C:/Users/dumpherv/Desktop/Milestone_1/audio/Debug/audio.elf
configparams force-mem-access 0
----------------End of Script----------------

11:44:25 INFO  : Context for processor 'ps7_cortexa9_0' is selected.
11:44:25 INFO  : 'con' command is executed.
11:44:25 INFO  : Context for processor 'ps7_cortexa9_1' is selected.
11:44:25 INFO  : 'con' command is executed.
11:44:25 INFO  : ----------------XSDB Script (After Launch)----------------
targets -set -nocase -filter {name =~ "*A9*#0"}
con
targets -set -nocase -filter {name =~ "*A9*#1"}
con
----------------End of Script----------------

11:44:25 INFO  : Launch script is exported to file 'C:\Users\dumpherv\Desktop\Milestone_1\vga_system\_ide\scripts\systemdebugger_vga_system_standalone.tcl'
11:49:06 INFO  : Checking for BSP changes to sync application flags for project 'vga'...
11:53:50 INFO  : Checking for BSP changes to sync application flags for project 'vga'...
12:05:14 INFO  : Checking for BSP changes to sync application flags for project 'vga'...
12:06:52 INFO  : Checking for BSP changes to sync application flags for project 'vga'...
12:07:05 INFO  : Disconnected from the channel tcfchan#7.
12:07:05 INFO  : Connected to target on host '127.0.0.1' and port '3121'.
12:07:06 INFO  : Jtag cable 'Digilent Zed 210248469787' is selected.
12:07:06 INFO  : 'jtag frequency' command is executed.
12:07:06 INFO  : Context for 'APU' is selected.
12:07:06 INFO  : System reset is completed.
12:07:09 INFO  : 'after 3000' command is executed.
12:07:09 INFO  : 'targets -set -filter {jtag_cable_name =~ "Digilent Zed 210248469787" && level==0 && jtag_device_ctx=="jsn-Zed-210248469787-03727093-0"}' command is executed.
12:07:11 INFO  : Device configured successfully with "C:/Users/dumpherv/Desktop/Milestone_1/vga/_ide/bitstream/ip_design_wrapper.bit"
12:07:11 INFO  : Context for 'APU' is selected.
12:07:11 INFO  : Hardware design and registers information is loaded from 'C:/Users/dumpherv/Desktop/Milestone_1/MulticorePlatform/export/MulticorePlatform/hw/ip_design_wrapper.xsa'.
12:07:11 INFO  : 'configparams force-mem-access 1' command is executed.
12:07:11 INFO  : Context for 'APU' is selected.
12:07:11 INFO  : Sourcing of 'C:/Users/dumpherv/Desktop/Milestone_1/vga/_ide/psinit/ps7_init.tcl' is done.
12:07:11 INFO  : 'ps7_init' command is executed.
12:07:11 INFO  : 'ps7_post_config' command is executed.
12:07:11 INFO  : Context for processor 'ps7_cortexa9_0' is selected.
12:07:11 INFO  : The application 'C:/Users/dumpherv/Desktop/Milestone_1/vga/Debug/vga.elf' is downloaded to processor 'ps7_cortexa9_0'.
12:07:11 INFO  : Context for processor 'ps7_cortexa9_1' is selected.
12:07:12 INFO  : The application 'C:/Users/dumpherv/Desktop/Milestone_1/audio/Debug/audio.elf' is downloaded to processor 'ps7_cortexa9_1'.
12:07:12 INFO  : 'configparams force-mem-access 0' command is executed.
12:07:12 INFO  : ----------------XSDB Script----------------
connect -url tcp:127.0.0.1:3121
targets -set -nocase -filter {name =~"APU*"}
rst -system
after 3000
targets -set -filter {jtag_cable_name =~ "Digilent Zed 210248469787" && level==0 && jtag_device_ctx=="jsn-Zed-210248469787-03727093-0"}
fpga -file C:/Users/dumpherv/Desktop/Milestone_1/vga/_ide/bitstream/ip_design_wrapper.bit
targets -set -nocase -filter {name =~"APU*"}
loadhw -hw C:/Users/dumpherv/Desktop/Milestone_1/MulticorePlatform/export/MulticorePlatform/hw/ip_design_wrapper.xsa -mem-ranges [list {0x40000000 0xbfffffff}] -regs
configparams force-mem-access 1
targets -set -nocase -filter {name =~"APU*"}
source C:/Users/dumpherv/Desktop/Milestone_1/vga/_ide/psinit/ps7_init.tcl
ps7_init
ps7_post_config
targets -set -nocase -filter {name =~ "*A9*#0"}
dow C:/Users/dumpherv/Desktop/Milestone_1/vga/Debug/vga.elf
targets -set -nocase -filter {name =~ "*A9*#1"}
dow C:/Users/dumpherv/Desktop/Milestone_1/audio/Debug/audio.elf
configparams force-mem-access 0
----------------End of Script----------------

12:07:12 INFO  : Context for processor 'ps7_cortexa9_0' is selected.
12:07:12 INFO  : 'con' command is executed.
12:07:12 INFO  : Context for processor 'ps7_cortexa9_1' is selected.
12:07:12 INFO  : 'con' command is executed.
12:07:12 INFO  : ----------------XSDB Script (After Launch)----------------
targets -set -nocase -filter {name =~ "*A9*#0"}
con
targets -set -nocase -filter {name =~ "*A9*#1"}
con
----------------End of Script----------------

12:07:12 INFO  : Launch script is exported to file 'C:\Users\dumpherv\Desktop\Milestone_1\vga_system\_ide\scripts\systemdebugger_vga_system_standalone.tcl'
12:07:14 INFO  : Disconnected from the channel tcfchan#8.
12:07:14 INFO  : Connected to target on host '127.0.0.1' and port '3121'.
12:07:14 INFO  : Jtag cable 'Digilent Zed 210248469787' is selected.
12:07:14 INFO  : 'jtag frequency' command is executed.
12:07:14 INFO  : Context for 'APU' is selected.
12:07:14 INFO  : System reset is completed.
12:07:17 INFO  : 'after 3000' command is executed.
12:07:17 INFO  : 'targets -set -filter {jtag_cable_name =~ "Digilent Zed 210248469787" && level==0 && jtag_device_ctx=="jsn-Zed-210248469787-03727093-0"}' command is executed.
12:07:20 INFO  : Device configured successfully with "C:/Users/dumpherv/Desktop/Milestone_1/vga/_ide/bitstream/ip_design_wrapper.bit"
12:07:20 INFO  : Context for 'APU' is selected.
12:07:20 INFO  : Hardware design and registers information is loaded from 'C:/Users/dumpherv/Desktop/Milestone_1/MulticorePlatform/export/MulticorePlatform/hw/ip_design_wrapper.xsa'.
12:07:20 INFO  : 'configparams force-mem-access 1' command is executed.
12:07:20 INFO  : Context for 'APU' is selected.
12:07:20 INFO  : Sourcing of 'C:/Users/dumpherv/Desktop/Milestone_1/vga/_ide/psinit/ps7_init.tcl' is done.
12:07:20 INFO  : 'ps7_init' command is executed.
12:07:20 INFO  : 'ps7_post_config' command is executed.
12:07:20 INFO  : Context for processor 'ps7_cortexa9_0' is selected.
12:07:20 INFO  : The application 'C:/Users/dumpherv/Desktop/Milestone_1/vga/Debug/vga.elf' is downloaded to processor 'ps7_cortexa9_0'.
12:07:20 INFO  : Context for processor 'ps7_cortexa9_1' is selected.
12:07:20 INFO  : The application 'C:/Users/dumpherv/Desktop/Milestone_1/audio/Debug/audio.elf' is downloaded to processor 'ps7_cortexa9_1'.
12:07:20 INFO  : 'configparams force-mem-access 0' command is executed.
12:07:20 INFO  : ----------------XSDB Script----------------
connect -url tcp:127.0.0.1:3121
targets -set -nocase -filter {name =~"APU*"}
rst -system
after 3000
targets -set -filter {jtag_cable_name =~ "Digilent Zed 210248469787" && level==0 && jtag_device_ctx=="jsn-Zed-210248469787-03727093-0"}
fpga -file C:/Users/dumpherv/Desktop/Milestone_1/vga/_ide/bitstream/ip_design_wrapper.bit
targets -set -nocase -filter {name =~"APU*"}
loadhw -hw C:/Users/dumpherv/Desktop/Milestone_1/MulticorePlatform/export/MulticorePlatform/hw/ip_design_wrapper.xsa -mem-ranges [list {0x40000000 0xbfffffff}] -regs
configparams force-mem-access 1
targets -set -nocase -filter {name =~"APU*"}
source C:/Users/dumpherv/Desktop/Milestone_1/vga/_ide/psinit/ps7_init.tcl
ps7_init
ps7_post_config
targets -set -nocase -filter {name =~ "*A9*#0"}
dow C:/Users/dumpherv/Desktop/Milestone_1/vga/Debug/vga.elf
targets -set -nocase -filter {name =~ "*A9*#1"}
dow C:/Users/dumpherv/Desktop/Milestone_1/audio/Debug/audio.elf
configparams force-mem-access 0
----------------End of Script----------------

12:07:21 INFO  : Context for processor 'ps7_cortexa9_0' is selected.
12:07:21 INFO  : 'con' command is executed.
12:07:21 INFO  : Context for processor 'ps7_cortexa9_1' is selected.
12:07:21 INFO  : 'con' command is executed.
12:07:21 INFO  : ----------------XSDB Script (After Launch)----------------
targets -set -nocase -filter {name =~ "*A9*#0"}
con
targets -set -nocase -filter {name =~ "*A9*#1"}
con
----------------End of Script----------------

12:07:21 INFO  : Launch script is exported to file 'C:\Users\dumpherv\Desktop\Milestone_1\vga_system\_ide\scripts\systemdebugger_vga_system_standalone.tcl'
12:13:48 INFO  : Checking for BSP changes to sync application flags for project 'vga'...
12:14:33 INFO  : Checking for BSP changes to sync application flags for project 'vga'...
12:15:20 INFO  : Checking for BSP changes to sync application flags for project 'vga'...
12:16:17 INFO  : Checking for BSP changes to sync application flags for project 'vga'...
12:20:23 INFO  : Checking for BSP changes to sync application flags for project 'vga'...
12:20:36 INFO  : Disconnected from the channel tcfchan#9.
12:20:36 INFO  : Connected to target on host '127.0.0.1' and port '3121'.
12:20:36 INFO  : Jtag cable 'Digilent Zed 210248469787' is selected.
12:20:36 INFO  : 'jtag frequency' command is executed.
12:20:36 INFO  : Context for 'APU' is selected.
12:20:36 INFO  : System reset is completed.
12:20:39 INFO  : 'after 3000' command is executed.
12:20:40 INFO  : 'targets -set -filter {jtag_cable_name =~ "Digilent Zed 210248469787" && level==0 && jtag_device_ctx=="jsn-Zed-210248469787-03727093-0"}' command is executed.
12:20:42 INFO  : Device configured successfully with "C:/Users/dumpherv/Desktop/Milestone_1/vga/_ide/bitstream/ip_design_wrapper.bit"
12:20:42 INFO  : Context for 'APU' is selected.
12:20:42 INFO  : Hardware design and registers information is loaded from 'C:/Users/dumpherv/Desktop/Milestone_1/MulticorePlatform/export/MulticorePlatform/hw/ip_design_wrapper.xsa'.
12:20:42 INFO  : 'configparams force-mem-access 1' command is executed.
12:20:42 INFO  : Context for 'APU' is selected.
12:20:42 INFO  : Sourcing of 'C:/Users/dumpherv/Desktop/Milestone_1/vga/_ide/psinit/ps7_init.tcl' is done.
12:20:42 INFO  : 'ps7_init' command is executed.
12:20:42 INFO  : 'ps7_post_config' command is executed.
12:20:42 INFO  : Context for processor 'ps7_cortexa9_0' is selected.
12:20:42 INFO  : The application 'C:/Users/dumpherv/Desktop/Milestone_1/vga/Debug/vga.elf' is downloaded to processor 'ps7_cortexa9_0'.
12:20:42 INFO  : Context for processor 'ps7_cortexa9_1' is selected.
12:20:43 INFO  : The application 'C:/Users/dumpherv/Desktop/Milestone_1/audio/Debug/audio.elf' is downloaded to processor 'ps7_cortexa9_1'.
12:20:43 INFO  : 'configparams force-mem-access 0' command is executed.
12:20:43 INFO  : ----------------XSDB Script----------------
connect -url tcp:127.0.0.1:3121
targets -set -nocase -filter {name =~"APU*"}
rst -system
after 3000
targets -set -filter {jtag_cable_name =~ "Digilent Zed 210248469787" && level==0 && jtag_device_ctx=="jsn-Zed-210248469787-03727093-0"}
fpga -file C:/Users/dumpherv/Desktop/Milestone_1/vga/_ide/bitstream/ip_design_wrapper.bit
targets -set -nocase -filter {name =~"APU*"}
loadhw -hw C:/Users/dumpherv/Desktop/Milestone_1/MulticorePlatform/export/MulticorePlatform/hw/ip_design_wrapper.xsa -mem-ranges [list {0x40000000 0xbfffffff}] -regs
configparams force-mem-access 1
targets -set -nocase -filter {name =~"APU*"}
source C:/Users/dumpherv/Desktop/Milestone_1/vga/_ide/psinit/ps7_init.tcl
ps7_init
ps7_post_config
targets -set -nocase -filter {name =~ "*A9*#0"}
dow C:/Users/dumpherv/Desktop/Milestone_1/vga/Debug/vga.elf
targets -set -nocase -filter {name =~ "*A9*#1"}
dow C:/Users/dumpherv/Desktop/Milestone_1/audio/Debug/audio.elf
configparams force-mem-access 0
----------------End of Script----------------

12:20:43 INFO  : Context for processor 'ps7_cortexa9_0' is selected.
12:20:43 INFO  : 'con' command is executed.
12:20:43 INFO  : Context for processor 'ps7_cortexa9_1' is selected.
12:20:43 INFO  : 'con' command is executed.
12:20:43 INFO  : ----------------XSDB Script (After Launch)----------------
targets -set -nocase -filter {name =~ "*A9*#0"}
con
targets -set -nocase -filter {name =~ "*A9*#1"}
con
----------------End of Script----------------

12:20:43 INFO  : Launch script is exported to file 'C:\Users\dumpherv\Desktop\Milestone_1\vga_system\_ide\scripts\systemdebugger_vga_system_standalone.tcl'
12:28:30 INFO  : Checking for BSP changes to sync application flags for project 'vga'...
12:28:40 INFO  : Disconnected from the channel tcfchan#10.
12:28:40 INFO  : Connected to target on host '127.0.0.1' and port '3121'.
12:28:40 INFO  : Jtag cable 'Digilent Zed 210248469787' is selected.
12:28:40 INFO  : 'jtag frequency' command is executed.
12:28:40 INFO  : Context for 'APU' is selected.
12:28:40 INFO  : System reset is completed.
12:28:43 INFO  : 'after 3000' command is executed.
12:28:43 INFO  : 'targets -set -filter {jtag_cable_name =~ "Digilent Zed 210248469787" && level==0 && jtag_device_ctx=="jsn-Zed-210248469787-03727093-0"}' command is executed.
12:28:46 INFO  : Device configured successfully with "C:/Users/dumpherv/Desktop/Milestone_1/vga/_ide/bitstream/ip_design_wrapper.bit"
12:28:46 INFO  : Context for 'APU' is selected.
12:28:46 INFO  : Hardware design and registers information is loaded from 'C:/Users/dumpherv/Desktop/Milestone_1/MulticorePlatform/export/MulticorePlatform/hw/ip_design_wrapper.xsa'.
12:28:46 INFO  : 'configparams force-mem-access 1' command is executed.
12:28:46 INFO  : Context for 'APU' is selected.
12:28:46 INFO  : Sourcing of 'C:/Users/dumpherv/Desktop/Milestone_1/vga/_ide/psinit/ps7_init.tcl' is done.
12:28:46 INFO  : 'ps7_init' command is executed.
12:28:46 INFO  : 'ps7_post_config' command is executed.
12:28:46 INFO  : Context for processor 'ps7_cortexa9_0' is selected.
12:28:46 INFO  : The application 'C:/Users/dumpherv/Desktop/Milestone_1/vga/Debug/vga.elf' is downloaded to processor 'ps7_cortexa9_0'.
12:28:46 INFO  : Context for processor 'ps7_cortexa9_1' is selected.
12:28:46 INFO  : The application 'C:/Users/dumpherv/Desktop/Milestone_1/audio/Debug/audio.elf' is downloaded to processor 'ps7_cortexa9_1'.
12:28:46 INFO  : 'configparams force-mem-access 0' command is executed.
12:28:46 INFO  : ----------------XSDB Script----------------
connect -url tcp:127.0.0.1:3121
targets -set -nocase -filter {name =~"APU*"}
rst -system
after 3000
targets -set -filter {jtag_cable_name =~ "Digilent Zed 210248469787" && level==0 && jtag_device_ctx=="jsn-Zed-210248469787-03727093-0"}
fpga -file C:/Users/dumpherv/Desktop/Milestone_1/vga/_ide/bitstream/ip_design_wrapper.bit
targets -set -nocase -filter {name =~"APU*"}
loadhw -hw C:/Users/dumpherv/Desktop/Milestone_1/MulticorePlatform/export/MulticorePlatform/hw/ip_design_wrapper.xsa -mem-ranges [list {0x40000000 0xbfffffff}] -regs
configparams force-mem-access 1
targets -set -nocase -filter {name =~"APU*"}
source C:/Users/dumpherv/Desktop/Milestone_1/vga/_ide/psinit/ps7_init.tcl
ps7_init
ps7_post_config
targets -set -nocase -filter {name =~ "*A9*#0"}
dow C:/Users/dumpherv/Desktop/Milestone_1/vga/Debug/vga.elf
targets -set -nocase -filter {name =~ "*A9*#1"}
dow C:/Users/dumpherv/Desktop/Milestone_1/audio/Debug/audio.elf
configparams force-mem-access 0
----------------End of Script----------------

12:28:46 INFO  : Context for processor 'ps7_cortexa9_0' is selected.
12:28:46 INFO  : 'con' command is executed.
12:28:46 INFO  : Context for processor 'ps7_cortexa9_1' is selected.
12:28:46 INFO  : 'con' command is executed.
12:28:46 INFO  : ----------------XSDB Script (After Launch)----------------
targets -set -nocase -filter {name =~ "*A9*#0"}
con
targets -set -nocase -filter {name =~ "*A9*#1"}
con
----------------End of Script----------------

12:28:46 INFO  : Launch script is exported to file 'C:\Users\dumpherv\Desktop\Milestone_1\vga_system\_ide\scripts\systemdebugger_vga_system_standalone.tcl'
12:37:04 INFO  : Checking for BSP changes to sync application flags for project 'vga'...
12:38:33 INFO  : Checking for BSP changes to sync application flags for project 'vga'...
12:39:12 INFO  : Checking for BSP changes to sync application flags for project 'vga'...
12:39:32 INFO  : Disconnected from the channel tcfchan#11.
12:39:50 INFO  : Connected to target on host '127.0.0.1' and port '3121'.
12:39:50 INFO  : Jtag cable 'Digilent Zed 210248469787' is selected.
12:39:50 INFO  : 'jtag frequency' command is executed.
12:39:50 INFO  : Context for 'APU' is selected.
12:39:50 INFO  : System reset is completed.
12:39:53 INFO  : 'after 3000' command is executed.
12:39:53 INFO  : 'targets -set -filter {jtag_cable_name =~ "Digilent Zed 210248469787" && level==0 && jtag_device_ctx=="jsn-Zed-210248469787-03727093-0"}' command is executed.
12:39:55 INFO  : Device configured successfully with "C:/Users/dumpherv/Desktop/Milestone_1/vga/_ide/bitstream/ip_design_wrapper.bit"
12:39:55 INFO  : Context for 'APU' is selected.
12:39:55 INFO  : Hardware design and registers information is loaded from 'C:/Users/dumpherv/Desktop/Milestone_1/MulticorePlatform/export/MulticorePlatform/hw/ip_design_wrapper.xsa'.
12:39:55 INFO  : 'configparams force-mem-access 1' command is executed.
12:39:55 INFO  : Context for 'APU' is selected.
12:39:55 INFO  : Sourcing of 'C:/Users/dumpherv/Desktop/Milestone_1/vga/_ide/psinit/ps7_init.tcl' is done.
12:39:56 INFO  : 'ps7_init' command is executed.
12:39:56 INFO  : 'ps7_post_config' command is executed.
12:39:56 INFO  : Context for processor 'ps7_cortexa9_0' is selected.
12:39:56 INFO  : The application 'C:/Users/dumpherv/Desktop/Milestone_1/vga/Debug/vga.elf' is downloaded to processor 'ps7_cortexa9_0'.
12:39:56 INFO  : Context for processor 'ps7_cortexa9_1' is selected.
12:39:56 INFO  : The application 'C:/Users/dumpherv/Desktop/Milestone_1/audio/Debug/audio.elf' is downloaded to processor 'ps7_cortexa9_1'.
12:39:56 INFO  : 'configparams force-mem-access 0' command is executed.
12:39:56 INFO  : ----------------XSDB Script----------------
connect -url tcp:127.0.0.1:3121
targets -set -nocase -filter {name =~"APU*"}
rst -system
after 3000
targets -set -filter {jtag_cable_name =~ "Digilent Zed 210248469787" && level==0 && jtag_device_ctx=="jsn-Zed-210248469787-03727093-0"}
fpga -file C:/Users/dumpherv/Desktop/Milestone_1/vga/_ide/bitstream/ip_design_wrapper.bit
targets -set -nocase -filter {name =~"APU*"}
loadhw -hw C:/Users/dumpherv/Desktop/Milestone_1/MulticorePlatform/export/MulticorePlatform/hw/ip_design_wrapper.xsa -mem-ranges [list {0x40000000 0xbfffffff}] -regs
configparams force-mem-access 1
targets -set -nocase -filter {name =~"APU*"}
source C:/Users/dumpherv/Desktop/Milestone_1/vga/_ide/psinit/ps7_init.tcl
ps7_init
ps7_post_config
targets -set -nocase -filter {name =~ "*A9*#0"}
dow C:/Users/dumpherv/Desktop/Milestone_1/vga/Debug/vga.elf
targets -set -nocase -filter {name =~ "*A9*#1"}
dow C:/Users/dumpherv/Desktop/Milestone_1/audio/Debug/audio.elf
configparams force-mem-access 0
----------------End of Script----------------

12:39:56 INFO  : Context for processor 'ps7_cortexa9_0' is selected.
12:39:56 INFO  : 'con' command is executed.
12:39:56 INFO  : Context for processor 'ps7_cortexa9_1' is selected.
12:39:56 INFO  : 'con' command is executed.
12:39:56 INFO  : ----------------XSDB Script (After Launch)----------------
targets -set -nocase -filter {name =~ "*A9*#0"}
con
targets -set -nocase -filter {name =~ "*A9*#1"}
con
----------------End of Script----------------

12:39:56 INFO  : Launch script is exported to file 'C:\Users\dumpherv\Desktop\Milestone_1\vga_system\_ide\scripts\systemdebugger_vga_system_standalone.tcl'
12:40:40 INFO  : Disconnected from the channel tcfchan#12.
12:40:40 INFO  : Connected to target on host '127.0.0.1' and port '3121'.
12:40:40 INFO  : Jtag cable 'Digilent Zed 210248469787' is selected.
12:40:40 INFO  : 'jtag frequency' command is executed.
12:40:40 INFO  : Context for 'APU' is selected.
12:40:41 INFO  : System reset is completed.
12:40:44 INFO  : 'after 3000' command is executed.
12:40:44 INFO  : 'targets -set -filter {jtag_cable_name =~ "Digilent Zed 210248469787" && level==0 && jtag_device_ctx=="jsn-Zed-210248469787-03727093-0"}' command is executed.
12:40:46 INFO  : Device configured successfully with "C:/Users/dumpherv/Desktop/Milestone_1/vga/_ide/bitstream/ip_design_wrapper.bit"
12:40:46 INFO  : Context for 'APU' is selected.
12:40:46 INFO  : Hardware design and registers information is loaded from 'C:/Users/dumpherv/Desktop/Milestone_1/MulticorePlatform/export/MulticorePlatform/hw/ip_design_wrapper.xsa'.
12:40:46 INFO  : 'configparams force-mem-access 1' command is executed.
12:40:46 INFO  : Context for 'APU' is selected.
12:40:46 INFO  : Sourcing of 'C:/Users/dumpherv/Desktop/Milestone_1/vga/_ide/psinit/ps7_init.tcl' is done.
12:40:46 INFO  : 'ps7_init' command is executed.
12:40:46 INFO  : 'ps7_post_config' command is executed.
12:40:46 INFO  : Context for processor 'ps7_cortexa9_0' is selected.
12:40:46 INFO  : The application 'C:/Users/dumpherv/Desktop/Milestone_1/vga/Debug/vga.elf' is downloaded to processor 'ps7_cortexa9_0'.
12:40:46 INFO  : Context for processor 'ps7_cortexa9_1' is selected.
12:40:47 INFO  : The application 'C:/Users/dumpherv/Desktop/Milestone_1/audio/Debug/audio.elf' is downloaded to processor 'ps7_cortexa9_1'.
12:40:47 INFO  : 'configparams force-mem-access 0' command is executed.
12:40:47 INFO  : ----------------XSDB Script----------------
connect -url tcp:127.0.0.1:3121
targets -set -nocase -filter {name =~"APU*"}
rst -system
after 3000
targets -set -filter {jtag_cable_name =~ "Digilent Zed 210248469787" && level==0 && jtag_device_ctx=="jsn-Zed-210248469787-03727093-0"}
fpga -file C:/Users/dumpherv/Desktop/Milestone_1/vga/_ide/bitstream/ip_design_wrapper.bit
targets -set -nocase -filter {name =~"APU*"}
loadhw -hw C:/Users/dumpherv/Desktop/Milestone_1/MulticorePlatform/export/MulticorePlatform/hw/ip_design_wrapper.xsa -mem-ranges [list {0x40000000 0xbfffffff}] -regs
configparams force-mem-access 1
targets -set -nocase -filter {name =~"APU*"}
source C:/Users/dumpherv/Desktop/Milestone_1/vga/_ide/psinit/ps7_init.tcl
ps7_init
ps7_post_config
targets -set -nocase -filter {name =~ "*A9*#0"}
dow C:/Users/dumpherv/Desktop/Milestone_1/vga/Debug/vga.elf
targets -set -nocase -filter {name =~ "*A9*#1"}
dow C:/Users/dumpherv/Desktop/Milestone_1/audio/Debug/audio.elf
configparams force-mem-access 0
----------------End of Script----------------

12:40:47 INFO  : Context for processor 'ps7_cortexa9_0' is selected.
12:40:47 INFO  : 'con' command is executed.
12:40:47 INFO  : Context for processor 'ps7_cortexa9_1' is selected.
12:40:47 INFO  : 'con' command is executed.
12:40:47 INFO  : ----------------XSDB Script (After Launch)----------------
targets -set -nocase -filter {name =~ "*A9*#0"}
con
targets -set -nocase -filter {name =~ "*A9*#1"}
con
----------------End of Script----------------

12:40:47 INFO  : Launch script is exported to file 'C:\Users\dumpherv\Desktop\Milestone_1\vga_system\_ide\scripts\systemdebugger_vga_system_standalone.tcl'
12:45:59 INFO  : Disconnected from the channel tcfchan#13.
12:45:59 INFO  : Connected to target on host '127.0.0.1' and port '3121'.
12:45:59 INFO  : Jtag cable 'Digilent Zed 210248469787' is selected.
12:45:59 INFO  : 'jtag frequency' command is executed.
12:46:00 INFO  : Context for 'APU' is selected.
12:46:00 INFO  : System reset is completed.
12:46:03 INFO  : 'after 3000' command is executed.
12:46:03 INFO  : 'targets -set -filter {jtag_cable_name =~ "Digilent Zed 210248469787" && level==0 && jtag_device_ctx=="jsn-Zed-210248469787-03727093-0"}' command is executed.
12:46:05 INFO  : Device configured successfully with "C:/Users/dumpherv/Desktop/Milestone_1/vga/_ide/bitstream/ip_design_wrapper.bit"
12:46:05 INFO  : Context for 'APU' is selected.
12:46:05 INFO  : Hardware design and registers information is loaded from 'C:/Users/dumpherv/Desktop/Milestone_1/MulticorePlatform/export/MulticorePlatform/hw/ip_design_wrapper.xsa'.
12:46:05 INFO  : 'configparams force-mem-access 1' command is executed.
12:46:05 INFO  : Context for 'APU' is selected.
12:46:05 INFO  : Sourcing of 'C:/Users/dumpherv/Desktop/Milestone_1/vga/_ide/psinit/ps7_init.tcl' is done.
12:46:05 INFO  : 'ps7_init' command is executed.
12:46:05 INFO  : 'ps7_post_config' command is executed.
12:46:05 INFO  : Context for processor 'ps7_cortexa9_0' is selected.
12:46:05 INFO  : The application 'C:/Users/dumpherv/Desktop/Milestone_1/vga/Debug/vga.elf' is downloaded to processor 'ps7_cortexa9_0'.
12:46:05 INFO  : Context for processor 'ps7_cortexa9_1' is selected.
12:46:06 INFO  : The application 'C:/Users/dumpherv/Desktop/Milestone_1/audio/Debug/audio.elf' is downloaded to processor 'ps7_cortexa9_1'.
12:46:06 INFO  : 'configparams force-mem-access 0' command is executed.
12:46:06 INFO  : ----------------XSDB Script----------------
connect -url tcp:127.0.0.1:3121
targets -set -nocase -filter {name =~"APU*"}
rst -system
after 3000
targets -set -filter {jtag_cable_name =~ "Digilent Zed 210248469787" && level==0 && jtag_device_ctx=="jsn-Zed-210248469787-03727093-0"}
fpga -file C:/Users/dumpherv/Desktop/Milestone_1/vga/_ide/bitstream/ip_design_wrapper.bit
targets -set -nocase -filter {name =~"APU*"}
loadhw -hw C:/Users/dumpherv/Desktop/Milestone_1/MulticorePlatform/export/MulticorePlatform/hw/ip_design_wrapper.xsa -mem-ranges [list {0x40000000 0xbfffffff}] -regs
configparams force-mem-access 1
targets -set -nocase -filter {name =~"APU*"}
source C:/Users/dumpherv/Desktop/Milestone_1/vga/_ide/psinit/ps7_init.tcl
ps7_init
ps7_post_config
targets -set -nocase -filter {name =~ "*A9*#0"}
dow C:/Users/dumpherv/Desktop/Milestone_1/vga/Debug/vga.elf
targets -set -nocase -filter {name =~ "*A9*#1"}
dow C:/Users/dumpherv/Desktop/Milestone_1/audio/Debug/audio.elf
configparams force-mem-access 0
----------------End of Script----------------

12:46:06 INFO  : Context for processor 'ps7_cortexa9_0' is selected.
12:46:06 INFO  : 'con' command is executed.
12:46:06 INFO  : Context for processor 'ps7_cortexa9_1' is selected.
12:46:06 INFO  : 'con' command is executed.
12:46:06 INFO  : ----------------XSDB Script (After Launch)----------------
targets -set -nocase -filter {name =~ "*A9*#0"}
con
targets -set -nocase -filter {name =~ "*A9*#1"}
con
----------------End of Script----------------

12:46:06 INFO  : Launch script is exported to file 'C:\Users\dumpherv\Desktop\Milestone_1\vga_system\_ide\scripts\systemdebugger_vga_system_standalone.tcl'
12:48:23 INFO  : Result from executing command 'getProjects': MulticorePlatform
12:48:23 INFO  : Result from executing command 'getPlatforms': MulticorePlatform|C:/Users/dumpherv/Desktop/Milestone_1/MulticorePlatform/export/MulticorePlatform/MulticorePlatform.xpfm
12:48:23 INFO  : Checking for BSP changes to sync application flags for project 'audio'...
12:48:26 INFO  : Checking for BSP changes to sync application flags for project 'vga'...
12:48:55 INFO  : Disconnected from the channel tcfchan#14.
12:48:56 INFO  : Connected to target on host '127.0.0.1' and port '3121'.
12:48:56 INFO  : Jtag cable 'Digilent Zed 210248469787' is selected.
12:48:56 INFO  : 'jtag frequency' command is executed.
12:48:56 INFO  : Context for 'APU' is selected.
12:48:56 INFO  : System reset is completed.
12:48:59 INFO  : 'after 3000' command is executed.
12:48:59 INFO  : 'targets -set -filter {jtag_cable_name =~ "Digilent Zed 210248469787" && level==0 && jtag_device_ctx=="jsn-Zed-210248469787-03727093-0"}' command is executed.
12:49:01 INFO  : Device configured successfully with "C:/Users/dumpherv/Desktop/Milestone_1/vga/_ide/bitstream/ip_design_wrapper.bit"
12:49:01 INFO  : Context for 'APU' is selected.
12:49:01 INFO  : Hardware design and registers information is loaded from 'C:/Users/dumpherv/Desktop/Milestone_1/MulticorePlatform/export/MulticorePlatform/hw/ip_design_wrapper.xsa'.
12:49:01 INFO  : 'configparams force-mem-access 1' command is executed.
12:49:01 INFO  : Context for 'APU' is selected.
12:49:01 INFO  : Sourcing of 'C:/Users/dumpherv/Desktop/Milestone_1/vga/_ide/psinit/ps7_init.tcl' is done.
12:49:01 INFO  : 'ps7_init' command is executed.
12:49:01 INFO  : 'ps7_post_config' command is executed.
12:49:01 INFO  : Context for processor 'ps7_cortexa9_0' is selected.
12:49:02 INFO  : The application 'C:/Users/dumpherv/Desktop/Milestone_1/vga/Debug/vga.elf' is downloaded to processor 'ps7_cortexa9_0'.
12:49:02 INFO  : Context for processor 'ps7_cortexa9_1' is selected.
12:49:02 INFO  : The application 'C:/Users/dumpherv/Desktop/Milestone_1/audio/Debug/audio.elf' is downloaded to processor 'ps7_cortexa9_1'.
12:49:02 INFO  : 'configparams force-mem-access 0' command is executed.
12:49:02 INFO  : ----------------XSDB Script----------------
connect -url tcp:127.0.0.1:3121
targets -set -nocase -filter {name =~"APU*"}
rst -system
after 3000
targets -set -filter {jtag_cable_name =~ "Digilent Zed 210248469787" && level==0 && jtag_device_ctx=="jsn-Zed-210248469787-03727093-0"}
fpga -file C:/Users/dumpherv/Desktop/Milestone_1/vga/_ide/bitstream/ip_design_wrapper.bit
targets -set -nocase -filter {name =~"APU*"}
loadhw -hw C:/Users/dumpherv/Desktop/Milestone_1/MulticorePlatform/export/MulticorePlatform/hw/ip_design_wrapper.xsa -mem-ranges [list {0x40000000 0xbfffffff}] -regs
configparams force-mem-access 1
targets -set -nocase -filter {name =~"APU*"}
source C:/Users/dumpherv/Desktop/Milestone_1/vga/_ide/psinit/ps7_init.tcl
ps7_init
ps7_post_config
targets -set -nocase -filter {name =~ "*A9*#0"}
dow C:/Users/dumpherv/Desktop/Milestone_1/vga/Debug/vga.elf
targets -set -nocase -filter {name =~ "*A9*#1"}
dow C:/Users/dumpherv/Desktop/Milestone_1/audio/Debug/audio.elf
configparams force-mem-access 0
----------------End of Script----------------

12:49:02 INFO  : Context for processor 'ps7_cortexa9_0' is selected.
12:49:02 INFO  : 'con' command is executed.
12:49:02 INFO  : Context for processor 'ps7_cortexa9_1' is selected.
12:49:02 INFO  : 'con' command is executed.
12:49:02 INFO  : ----------------XSDB Script (After Launch)----------------
targets -set -nocase -filter {name =~ "*A9*#0"}
con
targets -set -nocase -filter {name =~ "*A9*#1"}
con
----------------End of Script----------------

12:49:02 INFO  : Launch script is exported to file 'C:\Users\dumpherv\Desktop\Milestone_1\vga_system\_ide\scripts\systemdebugger_vga_system_standalone.tcl'
12:51:43 INFO  : Checking for BSP changes to sync application flags for project 'vga'...
12:51:50 INFO  : Disconnected from the channel tcfchan#18.
12:51:50 INFO  : Connected to target on host '127.0.0.1' and port '3121'.
12:51:50 INFO  : Jtag cable 'Digilent Zed 210248469787' is selected.
12:51:50 INFO  : 'jtag frequency' command is executed.
12:51:50 INFO  : Context for 'APU' is selected.
12:51:50 INFO  : System reset is completed.
12:51:53 INFO  : 'after 3000' command is executed.
12:51:53 INFO  : 'targets -set -filter {jtag_cable_name =~ "Digilent Zed 210248469787" && level==0 && jtag_device_ctx=="jsn-Zed-210248469787-03727093-0"}' command is executed.
12:51:56 INFO  : Device configured successfully with "C:/Users/dumpherv/Desktop/Milestone_1/vga/_ide/bitstream/ip_design_wrapper.bit"
12:51:56 INFO  : Context for 'APU' is selected.
12:51:56 INFO  : Hardware design and registers information is loaded from 'C:/Users/dumpherv/Desktop/Milestone_1/MulticorePlatform/export/MulticorePlatform/hw/ip_design_wrapper.xsa'.
12:51:56 INFO  : 'configparams force-mem-access 1' command is executed.
12:51:56 INFO  : Context for 'APU' is selected.
12:51:56 INFO  : Sourcing of 'C:/Users/dumpherv/Desktop/Milestone_1/vga/_ide/psinit/ps7_init.tcl' is done.
12:51:56 INFO  : 'ps7_init' command is executed.
12:51:56 INFO  : 'ps7_post_config' command is executed.
12:51:56 INFO  : Context for processor 'ps7_cortexa9_0' is selected.
12:51:56 INFO  : The application 'C:/Users/dumpherv/Desktop/Milestone_1/vga/Debug/vga.elf' is downloaded to processor 'ps7_cortexa9_0'.
12:51:56 INFO  : Context for processor 'ps7_cortexa9_1' is selected.
12:51:56 INFO  : The application 'C:/Users/dumpherv/Desktop/Milestone_1/audio/Debug/audio.elf' is downloaded to processor 'ps7_cortexa9_1'.
12:51:56 INFO  : 'configparams force-mem-access 0' command is executed.
12:51:56 INFO  : ----------------XSDB Script----------------
connect -url tcp:127.0.0.1:3121
targets -set -nocase -filter {name =~"APU*"}
rst -system
after 3000
targets -set -filter {jtag_cable_name =~ "Digilent Zed 210248469787" && level==0 && jtag_device_ctx=="jsn-Zed-210248469787-03727093-0"}
fpga -file C:/Users/dumpherv/Desktop/Milestone_1/vga/_ide/bitstream/ip_design_wrapper.bit
targets -set -nocase -filter {name =~"APU*"}
loadhw -hw C:/Users/dumpherv/Desktop/Milestone_1/MulticorePlatform/export/MulticorePlatform/hw/ip_design_wrapper.xsa -mem-ranges [list {0x40000000 0xbfffffff}] -regs
configparams force-mem-access 1
targets -set -nocase -filter {name =~"APU*"}
source C:/Users/dumpherv/Desktop/Milestone_1/vga/_ide/psinit/ps7_init.tcl
ps7_init
ps7_post_config
targets -set -nocase -filter {name =~ "*A9*#0"}
dow C:/Users/dumpherv/Desktop/Milestone_1/vga/Debug/vga.elf
targets -set -nocase -filter {name =~ "*A9*#1"}
dow C:/Users/dumpherv/Desktop/Milestone_1/audio/Debug/audio.elf
configparams force-mem-access 0
----------------End of Script----------------

12:51:56 INFO  : Context for processor 'ps7_cortexa9_0' is selected.
12:51:56 INFO  : 'con' command is executed.
12:51:56 INFO  : Context for processor 'ps7_cortexa9_1' is selected.
12:51:57 INFO  : 'con' command is executed.
12:51:57 INFO  : ----------------XSDB Script (After Launch)----------------
targets -set -nocase -filter {name =~ "*A9*#0"}
con
targets -set -nocase -filter {name =~ "*A9*#1"}
con
----------------End of Script----------------

12:51:57 INFO  : Launch script is exported to file 'C:\Users\dumpherv\Desktop\Milestone_1\vga_system\_ide\scripts\systemdebugger_vga_system_standalone.tcl'
12:53:00 INFO  : Checking for BSP changes to sync application flags for project 'vga'...
12:53:15 INFO  : Disconnected from the channel tcfchan#19.
12:53:15 INFO  : Connected to target on host '127.0.0.1' and port '3121'.
12:53:15 INFO  : Jtag cable 'Digilent Zed 210248469787' is selected.
12:53:15 INFO  : 'jtag frequency' command is executed.
12:53:15 INFO  : Context for 'APU' is selected.
12:53:15 INFO  : System reset is completed.
12:53:19 INFO  : 'after 3000' command is executed.
12:53:19 INFO  : 'targets -set -filter {jtag_cable_name =~ "Digilent Zed 210248469787" && level==0 && jtag_device_ctx=="jsn-Zed-210248469787-03727093-0"}' command is executed.
12:53:21 INFO  : Device configured successfully with "C:/Users/dumpherv/Desktop/Milestone_1/vga/_ide/bitstream/ip_design_wrapper.bit"
12:53:21 INFO  : Context for 'APU' is selected.
12:53:21 INFO  : Hardware design and registers information is loaded from 'C:/Users/dumpherv/Desktop/Milestone_1/MulticorePlatform/export/MulticorePlatform/hw/ip_design_wrapper.xsa'.
12:53:21 INFO  : 'configparams force-mem-access 1' command is executed.
12:53:21 INFO  : Context for 'APU' is selected.
12:53:21 INFO  : Sourcing of 'C:/Users/dumpherv/Desktop/Milestone_1/vga/_ide/psinit/ps7_init.tcl' is done.
12:53:21 INFO  : 'ps7_init' command is executed.
12:53:21 INFO  : 'ps7_post_config' command is executed.
12:53:21 INFO  : Context for processor 'ps7_cortexa9_0' is selected.
12:53:21 INFO  : The application 'C:/Users/dumpherv/Desktop/Milestone_1/vga/Debug/vga.elf' is downloaded to processor 'ps7_cortexa9_0'.
12:53:21 INFO  : Context for processor 'ps7_cortexa9_1' is selected.
12:53:22 INFO  : The application 'C:/Users/dumpherv/Desktop/Milestone_1/audio/Debug/audio.elf' is downloaded to processor 'ps7_cortexa9_1'.
12:53:22 INFO  : 'configparams force-mem-access 0' command is executed.
12:53:22 INFO  : ----------------XSDB Script----------------
connect -url tcp:127.0.0.1:3121
targets -set -nocase -filter {name =~"APU*"}
rst -system
after 3000
targets -set -filter {jtag_cable_name =~ "Digilent Zed 210248469787" && level==0 && jtag_device_ctx=="jsn-Zed-210248469787-03727093-0"}
fpga -file C:/Users/dumpherv/Desktop/Milestone_1/vga/_ide/bitstream/ip_design_wrapper.bit
targets -set -nocase -filter {name =~"APU*"}
loadhw -hw C:/Users/dumpherv/Desktop/Milestone_1/MulticorePlatform/export/MulticorePlatform/hw/ip_design_wrapper.xsa -mem-ranges [list {0x40000000 0xbfffffff}] -regs
configparams force-mem-access 1
targets -set -nocase -filter {name =~"APU*"}
source C:/Users/dumpherv/Desktop/Milestone_1/vga/_ide/psinit/ps7_init.tcl
ps7_init
ps7_post_config
targets -set -nocase -filter {name =~ "*A9*#0"}
dow C:/Users/dumpherv/Desktop/Milestone_1/vga/Debug/vga.elf
targets -set -nocase -filter {name =~ "*A9*#1"}
dow C:/Users/dumpherv/Desktop/Milestone_1/audio/Debug/audio.elf
configparams force-mem-access 0
----------------End of Script----------------

12:53:22 INFO  : Context for processor 'ps7_cortexa9_0' is selected.
12:53:22 INFO  : 'con' command is executed.
12:53:22 INFO  : Context for processor 'ps7_cortexa9_1' is selected.
12:53:22 INFO  : 'con' command is executed.
12:53:22 INFO  : ----------------XSDB Script (After Launch)----------------
targets -set -nocase -filter {name =~ "*A9*#0"}
con
targets -set -nocase -filter {name =~ "*A9*#1"}
con
----------------End of Script----------------

12:53:22 INFO  : Launch script is exported to file 'C:\Users\dumpherv\Desktop\Milestone_1\vga_system\_ide\scripts\systemdebugger_vga_system_standalone.tcl'
12:54:03 INFO  : Checking for BSP changes to sync application flags for project 'vga'...
12:54:29 INFO  : Checking for BSP changes to sync application flags for project 'audio'...
12:54:30 INFO  : Checking for BSP changes to sync application flags for project 'vga'...
12:54:44 INFO  : Checking for BSP changes to sync application flags for project 'audio'...
12:54:45 INFO  : Checking for BSP changes to sync application flags for project 'vga'...
12:54:59 INFO  : Disconnected from the channel tcfchan#20.
12:54:59 INFO  : Connected to target on host '127.0.0.1' and port '3121'.
12:54:59 INFO  : Jtag cable 'Digilent Zed 210248469787' is selected.
12:54:59 INFO  : 'jtag frequency' command is executed.
12:54:59 INFO  : Context for 'APU' is selected.
12:54:59 INFO  : System reset is completed.
12:55:02 INFO  : 'after 3000' command is executed.
12:55:02 INFO  : 'targets -set -filter {jtag_cable_name =~ "Digilent Zed 210248469787" && level==0 && jtag_device_ctx=="jsn-Zed-210248469787-03727093-0"}' command is executed.
12:55:04 INFO  : Device configured successfully with "C:/Users/dumpherv/Desktop/Milestone_1/vga/_ide/bitstream/ip_design_wrapper.bit"
12:55:04 INFO  : Context for 'APU' is selected.
12:55:04 INFO  : Hardware design and registers information is loaded from 'C:/Users/dumpherv/Desktop/Milestone_1/MulticorePlatform/export/MulticorePlatform/hw/ip_design_wrapper.xsa'.
12:55:04 INFO  : 'configparams force-mem-access 1' command is executed.
12:55:04 INFO  : Context for 'APU' is selected.
12:55:04 INFO  : Sourcing of 'C:/Users/dumpherv/Desktop/Milestone_1/vga/_ide/psinit/ps7_init.tcl' is done.
12:55:05 INFO  : 'ps7_init' command is executed.
12:55:05 INFO  : 'ps7_post_config' command is executed.
12:55:05 INFO  : Context for processor 'ps7_cortexa9_0' is selected.
12:55:05 INFO  : The application 'C:/Users/dumpherv/Desktop/Milestone_1/vga/Debug/vga.elf' is downloaded to processor 'ps7_cortexa9_0'.
12:55:05 INFO  : Context for processor 'ps7_cortexa9_1' is selected.
12:55:05 INFO  : The application 'C:/Users/dumpherv/Desktop/Milestone_1/audio/Debug/audio.elf' is downloaded to processor 'ps7_cortexa9_1'.
12:55:05 INFO  : 'configparams force-mem-access 0' command is executed.
12:55:05 INFO  : ----------------XSDB Script----------------
connect -url tcp:127.0.0.1:3121
targets -set -nocase -filter {name =~"APU*"}
rst -system
after 3000
targets -set -filter {jtag_cable_name =~ "Digilent Zed 210248469787" && level==0 && jtag_device_ctx=="jsn-Zed-210248469787-03727093-0"}
fpga -file C:/Users/dumpherv/Desktop/Milestone_1/vga/_ide/bitstream/ip_design_wrapper.bit
targets -set -nocase -filter {name =~"APU*"}
loadhw -hw C:/Users/dumpherv/Desktop/Milestone_1/MulticorePlatform/export/MulticorePlatform/hw/ip_design_wrapper.xsa -mem-ranges [list {0x40000000 0xbfffffff}] -regs
configparams force-mem-access 1
targets -set -nocase -filter {name =~"APU*"}
source C:/Users/dumpherv/Desktop/Milestone_1/vga/_ide/psinit/ps7_init.tcl
ps7_init
ps7_post_config
targets -set -nocase -filter {name =~ "*A9*#0"}
dow C:/Users/dumpherv/Desktop/Milestone_1/vga/Debug/vga.elf
targets -set -nocase -filter {name =~ "*A9*#1"}
dow C:/Users/dumpherv/Desktop/Milestone_1/audio/Debug/audio.elf
configparams force-mem-access 0
----------------End of Script----------------

12:55:05 INFO  : Context for processor 'ps7_cortexa9_0' is selected.
12:55:05 INFO  : 'con' command is executed.
12:55:05 INFO  : Context for processor 'ps7_cortexa9_1' is selected.
12:55:05 INFO  : 'con' command is executed.
12:55:05 INFO  : ----------------XSDB Script (After Launch)----------------
targets -set -nocase -filter {name =~ "*A9*#0"}
con
targets -set -nocase -filter {name =~ "*A9*#1"}
con
----------------End of Script----------------

12:55:05 INFO  : Launch script is exported to file 'C:\Users\dumpherv\Desktop\Milestone_1\vga_system\_ide\scripts\systemdebugger_vga_system_standalone.tcl'
13:23:15 INFO  : Checking for BSP changes to sync application flags for project 'vga'...
13:23:28 INFO  : Disconnected from the channel tcfchan#23.
13:23:28 INFO  : Connected to target on host '127.0.0.1' and port '3121'.
13:23:28 INFO  : Jtag cable 'Digilent Zed 210248469787' is selected.
13:23:28 INFO  : 'jtag frequency' command is executed.
13:23:28 INFO  : Context for 'APU' is selected.
13:23:28 INFO  : System reset is completed.
13:23:31 INFO  : 'after 3000' command is executed.
13:23:31 INFO  : 'targets -set -filter {jtag_cable_name =~ "Digilent Zed 210248469787" && level==0 && jtag_device_ctx=="jsn-Zed-210248469787-03727093-0"}' command is executed.
13:23:34 INFO  : Device configured successfully with "C:/Users/dumpherv/Desktop/Milestone_1/vga/_ide/bitstream/ip_design_wrapper.bit"
13:23:34 INFO  : Context for 'APU' is selected.
13:23:34 INFO  : Hardware design and registers information is loaded from 'C:/Users/dumpherv/Desktop/Milestone_1/MulticorePlatform/export/MulticorePlatform/hw/ip_design_wrapper.xsa'.
13:23:34 INFO  : 'configparams force-mem-access 1' command is executed.
13:23:34 INFO  : Context for 'APU' is selected.
13:23:34 INFO  : Sourcing of 'C:/Users/dumpherv/Desktop/Milestone_1/vga/_ide/psinit/ps7_init.tcl' is done.
13:23:34 INFO  : 'ps7_init' command is executed.
13:23:34 INFO  : 'ps7_post_config' command is executed.
13:23:34 INFO  : Context for processor 'ps7_cortexa9_0' is selected.
13:23:34 INFO  : The application 'C:/Users/dumpherv/Desktop/Milestone_1/vga/Debug/vga.elf' is downloaded to processor 'ps7_cortexa9_0'.
13:23:34 INFO  : Context for processor 'ps7_cortexa9_1' is selected.
13:23:34 INFO  : The application 'C:/Users/dumpherv/Desktop/Milestone_1/audio/Debug/audio.elf' is downloaded to processor 'ps7_cortexa9_1'.
13:23:34 INFO  : 'configparams force-mem-access 0' command is executed.
13:23:34 INFO  : ----------------XSDB Script----------------
connect -url tcp:127.0.0.1:3121
targets -set -nocase -filter {name =~"APU*"}
rst -system
after 3000
targets -set -filter {jtag_cable_name =~ "Digilent Zed 210248469787" && level==0 && jtag_device_ctx=="jsn-Zed-210248469787-03727093-0"}
fpga -file C:/Users/dumpherv/Desktop/Milestone_1/vga/_ide/bitstream/ip_design_wrapper.bit
targets -set -nocase -filter {name =~"APU*"}
loadhw -hw C:/Users/dumpherv/Desktop/Milestone_1/MulticorePlatform/export/MulticorePlatform/hw/ip_design_wrapper.xsa -mem-ranges [list {0x40000000 0xbfffffff}] -regs
configparams force-mem-access 1
targets -set -nocase -filter {name =~"APU*"}
source C:/Users/dumpherv/Desktop/Milestone_1/vga/_ide/psinit/ps7_init.tcl
ps7_init
ps7_post_config
targets -set -nocase -filter {name =~ "*A9*#0"}
dow C:/Users/dumpherv/Desktop/Milestone_1/vga/Debug/vga.elf
targets -set -nocase -filter {name =~ "*A9*#1"}
dow C:/Users/dumpherv/Desktop/Milestone_1/audio/Debug/audio.elf
configparams force-mem-access 0
----------------End of Script----------------

13:23:35 INFO  : Context for processor 'ps7_cortexa9_0' is selected.
13:23:35 INFO  : 'con' command is executed.
13:23:35 INFO  : Context for processor 'ps7_cortexa9_1' is selected.
13:23:35 INFO  : 'con' command is executed.
13:23:35 INFO  : ----------------XSDB Script (After Launch)----------------
targets -set -nocase -filter {name =~ "*A9*#0"}
con
targets -set -nocase -filter {name =~ "*A9*#1"}
con
----------------End of Script----------------

13:23:35 INFO  : Launch script is exported to file 'C:\Users\dumpherv\Desktop\Milestone_1\vga_system\_ide\scripts\systemdebugger_vga_system_standalone.tcl'
13:34:19 INFO  : Disconnected from the channel tcfchan#24.
13:34:19 INFO  : Connected to target on host '127.0.0.1' and port '3121'.
13:34:19 INFO  : Jtag cable 'Digilent Zed 210248469787' is selected.
13:34:19 INFO  : 'jtag frequency' command is executed.
13:34:19 INFO  : Context for 'APU' is selected.
13:34:19 INFO  : System reset is completed.
13:34:22 INFO  : 'after 3000' command is executed.
13:34:22 INFO  : 'targets -set -filter {jtag_cable_name =~ "Digilent Zed 210248469787" && level==0 && jtag_device_ctx=="jsn-Zed-210248469787-03727093-0"}' command is executed.
13:34:25 INFO  : Device configured successfully with "C:/Users/dumpherv/Desktop/Milestone_1/vga/_ide/bitstream/ip_design_wrapper.bit"
13:34:25 INFO  : Context for 'APU' is selected.
13:34:25 INFO  : Hardware design and registers information is loaded from 'C:/Users/dumpherv/Desktop/Milestone_1/MulticorePlatform/export/MulticorePlatform/hw/ip_design_wrapper.xsa'.
13:34:25 INFO  : 'configparams force-mem-access 1' command is executed.
13:34:25 INFO  : Context for 'APU' is selected.
13:34:25 INFO  : Sourcing of 'C:/Users/dumpherv/Desktop/Milestone_1/vga/_ide/psinit/ps7_init.tcl' is done.
13:34:25 INFO  : 'ps7_init' command is executed.
13:34:25 INFO  : 'ps7_post_config' command is executed.
13:34:25 INFO  : Context for processor 'ps7_cortexa9_0' is selected.
13:34:25 INFO  : The application 'C:/Users/dumpherv/Desktop/Milestone_1/vga/Debug/vga.elf' is downloaded to processor 'ps7_cortexa9_0'.
13:34:25 INFO  : Context for processor 'ps7_cortexa9_1' is selected.
13:34:25 INFO  : The application 'C:/Users/dumpherv/Desktop/Milestone_1/audio/Debug/audio.elf' is downloaded to processor 'ps7_cortexa9_1'.
13:34:25 INFO  : 'configparams force-mem-access 0' command is executed.
13:34:25 INFO  : ----------------XSDB Script----------------
connect -url tcp:127.0.0.1:3121
targets -set -nocase -filter {name =~"APU*"}
rst -system
after 3000
targets -set -filter {jtag_cable_name =~ "Digilent Zed 210248469787" && level==0 && jtag_device_ctx=="jsn-Zed-210248469787-03727093-0"}
fpga -file C:/Users/dumpherv/Desktop/Milestone_1/vga/_ide/bitstream/ip_design_wrapper.bit
targets -set -nocase -filter {name =~"APU*"}
loadhw -hw C:/Users/dumpherv/Desktop/Milestone_1/MulticorePlatform/export/MulticorePlatform/hw/ip_design_wrapper.xsa -mem-ranges [list {0x40000000 0xbfffffff}] -regs
configparams force-mem-access 1
targets -set -nocase -filter {name =~"APU*"}
source C:/Users/dumpherv/Desktop/Milestone_1/vga/_ide/psinit/ps7_init.tcl
ps7_init
ps7_post_config
targets -set -nocase -filter {name =~ "*A9*#0"}
dow C:/Users/dumpherv/Desktop/Milestone_1/vga/Debug/vga.elf
targets -set -nocase -filter {name =~ "*A9*#1"}
dow C:/Users/dumpherv/Desktop/Milestone_1/audio/Debug/audio.elf
configparams force-mem-access 0
----------------End of Script----------------

13:34:26 INFO  : Context for processor 'ps7_cortexa9_0' is selected.
13:34:26 INFO  : 'con' command is executed.
13:34:26 INFO  : Context for processor 'ps7_cortexa9_1' is selected.
13:34:26 INFO  : 'con' command is executed.
13:34:26 INFO  : ----------------XSDB Script (After Launch)----------------
targets -set -nocase -filter {name =~ "*A9*#0"}
con
targets -set -nocase -filter {name =~ "*A9*#1"}
con
----------------End of Script----------------

13:34:26 INFO  : Launch script is exported to file 'C:\Users\dumpherv\Desktop\Milestone_1\vga_system\_ide\scripts\systemdebugger_vga_system_standalone.tcl'
13:36:19 INFO  : Checking for BSP changes to sync application flags for project 'audio'...
13:36:19 INFO  : Checking for BSP changes to sync application flags for project 'vga'...
13:36:37 INFO  : Disconnected from the channel tcfchan#25.
13:36:38 INFO  : Connected to target on host '127.0.0.1' and port '3121'.
13:36:38 INFO  : Jtag cable 'Digilent Zed 210248469787' is selected.
13:36:38 INFO  : 'jtag frequency' command is executed.
13:36:38 INFO  : Context for 'APU' is selected.
13:36:38 INFO  : System reset is completed.
13:36:41 INFO  : 'after 3000' command is executed.
13:36:41 INFO  : 'targets -set -filter {jtag_cable_name =~ "Digilent Zed 210248469787" && level==0 && jtag_device_ctx=="jsn-Zed-210248469787-03727093-0"}' command is executed.
13:36:43 INFO  : Device configured successfully with "C:/Users/dumpherv/Desktop/Milestone_1/vga/_ide/bitstream/ip_design_wrapper.bit"
13:36:43 INFO  : Context for 'APU' is selected.
13:36:43 INFO  : Hardware design and registers information is loaded from 'C:/Users/dumpherv/Desktop/Milestone_1/MulticorePlatform/export/MulticorePlatform/hw/ip_design_wrapper.xsa'.
13:36:43 INFO  : 'configparams force-mem-access 1' command is executed.
13:36:43 INFO  : Context for 'APU' is selected.
13:36:43 INFO  : Sourcing of 'C:/Users/dumpherv/Desktop/Milestone_1/vga/_ide/psinit/ps7_init.tcl' is done.
13:36:43 INFO  : 'ps7_init' command is executed.
13:36:43 INFO  : 'ps7_post_config' command is executed.
13:36:43 INFO  : Context for processor 'ps7_cortexa9_0' is selected.
13:36:44 INFO  : The application 'C:/Users/dumpherv/Desktop/Milestone_1/vga/Debug/vga.elf' is downloaded to processor 'ps7_cortexa9_0'.
13:36:44 INFO  : Context for processor 'ps7_cortexa9_1' is selected.
13:36:44 INFO  : The application 'C:/Users/dumpherv/Desktop/Milestone_1/audio/Debug/audio.elf' is downloaded to processor 'ps7_cortexa9_1'.
13:36:44 INFO  : 'configparams force-mem-access 0' command is executed.
13:36:44 INFO  : ----------------XSDB Script----------------
connect -url tcp:127.0.0.1:3121
targets -set -nocase -filter {name =~"APU*"}
rst -system
after 3000
targets -set -filter {jtag_cable_name =~ "Digilent Zed 210248469787" && level==0 && jtag_device_ctx=="jsn-Zed-210248469787-03727093-0"}
fpga -file C:/Users/dumpherv/Desktop/Milestone_1/vga/_ide/bitstream/ip_design_wrapper.bit
targets -set -nocase -filter {name =~"APU*"}
loadhw -hw C:/Users/dumpherv/Desktop/Milestone_1/MulticorePlatform/export/MulticorePlatform/hw/ip_design_wrapper.xsa -mem-ranges [list {0x40000000 0xbfffffff}] -regs
configparams force-mem-access 1
targets -set -nocase -filter {name =~"APU*"}
source C:/Users/dumpherv/Desktop/Milestone_1/vga/_ide/psinit/ps7_init.tcl
ps7_init
ps7_post_config
targets -set -nocase -filter {name =~ "*A9*#0"}
dow C:/Users/dumpherv/Desktop/Milestone_1/vga/Debug/vga.elf
targets -set -nocase -filter {name =~ "*A9*#1"}
dow C:/Users/dumpherv/Desktop/Milestone_1/audio/Debug/audio.elf
configparams force-mem-access 0
----------------End of Script----------------

13:36:44 INFO  : Context for processor 'ps7_cortexa9_0' is selected.
13:36:44 INFO  : 'con' command is executed.
13:36:44 INFO  : Context for processor 'ps7_cortexa9_1' is selected.
13:36:44 INFO  : 'con' command is executed.
13:36:44 INFO  : ----------------XSDB Script (After Launch)----------------
targets -set -nocase -filter {name =~ "*A9*#0"}
con
targets -set -nocase -filter {name =~ "*A9*#1"}
con
----------------End of Script----------------

13:36:44 INFO  : Launch script is exported to file 'C:\Users\dumpherv\Desktop\Milestone_1\vga_system\_ide\scripts\systemdebugger_vga_system_standalone.tcl'
13:37:56 INFO  : Disconnected from the channel tcfchan#27.
13:37:57 INFO  : Connected to target on host '127.0.0.1' and port '3121'.
13:37:57 INFO  : Jtag cable 'Digilent Zed 210248469787' is selected.
13:37:57 INFO  : 'jtag frequency' command is executed.
13:37:57 INFO  : Context for 'APU' is selected.
13:37:57 INFO  : System reset is completed.
13:38:00 INFO  : 'after 3000' command is executed.
13:38:00 INFO  : 'targets -set -filter {jtag_cable_name =~ "Digilent Zed 210248469787" && level==0 && jtag_device_ctx=="jsn-Zed-210248469787-03727093-0"}' command is executed.
13:38:03 INFO  : Device configured successfully with "C:/Users/dumpherv/Desktop/Milestone_1/vga/_ide/bitstream/ip_design_wrapper.bit"
13:38:03 INFO  : Context for 'APU' is selected.
13:38:03 INFO  : Hardware design and registers information is loaded from 'C:/Users/dumpherv/Desktop/Milestone_1/MulticorePlatform/export/MulticorePlatform/hw/ip_design_wrapper.xsa'.
13:38:03 INFO  : 'configparams force-mem-access 1' command is executed.
13:38:03 INFO  : Context for 'APU' is selected.
13:38:03 INFO  : Sourcing of 'C:/Users/dumpherv/Desktop/Milestone_1/vga/_ide/psinit/ps7_init.tcl' is done.
13:38:03 INFO  : 'ps7_init' command is executed.
13:38:03 INFO  : 'ps7_post_config' command is executed.
13:38:03 INFO  : Context for processor 'ps7_cortexa9_0' is selected.
13:38:03 INFO  : The application 'C:/Users/dumpherv/Desktop/Milestone_1/vga/Debug/vga.elf' is downloaded to processor 'ps7_cortexa9_0'.
13:38:03 INFO  : 'configparams force-mem-access 0' command is executed.
13:38:03 INFO  : ----------------XSDB Script----------------
connect -url tcp:127.0.0.1:3121
targets -set -nocase -filter {name =~"APU*"}
rst -system
after 3000
targets -set -filter {jtag_cable_name =~ "Digilent Zed 210248469787" && level==0 && jtag_device_ctx=="jsn-Zed-210248469787-03727093-0"}
fpga -file C:/Users/dumpherv/Desktop/Milestone_1/vga/_ide/bitstream/ip_design_wrapper.bit
targets -set -nocase -filter {name =~"APU*"}
loadhw -hw C:/Users/dumpherv/Desktop/Milestone_1/MulticorePlatform/export/MulticorePlatform/hw/ip_design_wrapper.xsa -mem-ranges [list {0x40000000 0xbfffffff}] -regs
configparams force-mem-access 1
targets -set -nocase -filter {name =~"APU*"}
source C:/Users/dumpherv/Desktop/Milestone_1/vga/_ide/psinit/ps7_init.tcl
ps7_init
ps7_post_config
targets -set -nocase -filter {name =~ "*A9*#0"}
dow C:/Users/dumpherv/Desktop/Milestone_1/vga/Debug/vga.elf
configparams force-mem-access 0
----------------End of Script----------------

13:38:03 INFO  : Context for processor 'ps7_cortexa9_0' is selected.
13:38:03 INFO  : 'con' command is executed.
13:38:03 INFO  : ----------------XSDB Script (After Launch)----------------
targets -set -nocase -filter {name =~ "*A9*#0"}
con
----------------End of Script----------------

13:38:03 INFO  : Launch script is exported to file 'C:\Users\dumpherv\Desktop\Milestone_1\vga_system\_ide\scripts\debugger_vga-default.tcl'
13:38:46 INFO  : Checking for BSP changes to sync application flags for project 'audio'...
13:38:48 INFO  : Checking for BSP changes to sync application flags for project 'vga'...
13:39:05 INFO  : Disconnected from the channel tcfchan#28.
13:39:06 INFO  : Connected to target on host '127.0.0.1' and port '3121'.
13:39:06 INFO  : Jtag cable 'Digilent Zed 210248469787' is selected.
13:39:06 INFO  : 'jtag frequency' command is executed.
13:39:06 INFO  : Context for 'APU' is selected.
13:39:06 INFO  : System reset is completed.
13:39:09 INFO  : 'after 3000' command is executed.
13:39:10 INFO  : 'targets -set -filter {jtag_cable_name =~ "Digilent Zed 210248469787" && level==0 && jtag_device_ctx=="jsn-Zed-210248469787-03727093-0"}' command is executed.
13:39:12 INFO  : Device configured successfully with "C:/Users/dumpherv/Desktop/Milestone_1/vga/_ide/bitstream/ip_design_wrapper.bit"
13:39:12 INFO  : Context for 'APU' is selected.
13:39:12 INFO  : Hardware design and registers information is loaded from 'C:/Users/dumpherv/Desktop/Milestone_1/MulticorePlatform/export/MulticorePlatform/hw/ip_design_wrapper.xsa'.
13:39:12 INFO  : 'configparams force-mem-access 1' command is executed.
13:39:12 INFO  : Context for 'APU' is selected.
13:39:12 INFO  : Sourcing of 'C:/Users/dumpherv/Desktop/Milestone_1/vga/_ide/psinit/ps7_init.tcl' is done.
13:39:12 INFO  : 'ps7_init' command is executed.
13:39:12 INFO  : 'ps7_post_config' command is executed.
13:39:12 INFO  : Context for processor 'ps7_cortexa9_0' is selected.
13:39:12 INFO  : The application 'C:/Users/dumpherv/Desktop/Milestone_1/vga/Debug/vga.elf' is downloaded to processor 'ps7_cortexa9_0'.
13:39:12 INFO  : Context for processor 'ps7_cortexa9_1' is selected.
13:39:12 INFO  : The application 'C:/Users/dumpherv/Desktop/Milestone_1/audio/Debug/audio.elf' is downloaded to processor 'ps7_cortexa9_1'.
13:39:12 INFO  : 'configparams force-mem-access 0' command is executed.
13:39:12 INFO  : ----------------XSDB Script----------------
connect -url tcp:127.0.0.1:3121
targets -set -nocase -filter {name =~"APU*"}
rst -system
after 3000
targets -set -filter {jtag_cable_name =~ "Digilent Zed 210248469787" && level==0 && jtag_device_ctx=="jsn-Zed-210248469787-03727093-0"}
fpga -file C:/Users/dumpherv/Desktop/Milestone_1/vga/_ide/bitstream/ip_design_wrapper.bit
targets -set -nocase -filter {name =~"APU*"}
loadhw -hw C:/Users/dumpherv/Desktop/Milestone_1/MulticorePlatform/export/MulticorePlatform/hw/ip_design_wrapper.xsa -mem-ranges [list {0x40000000 0xbfffffff}] -regs
configparams force-mem-access 1
targets -set -nocase -filter {name =~"APU*"}
source C:/Users/dumpherv/Desktop/Milestone_1/vga/_ide/psinit/ps7_init.tcl
ps7_init
ps7_post_config
targets -set -nocase -filter {name =~ "*A9*#0"}
dow C:/Users/dumpherv/Desktop/Milestone_1/vga/Debug/vga.elf
targets -set -nocase -filter {name =~ "*A9*#1"}
dow C:/Users/dumpherv/Desktop/Milestone_1/audio/Debug/audio.elf
configparams force-mem-access 0
----------------End of Script----------------

13:39:13 INFO  : Context for processor 'ps7_cortexa9_0' is selected.
13:39:13 INFO  : 'con' command is executed.
13:39:13 INFO  : Context for processor 'ps7_cortexa9_1' is selected.
13:39:13 INFO  : 'con' command is executed.
13:39:13 INFO  : ----------------XSDB Script (After Launch)----------------
targets -set -nocase -filter {name =~ "*A9*#0"}
con
targets -set -nocase -filter {name =~ "*A9*#1"}
con
----------------End of Script----------------

13:39:13 INFO  : Launch script is exported to file 'C:\Users\dumpherv\Desktop\Milestone_1\vga_system\_ide\scripts\systemdebugger_vga_system_standalone.tcl'
13:40:02 INFO  : Checking for BSP changes to sync application flags for project 'audio'...
13:40:03 INFO  : Checking for BSP changes to sync application flags for project 'vga'...
13:40:44 INFO  : Disconnected from the channel tcfchan#30.
13:40:44 INFO  : Connected to target on host '127.0.0.1' and port '3121'.
13:40:44 INFO  : Jtag cable 'Digilent Zed 210248469787' is selected.
13:40:44 INFO  : 'jtag frequency' command is executed.
13:40:44 INFO  : Context for 'APU' is selected.
13:40:44 INFO  : System reset is completed.
13:40:47 INFO  : 'after 3000' command is executed.
13:40:47 INFO  : 'targets -set -filter {jtag_cable_name =~ "Digilent Zed 210248469787" && level==0 && jtag_device_ctx=="jsn-Zed-210248469787-03727093-0"}' command is executed.
13:40:50 INFO  : Device configured successfully with "C:/Users/dumpherv/Desktop/Milestone_1/vga/_ide/bitstream/ip_design_wrapper.bit"
13:40:50 INFO  : Context for 'APU' is selected.
13:40:50 INFO  : Hardware design and registers information is loaded from 'C:/Users/dumpherv/Desktop/Milestone_1/MulticorePlatform/export/MulticorePlatform/hw/ip_design_wrapper.xsa'.
13:40:50 INFO  : 'configparams force-mem-access 1' command is executed.
13:40:50 INFO  : Context for 'APU' is selected.
13:40:50 INFO  : Sourcing of 'C:/Users/dumpherv/Desktop/Milestone_1/vga/_ide/psinit/ps7_init.tcl' is done.
13:40:50 INFO  : 'ps7_init' command is executed.
13:40:50 INFO  : 'ps7_post_config' command is executed.
13:40:50 INFO  : Context for processor 'ps7_cortexa9_0' is selected.
13:40:50 INFO  : The application 'C:/Users/dumpherv/Desktop/Milestone_1/vga/Debug/vga.elf' is downloaded to processor 'ps7_cortexa9_0'.
13:40:50 INFO  : Context for processor 'ps7_cortexa9_1' is selected.
13:40:50 INFO  : The application 'C:/Users/dumpherv/Desktop/Milestone_1/audio/Debug/audio.elf' is downloaded to processor 'ps7_cortexa9_1'.
13:40:50 INFO  : 'configparams force-mem-access 0' command is executed.
13:40:50 INFO  : ----------------XSDB Script----------------
connect -url tcp:127.0.0.1:3121
targets -set -nocase -filter {name =~"APU*"}
rst -system
after 3000
targets -set -filter {jtag_cable_name =~ "Digilent Zed 210248469787" && level==0 && jtag_device_ctx=="jsn-Zed-210248469787-03727093-0"}
fpga -file C:/Users/dumpherv/Desktop/Milestone_1/vga/_ide/bitstream/ip_design_wrapper.bit
targets -set -nocase -filter {name =~"APU*"}
loadhw -hw C:/Users/dumpherv/Desktop/Milestone_1/MulticorePlatform/export/MulticorePlatform/hw/ip_design_wrapper.xsa -mem-ranges [list {0x40000000 0xbfffffff}] -regs
configparams force-mem-access 1
targets -set -nocase -filter {name =~"APU*"}
source C:/Users/dumpherv/Desktop/Milestone_1/vga/_ide/psinit/ps7_init.tcl
ps7_init
ps7_post_config
targets -set -nocase -filter {name =~ "*A9*#0"}
dow C:/Users/dumpherv/Desktop/Milestone_1/vga/Debug/vga.elf
targets -set -nocase -filter {name =~ "*A9*#1"}
dow C:/Users/dumpherv/Desktop/Milestone_1/audio/Debug/audio.elf
configparams force-mem-access 0
----------------End of Script----------------

13:40:51 INFO  : Context for processor 'ps7_cortexa9_0' is selected.
13:40:51 INFO  : 'con' command is executed.
13:40:51 INFO  : Context for processor 'ps7_cortexa9_1' is selected.
13:40:51 INFO  : 'con' command is executed.
13:40:51 INFO  : ----------------XSDB Script (After Launch)----------------
targets -set -nocase -filter {name =~ "*A9*#0"}
con
targets -set -nocase -filter {name =~ "*A9*#1"}
con
----------------End of Script----------------

13:40:51 INFO  : Launch script is exported to file 'C:\Users\dumpherv\Desktop\Milestone_1\vga_system\_ide\scripts\systemdebugger_vga_system_standalone.tcl'
13:41:35 INFO  : Checking for BSP changes to sync application flags for project 'audio'...
13:41:35 INFO  : Checking for BSP changes to sync application flags for project 'vga'...
13:42:01 INFO  : Disconnected from the channel tcfchan#32.
13:42:01 INFO  : Connected to target on host '127.0.0.1' and port '3121'.
13:42:01 INFO  : Jtag cable 'Digilent Zed 210248469787' is selected.
13:42:01 INFO  : 'jtag frequency' command is executed.
13:42:01 INFO  : Context for 'APU' is selected.
13:42:01 INFO  : System reset is completed.
13:42:04 INFO  : 'after 3000' command is executed.
13:42:04 INFO  : 'targets -set -filter {jtag_cable_name =~ "Digilent Zed 210248469787" && level==0 && jtag_device_ctx=="jsn-Zed-210248469787-03727093-0"}' command is executed.
13:42:06 INFO  : Device configured successfully with "C:/Users/dumpherv/Desktop/Milestone_1/vga/_ide/bitstream/ip_design_wrapper.bit"
13:42:06 INFO  : Context for 'APU' is selected.
13:42:06 INFO  : Hardware design and registers information is loaded from 'C:/Users/dumpherv/Desktop/Milestone_1/MulticorePlatform/export/MulticorePlatform/hw/ip_design_wrapper.xsa'.
13:42:06 INFO  : 'configparams force-mem-access 1' command is executed.
13:42:06 INFO  : Context for 'APU' is selected.
13:42:06 INFO  : Sourcing of 'C:/Users/dumpherv/Desktop/Milestone_1/vga/_ide/psinit/ps7_init.tcl' is done.
13:42:07 INFO  : 'ps7_init' command is executed.
13:42:07 INFO  : 'ps7_post_config' command is executed.
13:42:07 INFO  : Context for processor 'ps7_cortexa9_0' is selected.
13:42:07 INFO  : The application 'C:/Users/dumpherv/Desktop/Milestone_1/vga/Debug/vga.elf' is downloaded to processor 'ps7_cortexa9_0'.
13:42:07 INFO  : Context for processor 'ps7_cortexa9_1' is selected.
13:42:07 INFO  : The application 'C:/Users/dumpherv/Desktop/Milestone_1/audio/Debug/audio.elf' is downloaded to processor 'ps7_cortexa9_1'.
13:42:07 INFO  : 'configparams force-mem-access 0' command is executed.
13:42:07 INFO  : ----------------XSDB Script----------------
connect -url tcp:127.0.0.1:3121
targets -set -nocase -filter {name =~"APU*"}
rst -system
after 3000
targets -set -filter {jtag_cable_name =~ "Digilent Zed 210248469787" && level==0 && jtag_device_ctx=="jsn-Zed-210248469787-03727093-0"}
fpga -file C:/Users/dumpherv/Desktop/Milestone_1/vga/_ide/bitstream/ip_design_wrapper.bit
targets -set -nocase -filter {name =~"APU*"}
loadhw -hw C:/Users/dumpherv/Desktop/Milestone_1/MulticorePlatform/export/MulticorePlatform/hw/ip_design_wrapper.xsa -mem-ranges [list {0x40000000 0xbfffffff}] -regs
configparams force-mem-access 1
targets -set -nocase -filter {name =~"APU*"}
source C:/Users/dumpherv/Desktop/Milestone_1/vga/_ide/psinit/ps7_init.tcl
ps7_init
ps7_post_config
targets -set -nocase -filter {name =~ "*A9*#0"}
dow C:/Users/dumpherv/Desktop/Milestone_1/vga/Debug/vga.elf
targets -set -nocase -filter {name =~ "*A9*#1"}
dow C:/Users/dumpherv/Desktop/Milestone_1/audio/Debug/audio.elf
configparams force-mem-access 0
----------------End of Script----------------

13:42:07 INFO  : Context for processor 'ps7_cortexa9_0' is selected.
13:42:07 INFO  : 'con' command is executed.
13:42:07 INFO  : Context for processor 'ps7_cortexa9_1' is selected.
13:42:07 INFO  : 'con' command is executed.
13:42:07 INFO  : ----------------XSDB Script (After Launch)----------------
targets -set -nocase -filter {name =~ "*A9*#0"}
con
targets -set -nocase -filter {name =~ "*A9*#1"}
con
----------------End of Script----------------

13:42:07 INFO  : Launch script is exported to file 'C:\Users\dumpherv\Desktop\Milestone_1\vga_system\_ide\scripts\systemdebugger_vga_system_standalone.tcl'
13:47:56 INFO  : Checking for BSP changes to sync application flags for project 'audio'...
13:47:56 INFO  : Checking for BSP changes to sync application flags for project 'vga'...
13:50:55 INFO  : Checking for BSP changes to sync application flags for project 'audio'...
13:50:55 INFO  : Checking for BSP changes to sync application flags for project 'vga'...
13:51:27 INFO  : Disconnected from the channel tcfchan#34.
13:51:27 INFO  : Connected to target on host '127.0.0.1' and port '3121'.
13:51:27 INFO  : Jtag cable 'Digilent Zed 210248469787' is selected.
13:51:27 INFO  : 'jtag frequency' command is executed.
13:51:27 INFO  : Context for 'APU' is selected.
13:51:27 INFO  : System reset is completed.
13:51:30 INFO  : 'after 3000' command is executed.
13:51:30 INFO  : 'targets -set -filter {jtag_cable_name =~ "Digilent Zed 210248469787" && level==0 && jtag_device_ctx=="jsn-Zed-210248469787-03727093-0"}' command is executed.
13:51:32 INFO  : Device configured successfully with "C:/Users/dumpherv/Desktop/Milestone_1/vga/_ide/bitstream/ip_design_wrapper.bit"
13:51:32 INFO  : Context for 'APU' is selected.
13:51:32 INFO  : Hardware design and registers information is loaded from 'C:/Users/dumpherv/Desktop/Milestone_1/MulticorePlatform/export/MulticorePlatform/hw/ip_design_wrapper.xsa'.
13:51:32 INFO  : 'configparams force-mem-access 1' command is executed.
13:51:32 INFO  : Context for 'APU' is selected.
13:51:32 INFO  : Sourcing of 'C:/Users/dumpherv/Desktop/Milestone_1/vga/_ide/psinit/ps7_init.tcl' is done.
13:51:33 INFO  : 'ps7_init' command is executed.
13:51:33 INFO  : 'ps7_post_config' command is executed.
13:51:33 INFO  : Context for processor 'ps7_cortexa9_0' is selected.
13:51:33 INFO  : The application 'C:/Users/dumpherv/Desktop/Milestone_1/vga/Debug/vga.elf' is downloaded to processor 'ps7_cortexa9_0'.
13:51:33 INFO  : Context for processor 'ps7_cortexa9_1' is selected.
13:51:33 INFO  : The application 'C:/Users/dumpherv/Desktop/Milestone_1/audio/Debug/audio.elf' is downloaded to processor 'ps7_cortexa9_1'.
13:51:33 INFO  : 'configparams force-mem-access 0' command is executed.
13:51:33 INFO  : ----------------XSDB Script----------------
connect -url tcp:127.0.0.1:3121
targets -set -nocase -filter {name =~"APU*"}
rst -system
after 3000
targets -set -filter {jtag_cable_name =~ "Digilent Zed 210248469787" && level==0 && jtag_device_ctx=="jsn-Zed-210248469787-03727093-0"}
fpga -file C:/Users/dumpherv/Desktop/Milestone_1/vga/_ide/bitstream/ip_design_wrapper.bit
targets -set -nocase -filter {name =~"APU*"}
loadhw -hw C:/Users/dumpherv/Desktop/Milestone_1/MulticorePlatform/export/MulticorePlatform/hw/ip_design_wrapper.xsa -mem-ranges [list {0x40000000 0xbfffffff}] -regs
configparams force-mem-access 1
targets -set -nocase -filter {name =~"APU*"}
source C:/Users/dumpherv/Desktop/Milestone_1/vga/_ide/psinit/ps7_init.tcl
ps7_init
ps7_post_config
targets -set -nocase -filter {name =~ "*A9*#0"}
dow C:/Users/dumpherv/Desktop/Milestone_1/vga/Debug/vga.elf
targets -set -nocase -filter {name =~ "*A9*#1"}
dow C:/Users/dumpherv/Desktop/Milestone_1/audio/Debug/audio.elf
configparams force-mem-access 0
----------------End of Script----------------

13:51:33 INFO  : Context for processor 'ps7_cortexa9_0' is selected.
13:51:33 INFO  : 'con' command is executed.
13:51:33 INFO  : Context for processor 'ps7_cortexa9_1' is selected.
13:51:33 INFO  : 'con' command is executed.
13:51:33 INFO  : ----------------XSDB Script (After Launch)----------------
targets -set -nocase -filter {name =~ "*A9*#0"}
con
targets -set -nocase -filter {name =~ "*A9*#1"}
con
----------------End of Script----------------

13:51:33 INFO  : Launch script is exported to file 'C:\Users\dumpherv\Desktop\Milestone_1\vga_system\_ide\scripts\systemdebugger_vga_system_standalone.tcl'
13:53:10 INFO  : Checking for BSP changes to sync application flags for project 'audio'...
13:53:11 INFO  : Checking for BSP changes to sync application flags for project 'vga'...
13:53:33 INFO  : Disconnected from the channel tcfchan#37.
13:53:33 INFO  : Connected to target on host '127.0.0.1' and port '3121'.
13:53:33 INFO  : Jtag cable 'Digilent Zed 210248469787' is selected.
13:53:33 INFO  : 'jtag frequency' command is executed.
13:53:33 INFO  : Context for 'APU' is selected.
13:53:33 INFO  : System reset is completed.
13:53:36 INFO  : 'after 3000' command is executed.
13:53:36 INFO  : 'targets -set -filter {jtag_cable_name =~ "Digilent Zed 210248469787" && level==0 && jtag_device_ctx=="jsn-Zed-210248469787-03727093-0"}' command is executed.
13:53:38 INFO  : Device configured successfully with "C:/Users/dumpherv/Desktop/Milestone_1/vga/_ide/bitstream/ip_design_wrapper.bit"
13:53:38 INFO  : Context for 'APU' is selected.
13:53:38 INFO  : Hardware design and registers information is loaded from 'C:/Users/dumpherv/Desktop/Milestone_1/MulticorePlatform/export/MulticorePlatform/hw/ip_design_wrapper.xsa'.
13:53:38 INFO  : 'configparams force-mem-access 1' command is executed.
13:53:38 INFO  : Context for 'APU' is selected.
13:53:38 INFO  : Sourcing of 'C:/Users/dumpherv/Desktop/Milestone_1/vga/_ide/psinit/ps7_init.tcl' is done.
13:53:39 INFO  : 'ps7_init' command is executed.
13:53:39 INFO  : 'ps7_post_config' command is executed.
13:53:39 INFO  : Context for processor 'ps7_cortexa9_0' is selected.
13:53:39 INFO  : The application 'C:/Users/dumpherv/Desktop/Milestone_1/vga/Debug/vga.elf' is downloaded to processor 'ps7_cortexa9_0'.
13:53:39 INFO  : Context for processor 'ps7_cortexa9_1' is selected.
13:53:39 INFO  : The application 'C:/Users/dumpherv/Desktop/Milestone_1/audio/Debug/audio.elf' is downloaded to processor 'ps7_cortexa9_1'.
13:53:39 INFO  : 'configparams force-mem-access 0' command is executed.
13:53:39 INFO  : ----------------XSDB Script----------------
connect -url tcp:127.0.0.1:3121
targets -set -nocase -filter {name =~"APU*"}
rst -system
after 3000
targets -set -filter {jtag_cable_name =~ "Digilent Zed 210248469787" && level==0 && jtag_device_ctx=="jsn-Zed-210248469787-03727093-0"}
fpga -file C:/Users/dumpherv/Desktop/Milestone_1/vga/_ide/bitstream/ip_design_wrapper.bit
targets -set -nocase -filter {name =~"APU*"}
loadhw -hw C:/Users/dumpherv/Desktop/Milestone_1/MulticorePlatform/export/MulticorePlatform/hw/ip_design_wrapper.xsa -mem-ranges [list {0x40000000 0xbfffffff}] -regs
configparams force-mem-access 1
targets -set -nocase -filter {name =~"APU*"}
source C:/Users/dumpherv/Desktop/Milestone_1/vga/_ide/psinit/ps7_init.tcl
ps7_init
ps7_post_config
targets -set -nocase -filter {name =~ "*A9*#0"}
dow C:/Users/dumpherv/Desktop/Milestone_1/vga/Debug/vga.elf
targets -set -nocase -filter {name =~ "*A9*#1"}
dow C:/Users/dumpherv/Desktop/Milestone_1/audio/Debug/audio.elf
configparams force-mem-access 0
----------------End of Script----------------

13:53:39 INFO  : Context for processor 'ps7_cortexa9_0' is selected.
13:53:39 INFO  : 'con' command is executed.
13:53:39 INFO  : Context for processor 'ps7_cortexa9_1' is selected.
13:53:39 INFO  : 'con' command is executed.
13:53:39 INFO  : ----------------XSDB Script (After Launch)----------------
targets -set -nocase -filter {name =~ "*A9*#0"}
con
targets -set -nocase -filter {name =~ "*A9*#1"}
con
----------------End of Script----------------

13:53:39 INFO  : Launch script is exported to file 'C:\Users\dumpherv\Desktop\Milestone_1\vga_system\_ide\scripts\systemdebugger_vga_system_standalone.tcl'
13:54:14 INFO  : Disconnected from the channel tcfchan#39.
13:54:14 INFO  : Connected to target on host '127.0.0.1' and port '3121'.
13:54:14 INFO  : Jtag cable 'Digilent Zed 210248469787' is selected.
13:54:14 INFO  : 'jtag frequency' command is executed.
13:54:14 INFO  : Context for 'APU' is selected.
13:54:14 INFO  : System reset is completed.
13:54:17 INFO  : 'after 3000' command is executed.
13:54:18 INFO  : 'targets -set -filter {jtag_cable_name =~ "Digilent Zed 210248469787" && level==0 && jtag_device_ctx=="jsn-Zed-210248469787-03727093-0"}' command is executed.
13:54:20 INFO  : Device configured successfully with "C:/Users/dumpherv/Desktop/Milestone_1/vga/_ide/bitstream/ip_design_wrapper.bit"
13:54:20 INFO  : Context for 'APU' is selected.
13:54:20 INFO  : Hardware design and registers information is loaded from 'C:/Users/dumpherv/Desktop/Milestone_1/MulticorePlatform/export/MulticorePlatform/hw/ip_design_wrapper.xsa'.
13:54:20 INFO  : 'configparams force-mem-access 1' command is executed.
13:54:20 INFO  : Context for 'APU' is selected.
13:54:20 INFO  : Sourcing of 'C:/Users/dumpherv/Desktop/Milestone_1/vga/_ide/psinit/ps7_init.tcl' is done.
13:54:20 INFO  : 'ps7_init' command is executed.
13:54:20 INFO  : 'ps7_post_config' command is executed.
13:54:20 INFO  : Context for processor 'ps7_cortexa9_0' is selected.
13:54:20 INFO  : The application 'C:/Users/dumpherv/Desktop/Milestone_1/vga/Debug/vga.elf' is downloaded to processor 'ps7_cortexa9_0'.
13:54:20 INFO  : Context for processor 'ps7_cortexa9_1' is selected.
13:54:20 INFO  : The application 'C:/Users/dumpherv/Desktop/Milestone_1/audio/Debug/audio.elf' is downloaded to processor 'ps7_cortexa9_1'.
13:54:20 INFO  : 'configparams force-mem-access 0' command is executed.
13:54:20 INFO  : ----------------XSDB Script----------------
connect -url tcp:127.0.0.1:3121
targets -set -nocase -filter {name =~"APU*"}
rst -system
after 3000
targets -set -filter {jtag_cable_name =~ "Digilent Zed 210248469787" && level==0 && jtag_device_ctx=="jsn-Zed-210248469787-03727093-0"}
fpga -file C:/Users/dumpherv/Desktop/Milestone_1/vga/_ide/bitstream/ip_design_wrapper.bit
targets -set -nocase -filter {name =~"APU*"}
loadhw -hw C:/Users/dumpherv/Desktop/Milestone_1/MulticorePlatform/export/MulticorePlatform/hw/ip_design_wrapper.xsa -mem-ranges [list {0x40000000 0xbfffffff}] -regs
configparams force-mem-access 1
targets -set -nocase -filter {name =~"APU*"}
source C:/Users/dumpherv/Desktop/Milestone_1/vga/_ide/psinit/ps7_init.tcl
ps7_init
ps7_post_config
targets -set -nocase -filter {name =~ "*A9*#0"}
dow C:/Users/dumpherv/Desktop/Milestone_1/vga/Debug/vga.elf
targets -set -nocase -filter {name =~ "*A9*#1"}
dow C:/Users/dumpherv/Desktop/Milestone_1/audio/Debug/audio.elf
configparams force-mem-access 0
----------------End of Script----------------

13:54:21 INFO  : Context for processor 'ps7_cortexa9_0' is selected.
13:54:21 INFO  : 'con' command is executed.
13:54:21 INFO  : Context for processor 'ps7_cortexa9_1' is selected.
13:54:21 INFO  : 'con' command is executed.
13:54:21 INFO  : ----------------XSDB Script (After Launch)----------------
targets -set -nocase -filter {name =~ "*A9*#0"}
con
targets -set -nocase -filter {name =~ "*A9*#1"}
con
----------------End of Script----------------

13:54:21 INFO  : Launch script is exported to file 'C:\Users\dumpherv\Desktop\Milestone_1\vga_system\_ide\scripts\systemdebugger_vga_system_standalone.tcl'
13:55:42 INFO  : Checking for BSP changes to sync application flags for project 'audio'...
13:55:43 INFO  : Checking for BSP changes to sync application flags for project 'vga'...
13:56:25 INFO  : Disconnected from the channel tcfchan#40.
13:56:25 INFO  : Connected to target on host '127.0.0.1' and port '3121'.
13:56:25 INFO  : Jtag cable 'Digilent Zed 210248469787' is selected.
13:56:25 INFO  : 'jtag frequency' command is executed.
13:56:25 INFO  : Context for 'APU' is selected.
13:56:25 INFO  : System reset is completed.
13:56:28 INFO  : 'after 3000' command is executed.
13:56:28 INFO  : 'targets -set -filter {jtag_cable_name =~ "Digilent Zed 210248469787" && level==0 && jtag_device_ctx=="jsn-Zed-210248469787-03727093-0"}' command is executed.
13:56:30 INFO  : Device configured successfully with "C:/Users/dumpherv/Desktop/Milestone_1/vga/_ide/bitstream/ip_design_wrapper.bit"
13:56:30 INFO  : Context for 'APU' is selected.
13:56:30 INFO  : Hardware design and registers information is loaded from 'C:/Users/dumpherv/Desktop/Milestone_1/MulticorePlatform/export/MulticorePlatform/hw/ip_design_wrapper.xsa'.
13:56:30 INFO  : 'configparams force-mem-access 1' command is executed.
13:56:30 INFO  : Context for 'APU' is selected.
13:56:30 INFO  : Sourcing of 'C:/Users/dumpherv/Desktop/Milestone_1/vga/_ide/psinit/ps7_init.tcl' is done.
13:56:31 INFO  : 'ps7_init' command is executed.
13:56:31 INFO  : 'ps7_post_config' command is executed.
13:56:31 INFO  : Context for processor 'ps7_cortexa9_0' is selected.
13:56:31 INFO  : The application 'C:/Users/dumpherv/Desktop/Milestone_1/vga/Debug/vga.elf' is downloaded to processor 'ps7_cortexa9_0'.
13:56:31 INFO  : Context for processor 'ps7_cortexa9_1' is selected.
13:56:31 INFO  : The application 'C:/Users/dumpherv/Desktop/Milestone_1/audio/Debug/audio.elf' is downloaded to processor 'ps7_cortexa9_1'.
13:56:31 INFO  : 'configparams force-mem-access 0' command is executed.
13:56:31 INFO  : ----------------XSDB Script----------------
connect -url tcp:127.0.0.1:3121
targets -set -nocase -filter {name =~"APU*"}
rst -system
after 3000
targets -set -filter {jtag_cable_name =~ "Digilent Zed 210248469787" && level==0 && jtag_device_ctx=="jsn-Zed-210248469787-03727093-0"}
fpga -file C:/Users/dumpherv/Desktop/Milestone_1/vga/_ide/bitstream/ip_design_wrapper.bit
targets -set -nocase -filter {name =~"APU*"}
loadhw -hw C:/Users/dumpherv/Desktop/Milestone_1/MulticorePlatform/export/MulticorePlatform/hw/ip_design_wrapper.xsa -mem-ranges [list {0x40000000 0xbfffffff}] -regs
configparams force-mem-access 1
targets -set -nocase -filter {name =~"APU*"}
source C:/Users/dumpherv/Desktop/Milestone_1/vga/_ide/psinit/ps7_init.tcl
ps7_init
ps7_post_config
targets -set -nocase -filter {name =~ "*A9*#0"}
dow C:/Users/dumpherv/Desktop/Milestone_1/vga/Debug/vga.elf
targets -set -nocase -filter {name =~ "*A9*#1"}
dow C:/Users/dumpherv/Desktop/Milestone_1/audio/Debug/audio.elf
configparams force-mem-access 0
----------------End of Script----------------

13:56:31 INFO  : Context for processor 'ps7_cortexa9_0' is selected.
13:56:31 INFO  : 'con' command is executed.
13:56:31 INFO  : Context for processor 'ps7_cortexa9_1' is selected.
13:56:31 INFO  : 'con' command is executed.
13:56:31 INFO  : ----------------XSDB Script (After Launch)----------------
targets -set -nocase -filter {name =~ "*A9*#0"}
con
targets -set -nocase -filter {name =~ "*A9*#1"}
con
----------------End of Script----------------

13:56:31 INFO  : Launch script is exported to file 'C:\Users\dumpherv\Desktop\Milestone_1\vga_system\_ide\scripts\systemdebugger_vga_system_standalone.tcl'
14:01:24 INFO  : Disconnected from the channel tcfchan#42.
14:01:29 INFO  : Connected to target on host '127.0.0.1' and port '3121'.
14:01:30 INFO  : Jtag cable 'Digilent Zed 210248469787' is selected.
14:01:30 INFO  : 'jtag frequency' command is executed.
14:01:30 INFO  : Context for 'APU' is selected.
14:01:30 INFO  : System reset is completed.
14:01:33 INFO  : 'after 3000' command is executed.
14:01:33 INFO  : 'targets -set -filter {jtag_cable_name =~ "Digilent Zed 210248469787" && level==0 && jtag_device_ctx=="jsn-Zed-210248469787-03727093-0"}' command is executed.
14:01:35 INFO  : Device configured successfully with "C:/Users/dumpherv/Desktop/Milestone_1/vga/_ide/bitstream/ip_design_wrapper.bit"
14:01:35 INFO  : Context for 'APU' is selected.
14:01:35 INFO  : Hardware design and registers information is loaded from 'C:/Users/dumpherv/Desktop/Milestone_1/MulticorePlatform/export/MulticorePlatform/hw/ip_design_wrapper.xsa'.
14:01:35 INFO  : 'configparams force-mem-access 1' command is executed.
14:01:35 INFO  : Context for 'APU' is selected.
14:01:35 INFO  : Sourcing of 'C:/Users/dumpherv/Desktop/Milestone_1/vga/_ide/psinit/ps7_init.tcl' is done.
14:01:35 INFO  : 'ps7_init' command is executed.
14:01:35 INFO  : 'ps7_post_config' command is executed.
14:01:35 INFO  : Context for processor 'ps7_cortexa9_0' is selected.
14:01:35 INFO  : The application 'C:/Users/dumpherv/Desktop/Milestone_1/vga/Debug/vga.elf' is downloaded to processor 'ps7_cortexa9_0'.
14:01:35 INFO  : Context for processor 'ps7_cortexa9_1' is selected.
14:01:36 INFO  : The application 'C:/Users/dumpherv/Desktop/Milestone_1/audio/Debug/audio.elf' is downloaded to processor 'ps7_cortexa9_1'.
14:01:36 INFO  : 'configparams force-mem-access 0' command is executed.
14:01:36 INFO  : ----------------XSDB Script----------------
connect -url tcp:127.0.0.1:3121
targets -set -nocase -filter {name =~"APU*"}
rst -system
after 3000
targets -set -filter {jtag_cable_name =~ "Digilent Zed 210248469787" && level==0 && jtag_device_ctx=="jsn-Zed-210248469787-03727093-0"}
fpga -file C:/Users/dumpherv/Desktop/Milestone_1/vga/_ide/bitstream/ip_design_wrapper.bit
targets -set -nocase -filter {name =~"APU*"}
loadhw -hw C:/Users/dumpherv/Desktop/Milestone_1/MulticorePlatform/export/MulticorePlatform/hw/ip_design_wrapper.xsa -mem-ranges [list {0x40000000 0xbfffffff}] -regs
configparams force-mem-access 1
targets -set -nocase -filter {name =~"APU*"}
source C:/Users/dumpherv/Desktop/Milestone_1/vga/_ide/psinit/ps7_init.tcl
ps7_init
ps7_post_config
targets -set -nocase -filter {name =~ "*A9*#0"}
dow C:/Users/dumpherv/Desktop/Milestone_1/vga/Debug/vga.elf
targets -set -nocase -filter {name =~ "*A9*#1"}
dow C:/Users/dumpherv/Desktop/Milestone_1/audio/Debug/audio.elf
configparams force-mem-access 0
----------------End of Script----------------

14:01:36 INFO  : Context for processor 'ps7_cortexa9_0' is selected.
14:01:36 INFO  : 'con' command is executed.
14:01:36 INFO  : Context for processor 'ps7_cortexa9_1' is selected.
14:01:36 INFO  : 'con' command is executed.
14:01:36 INFO  : ----------------XSDB Script (After Launch)----------------
targets -set -nocase -filter {name =~ "*A9*#0"}
con
targets -set -nocase -filter {name =~ "*A9*#1"}
con
----------------End of Script----------------

14:01:36 INFO  : Launch script is exported to file 'C:\Users\dumpherv\Desktop\Milestone_1\vga_system\_ide\scripts\systemdebugger_vga_system_standalone.tcl'
14:05:15 INFO  : Disconnected from the channel tcfchan#43.
14:05:23 INFO  : Connected to target on host '127.0.0.1' and port '3121'.
14:05:23 INFO  : Jtag cable 'Digilent Zed 210248469787' is selected.
14:05:23 INFO  : 'jtag frequency' command is executed.
14:05:23 INFO  : Context for 'APU' is selected.
14:05:23 INFO  : System reset is completed.
14:05:26 INFO  : 'after 3000' command is executed.
14:05:26 INFO  : 'targets -set -filter {jtag_cable_name =~ "Digilent Zed 210248469787" && level==0 && jtag_device_ctx=="jsn-Zed-210248469787-03727093-0"}' command is executed.
14:05:29 INFO  : Device configured successfully with "C:/Users/dumpherv/Desktop/Milestone_1/vga/_ide/bitstream/ip_design_wrapper.bit"
14:05:29 INFO  : Context for 'APU' is selected.
14:05:29 INFO  : Hardware design and registers information is loaded from 'C:/Users/dumpherv/Desktop/Milestone_1/MulticorePlatform/export/MulticorePlatform/hw/ip_design_wrapper.xsa'.
14:05:29 INFO  : 'configparams force-mem-access 1' command is executed.
14:05:29 INFO  : Context for 'APU' is selected.
14:05:29 INFO  : Sourcing of 'C:/Users/dumpherv/Desktop/Milestone_1/vga/_ide/psinit/ps7_init.tcl' is done.
14:05:29 INFO  : 'ps7_init' command is executed.
14:05:29 INFO  : 'ps7_post_config' command is executed.
14:05:29 INFO  : Context for processor 'ps7_cortexa9_0' is selected.
14:05:29 INFO  : The application 'C:/Users/dumpherv/Desktop/Milestone_1/vga/Debug/vga.elf' is downloaded to processor 'ps7_cortexa9_0'.
14:05:29 INFO  : Context for processor 'ps7_cortexa9_1' is selected.
14:05:29 INFO  : The application 'C:/Users/dumpherv/Desktop/Milestone_1/audio/Debug/audio.elf' is downloaded to processor 'ps7_cortexa9_1'.
14:05:29 INFO  : 'configparams force-mem-access 0' command is executed.
14:05:29 INFO  : ----------------XSDB Script----------------
connect -url tcp:127.0.0.1:3121
targets -set -nocase -filter {name =~"APU*"}
rst -system
after 3000
targets -set -filter {jtag_cable_name =~ "Digilent Zed 210248469787" && level==0 && jtag_device_ctx=="jsn-Zed-210248469787-03727093-0"}
fpga -file C:/Users/dumpherv/Desktop/Milestone_1/vga/_ide/bitstream/ip_design_wrapper.bit
targets -set -nocase -filter {name =~"APU*"}
loadhw -hw C:/Users/dumpherv/Desktop/Milestone_1/MulticorePlatform/export/MulticorePlatform/hw/ip_design_wrapper.xsa -mem-ranges [list {0x40000000 0xbfffffff}] -regs
configparams force-mem-access 1
targets -set -nocase -filter {name =~"APU*"}
source C:/Users/dumpherv/Desktop/Milestone_1/vga/_ide/psinit/ps7_init.tcl
ps7_init
ps7_post_config
targets -set -nocase -filter {name =~ "*A9*#0"}
dow C:/Users/dumpherv/Desktop/Milestone_1/vga/Debug/vga.elf
targets -set -nocase -filter {name =~ "*A9*#1"}
dow C:/Users/dumpherv/Desktop/Milestone_1/audio/Debug/audio.elf
configparams force-mem-access 0
----------------End of Script----------------

14:05:30 INFO  : Context for processor 'ps7_cortexa9_0' is selected.
14:05:30 INFO  : 'con' command is executed.
14:05:30 INFO  : Context for processor 'ps7_cortexa9_1' is selected.
14:05:30 INFO  : 'con' command is executed.
14:05:30 INFO  : ----------------XSDB Script (After Launch)----------------
targets -set -nocase -filter {name =~ "*A9*#0"}
con
targets -set -nocase -filter {name =~ "*A9*#1"}
con
----------------End of Script----------------

14:05:30 INFO  : Launch script is exported to file 'C:\Users\dumpherv\Desktop\Milestone_1\vga_system\_ide\scripts\systemdebugger_vga_system_standalone.tcl'
14:07:27 INFO  : Checking for BSP changes to sync application flags for project 'vga'...
14:07:39 INFO  : Disconnected from the channel tcfchan#44.
14:07:39 INFO  : Connected to target on host '127.0.0.1' and port '3121'.
14:07:39 INFO  : Jtag cable 'Digilent Zed 210248469787' is selected.
14:07:39 INFO  : 'jtag frequency' command is executed.
14:07:39 INFO  : Context for 'APU' is selected.
14:07:39 INFO  : System reset is completed.
14:07:42 INFO  : 'after 3000' command is executed.
14:07:42 INFO  : 'targets -set -filter {jtag_cable_name =~ "Digilent Zed 210248469787" && level==0 && jtag_device_ctx=="jsn-Zed-210248469787-03727093-0"}' command is executed.
14:07:45 INFO  : Device configured successfully with "C:/Users/dumpherv/Desktop/Milestone_1/vga/_ide/bitstream/ip_design_wrapper.bit"
14:07:45 INFO  : Context for 'APU' is selected.
14:07:45 INFO  : Hardware design and registers information is loaded from 'C:/Users/dumpherv/Desktop/Milestone_1/MulticorePlatform/export/MulticorePlatform/hw/ip_design_wrapper.xsa'.
14:07:45 INFO  : 'configparams force-mem-access 1' command is executed.
14:07:45 INFO  : Context for 'APU' is selected.
14:07:45 INFO  : Sourcing of 'C:/Users/dumpherv/Desktop/Milestone_1/vga/_ide/psinit/ps7_init.tcl' is done.
14:07:45 INFO  : 'ps7_init' command is executed.
14:07:45 INFO  : 'ps7_post_config' command is executed.
14:07:45 INFO  : Context for processor 'ps7_cortexa9_0' is selected.
14:07:45 INFO  : The application 'C:/Users/dumpherv/Desktop/Milestone_1/vga/Debug/vga.elf' is downloaded to processor 'ps7_cortexa9_0'.
14:07:45 INFO  : Context for processor 'ps7_cortexa9_1' is selected.
14:07:45 INFO  : The application 'C:/Users/dumpherv/Desktop/Milestone_1/audio/Debug/audio.elf' is downloaded to processor 'ps7_cortexa9_1'.
14:07:45 INFO  : 'configparams force-mem-access 0' command is executed.
14:07:45 INFO  : ----------------XSDB Script----------------
connect -url tcp:127.0.0.1:3121
targets -set -nocase -filter {name =~"APU*"}
rst -system
after 3000
targets -set -filter {jtag_cable_name =~ "Digilent Zed 210248469787" && level==0 && jtag_device_ctx=="jsn-Zed-210248469787-03727093-0"}
fpga -file C:/Users/dumpherv/Desktop/Milestone_1/vga/_ide/bitstream/ip_design_wrapper.bit
targets -set -nocase -filter {name =~"APU*"}
loadhw -hw C:/Users/dumpherv/Desktop/Milestone_1/MulticorePlatform/export/MulticorePlatform/hw/ip_design_wrapper.xsa -mem-ranges [list {0x40000000 0xbfffffff}] -regs
configparams force-mem-access 1
targets -set -nocase -filter {name =~"APU*"}
source C:/Users/dumpherv/Desktop/Milestone_1/vga/_ide/psinit/ps7_init.tcl
ps7_init
ps7_post_config
targets -set -nocase -filter {name =~ "*A9*#0"}
dow C:/Users/dumpherv/Desktop/Milestone_1/vga/Debug/vga.elf
targets -set -nocase -filter {name =~ "*A9*#1"}
dow C:/Users/dumpherv/Desktop/Milestone_1/audio/Debug/audio.elf
configparams force-mem-access 0
----------------End of Script----------------

14:07:46 INFO  : Context for processor 'ps7_cortexa9_0' is selected.
14:07:46 INFO  : 'con' command is executed.
14:07:46 INFO  : Context for processor 'ps7_cortexa9_1' is selected.
14:07:46 INFO  : 'con' command is executed.
14:07:46 INFO  : ----------------XSDB Script (After Launch)----------------
targets -set -nocase -filter {name =~ "*A9*#0"}
con
targets -set -nocase -filter {name =~ "*A9*#1"}
con
----------------End of Script----------------

14:07:46 INFO  : Launch script is exported to file 'C:\Users\dumpherv\Desktop\Milestone_1\vga_system\_ide\scripts\systemdebugger_vga_system_standalone.tcl'
14:19:12 INFO  : Disconnected from the channel tcfchan#45.
