
*** Running vivado
    with args -log ip_design_wrapper.vdi -applog -m64 -product Vivado -messageDb vivado.pb -mode batch -source ip_design_wrapper.tcl -notrace



****** Vivado v2020.2 (64-bit)
  **** SW Build 3064766 on Wed Nov 18 09:12:45 MST 2020
  **** IP Build 3064653 on Wed Nov 18 14:17:31 MST 2020
    ** Copyright 1986-2020 Xilinx, Inc. All Rights Reserved.

source ip_design_wrapper.tcl -notrace
INFO: [IP_Flow 19-234] Refreshing IP repositories
INFO: [IP_Flow 19-1700] Loaded user IP repository 'c:/Users/cjw18/Desktop/ensc-452/AudioTutorial/ip_repo'.
INFO: [IP_Flow 19-2313] Loaded Vivado IP repository 'C:/Xilinx/Vivado/2020.2/data/ip'.
WARNING: [IP_Flow 19-4995] The host OS only allows 260 characters in a normal path. The IP cache path is more than 80 characters. If you experience issues with IP caching, please consider changing the IP cache to a location with a shorter path. Alternately consider using the OS subst command to map part of the path to a drive letter. 
Current IP cache path is C:/Users/cjw18/Desktop/ensc-452/AudioTutorial/adventures_with_ip/adventures_with_ip.cache/ip 
Command: link_design -top ip_design_wrapper -part xc7z020clg484-1
Design is defaulting to srcset: sources_1
Design is defaulting to constrset: constrs_1
INFO: [Device 21-403] Loading part xc7z020clg484-1
INFO: [Project 1-454] Reading design checkpoint 'c:/Users/cjw18/Desktop/ensc-452/AudioTutorial/adventures_with_ip/adventures_with_ip.gen/sources_1/bd/ip_design/ip/ip_design_axi_gpio_0_0/ip_design_axi_gpio_0_0.dcp' for cell 'ip_design_i/axi_gpio_0'
INFO: [Project 1-454] Reading design checkpoint 'c:/Users/cjw18/Desktop/ensc-452/AudioTutorial/adventures_with_ip/adventures_with_ip.gen/sources_1/bd/ip_design/ip/ip_design_axi_gpio_1_0/ip_design_axi_gpio_1_0.dcp' for cell 'ip_design_i/axi_gpio_1'
INFO: [Project 1-454] Reading design checkpoint 'c:/Users/cjw18/Desktop/ensc-452/AudioTutorial/adventures_with_ip/adventures_with_ip.gen/sources_1/bd/ip_design/ip/ip_design_led_controller_0_0/ip_design_led_controller_0_0.dcp' for cell 'ip_design_i/led_controller_0'
INFO: [Project 1-454] Reading design checkpoint 'c:/Users/cjw18/Desktop/ensc-452/AudioTutorial/adventures_with_ip/adventures_with_ip.gen/sources_1/bd/ip_design/ip/ip_design_processing_system7_0_0/ip_design_processing_system7_0_0.dcp' for cell 'ip_design_i/processing_system7_0'
INFO: [Project 1-454] Reading design checkpoint 'c:/Users/cjw18/Desktop/ensc-452/AudioTutorial/adventures_with_ip/adventures_with_ip.gen/sources_1/bd/ip_design/ip/ip_design_rst_ps7_0_100M_0/ip_design_rst_ps7_0_100M_0.dcp' for cell 'ip_design_i/rst_ps7_0_100M'
INFO: [Project 1-454] Reading design checkpoint 'c:/Users/cjw18/Desktop/ensc-452/AudioTutorial/adventures_with_ip/adventures_with_ip.gen/sources_1/bd/ip_design/ip/ip_design_zed_audio_ctrl_0_0/ip_design_zed_audio_ctrl_0_0.dcp' for cell 'ip_design_i/zed_audio_ctrl_0'
INFO: [Project 1-454] Reading design checkpoint 'c:/Users/cjw18/Desktop/ensc-452/AudioTutorial/adventures_with_ip/adventures_with_ip.gen/sources_1/bd/ip_design/ip/ip_design_xbar_0/ip_design_xbar_0.dcp' for cell 'ip_design_i/ps7_0_axi_periph/xbar'
INFO: [Project 1-454] Reading design checkpoint 'c:/Users/cjw18/Desktop/ensc-452/AudioTutorial/adventures_with_ip/adventures_with_ip.gen/sources_1/bd/ip_design/ip/ip_design_auto_pc_0/ip_design_auto_pc_0.dcp' for cell 'ip_design_i/ps7_0_axi_periph/s00_couplers/auto_pc'
Netlist sorting complete. Time (s): cpu = 00:00:00 ; elapsed = 00:00:00.094 . Memory (MB): peak = 1105.047 ; gain = 0.000
INFO: [Netlist 29-17] Analyzing 22 Unisim elements for replacement
INFO: [Netlist 29-28] Unisim Transformation completed in 0 CPU seconds
INFO: [Project 1-479] Netlist was created with Vivado 2020.2
INFO: [Project 1-570] Preparing netlist for logic optimization
Parsing XDC File [c:/Users/cjw18/Desktop/ensc-452/AudioTutorial/adventures_with_ip/adventures_with_ip.gen/sources_1/bd/ip_design/ip/ip_design_processing_system7_0_0/ip_design_processing_system7_0_0.xdc] for cell 'ip_design_i/processing_system7_0/inst'
Finished Parsing XDC File [c:/Users/cjw18/Desktop/ensc-452/AudioTutorial/adventures_with_ip/adventures_with_ip.gen/sources_1/bd/ip_design/ip/ip_design_processing_system7_0_0/ip_design_processing_system7_0_0.xdc] for cell 'ip_design_i/processing_system7_0/inst'
Parsing XDC File [c:/Users/cjw18/Desktop/ensc-452/AudioTutorial/adventures_with_ip/adventures_with_ip.gen/sources_1/bd/ip_design/ip/ip_design_rst_ps7_0_100M_0/ip_design_rst_ps7_0_100M_0_board.xdc] for cell 'ip_design_i/rst_ps7_0_100M/U0'
Finished Parsing XDC File [c:/Users/cjw18/Desktop/ensc-452/AudioTutorial/adventures_with_ip/adventures_with_ip.gen/sources_1/bd/ip_design/ip/ip_design_rst_ps7_0_100M_0/ip_design_rst_ps7_0_100M_0_board.xdc] for cell 'ip_design_i/rst_ps7_0_100M/U0'
Parsing XDC File [c:/Users/cjw18/Desktop/ensc-452/AudioTutorial/adventures_with_ip/adventures_with_ip.gen/sources_1/bd/ip_design/ip/ip_design_rst_ps7_0_100M_0/ip_design_rst_ps7_0_100M_0.xdc] for cell 'ip_design_i/rst_ps7_0_100M/U0'
Finished Parsing XDC File [c:/Users/cjw18/Desktop/ensc-452/AudioTutorial/adventures_with_ip/adventures_with_ip.gen/sources_1/bd/ip_design/ip/ip_design_rst_ps7_0_100M_0/ip_design_rst_ps7_0_100M_0.xdc] for cell 'ip_design_i/rst_ps7_0_100M/U0'
Parsing XDC File [c:/Users/cjw18/Desktop/ensc-452/AudioTutorial/adventures_with_ip/adventures_with_ip.gen/sources_1/bd/ip_design/ip/ip_design_axi_gpio_0_0/ip_design_axi_gpio_0_0_board.xdc] for cell 'ip_design_i/axi_gpio_0/U0'
Finished Parsing XDC File [c:/Users/cjw18/Desktop/ensc-452/AudioTutorial/adventures_with_ip/adventures_with_ip.gen/sources_1/bd/ip_design/ip/ip_design_axi_gpio_0_0/ip_design_axi_gpio_0_0_board.xdc] for cell 'ip_design_i/axi_gpio_0/U0'
Parsing XDC File [c:/Users/cjw18/Desktop/ensc-452/AudioTutorial/adventures_with_ip/adventures_with_ip.gen/sources_1/bd/ip_design/ip/ip_design_axi_gpio_0_0/ip_design_axi_gpio_0_0.xdc] for cell 'ip_design_i/axi_gpio_0/U0'
Finished Parsing XDC File [c:/Users/cjw18/Desktop/ensc-452/AudioTutorial/adventures_with_ip/adventures_with_ip.gen/sources_1/bd/ip_design/ip/ip_design_axi_gpio_0_0/ip_design_axi_gpio_0_0.xdc] for cell 'ip_design_i/axi_gpio_0/U0'
Parsing XDC File [c:/Users/cjw18/Desktop/ensc-452/AudioTutorial/adventures_with_ip/adventures_with_ip.gen/sources_1/bd/ip_design/ip/ip_design_axi_gpio_1_0/ip_design_axi_gpio_1_0_board.xdc] for cell 'ip_design_i/axi_gpio_1/U0'
Finished Parsing XDC File [c:/Users/cjw18/Desktop/ensc-452/AudioTutorial/adventures_with_ip/adventures_with_ip.gen/sources_1/bd/ip_design/ip/ip_design_axi_gpio_1_0/ip_design_axi_gpio_1_0_board.xdc] for cell 'ip_design_i/axi_gpio_1/U0'
Parsing XDC File [c:/Users/cjw18/Desktop/ensc-452/AudioTutorial/adventures_with_ip/adventures_with_ip.gen/sources_1/bd/ip_design/ip/ip_design_axi_gpio_1_0/ip_design_axi_gpio_1_0.xdc] for cell 'ip_design_i/axi_gpio_1/U0'
Finished Parsing XDC File [c:/Users/cjw18/Desktop/ensc-452/AudioTutorial/adventures_with_ip/adventures_with_ip.gen/sources_1/bd/ip_design/ip/ip_design_axi_gpio_1_0/ip_design_axi_gpio_1_0.xdc] for cell 'ip_design_i/axi_gpio_1/U0'
Parsing XDC File [C:/Users/cjw18/Desktop/ensc-452/AudioTutorial/The_Zynq_Book_Tutorial_Sources_Aug_15/sources/zedboard/adventures_with_ip_integrator/constraints/adventures_with_ip.xdc]
Finished Parsing XDC File [C:/Users/cjw18/Desktop/ensc-452/AudioTutorial/The_Zynq_Book_Tutorial_Sources_Aug_15/sources/zedboard/adventures_with_ip_integrator/constraints/adventures_with_ip.xdc]
INFO: [Opt 31-138] Pushed 0 inverter(s) to 0 load pin(s).
Netlist sorting complete. Time (s): cpu = 00:00:00 ; elapsed = 00:00:00.001 . Memory (MB): peak = 1105.047 ; gain = 0.000
INFO: [Project 1-111] Unisim Transformation Summary:
  A total of 4 instances were transformed.
  IOBUF => IOBUF (IBUF, OBUFT): 4 instances

18 Infos, 1 Warnings, 0 Critical Warnings and 0 Errors encountered.
link_design completed successfully
link_design: Time (s): cpu = 00:00:09 ; elapsed = 00:00:18 . Memory (MB): peak = 1105.047 ; gain = 0.000
Command: opt_design
Attempting to get a license for feature 'Implementation' and/or device 'xc7z020'
INFO: [Common 17-349] Got license for feature 'Implementation' and/or device 'xc7z020'
Running DRC as a precondition to command opt_design

Starting DRC Task
INFO: [DRC 23-27] Running DRC with 2 threads
INFO: [Project 1-461] DRC finished with 0 Errors
INFO: [Project 1-462] Please refer to the DRC report (report_drc) for more information.

Time (s): cpu = 00:00:01 ; elapsed = 00:00:00.960 . Memory (MB): peak = 1105.047 ; gain = 0.000

Starting Cache Timing Information Task
INFO: [Timing 38-35] Done setting XDC timing constraints.
Ending Cache Timing Information Task | Checksum: 238929c4a

Time (s): cpu = 00:00:07 ; elapsed = 00:00:07 . Memory (MB): peak = 1534.230 ; gain = 429.184

Starting Logic Optimization Task

Phase 1 Retarget
INFO: [Opt 31-138] Pushed 0 inverter(s) to 0 load pin(s).
INFO: [Opt 31-49] Retargeted 0 cell(s).
Phase 1 Retarget | Checksum: 1eee8c347

Time (s): cpu = 00:00:00 ; elapsed = 00:00:00.118 . Memory (MB): peak = 1732.070 ; gain = 0.000
INFO: [Opt 31-389] Phase Retarget created 10 cells and removed 45 cells
INFO: [Opt 31-1021] In phase Retarget, 16 netlist objects are constrained preventing optimization. Please run opt_design with -debug_log to get more detail. 

Phase 2 Constant propagation
INFO: [Opt 31-138] Pushed 0 inverter(s) to 0 load pin(s).
Phase 2 Constant propagation | Checksum: 1dcd7f7bb

Time (s): cpu = 00:00:00 ; elapsed = 00:00:00.135 . Memory (MB): peak = 1732.070 ; gain = 0.000
INFO: [Opt 31-389] Phase Constant propagation created 4 cells and removed 8 cells

Phase 3 Sweep
Phase 3 Sweep | Checksum: 2509b117c

Time (s): cpu = 00:00:01 ; elapsed = 00:00:00.268 . Memory (MB): peak = 1732.070 ; gain = 0.000
INFO: [Opt 31-389] Phase Sweep created 8 cells and removed 47 cells

Phase 4 BUFG optimization
Phase 4 BUFG optimization | Checksum: 2509b117c

Time (s): cpu = 00:00:01 ; elapsed = 00:00:00.300 . Memory (MB): peak = 1732.070 ; gain = 0.000
INFO: [Opt 31-662] Phase BUFG optimization created 0 cells of which 0 are BUFGs and removed 0 cells.

Phase 5 Shift Register Optimization
INFO: [Opt 31-1064] SRL Remap converted 0 SRLs to 0 registers and converted 0 registers of register chains to 0 SRLs
Phase 5 Shift Register Optimization | Checksum: 2509b117c

Time (s): cpu = 00:00:01 ; elapsed = 00:00:00.307 . Memory (MB): peak = 1732.070 ; gain = 0.000
INFO: [Opt 31-389] Phase Shift Register Optimization created 0 cells and removed 0 cells

Phase 6 Post Processing Netlist
Phase 6 Post Processing Netlist | Checksum: 1d44818e1

Time (s): cpu = 00:00:01 ; elapsed = 00:00:00.317 . Memory (MB): peak = 1732.070 ; gain = 0.000
INFO: [Opt 31-389] Phase Post Processing Netlist created 0 cells and removed 0 cells
Opt_design Change Summary
=========================


-------------------------------------------------------------------------------------------------------------------------
|  Phase                        |  #Cells created  |  #Cells Removed  |  #Constrained objects preventing optimizations  |
-------------------------------------------------------------------------------------------------------------------------
|  Retarget                     |              10  |              45  |                                             16  |
|  Constant propagation         |               4  |               8  |                                              0  |
|  Sweep                        |               8  |              47  |                                              0  |
|  BUFG optimization            |               0  |               0  |                                              0  |
|  Shift Register Optimization  |               0  |               0  |                                              0  |
|  Post Processing Netlist      |               0  |               0  |                                              0  |
-------------------------------------------------------------------------------------------------------------------------



Starting Connectivity Check Task

Time (s): cpu = 00:00:00 ; elapsed = 00:00:00.004 . Memory (MB): peak = 1732.070 ; gain = 0.000
Ending Logic Optimization Task | Checksum: 162ec2e36

Time (s): cpu = 00:00:01 ; elapsed = 00:00:00.393 . Memory (MB): peak = 1732.070 ; gain = 0.000

Starting Power Optimization Task
INFO: [Pwropt 34-132] Skipping clock gating for clocks with a period < 2.00 ns.
Ending Power Optimization Task | Checksum: 162ec2e36

Time (s): cpu = 00:00:00 ; elapsed = 00:00:00.012 . Memory (MB): peak = 1732.070 ; gain = 0.000

Starting Final Cleanup Task
Ending Final Cleanup Task | Checksum: 162ec2e36

Time (s): cpu = 00:00:00 ; elapsed = 00:00:00 . Memory (MB): peak = 1732.070 ; gain = 0.000

Starting Netlist Obfuscation Task
Netlist sorting complete. Time (s): cpu = 00:00:00 ; elapsed = 00:00:00.001 . Memory (MB): peak = 1732.070 ; gain = 0.000
Ending Netlist Obfuscation Task | Checksum: 162ec2e36

Time (s): cpu = 00:00:00 ; elapsed = 00:00:00.001 . Memory (MB): peak = 1732.070 ; gain = 0.000
INFO: [Common 17-83] Releasing license: Implementation
36 Infos, 1 Warnings, 0 Critical Warnings and 0 Errors encountered.
opt_design completed successfully
opt_design: Time (s): cpu = 00:00:10 ; elapsed = 00:00:10 . Memory (MB): peak = 1732.070 ; gain = 627.023
INFO: [Timing 38-480] Writing timing data to binary archive.
Writing placer database...
Writing XDEF routing.
Writing XDEF routing logical nets.
Writing XDEF routing special nets.
Write XDEF Complete: Time (s): cpu = 00:00:00 ; elapsed = 00:00:00.054 . Memory (MB): peak = 1732.070 ; gain = 0.000
INFO: [Common 17-1381] The checkpoint 'C:/Users/cjw18/Desktop/ensc-452/AudioTutorial/adventures_with_ip/adventures_with_ip.runs/impl_1/ip_design_wrapper_opt.dcp' has been generated.
INFO: [runtcl-4] Executing : report_drc -file ip_design_wrapper_drc_opted.rpt -pb ip_design_wrapper_drc_opted.pb -rpx ip_design_wrapper_drc_opted.rpx
Command: report_drc -file ip_design_wrapper_drc_opted.rpt -pb ip_design_wrapper_drc_opted.pb -rpx ip_design_wrapper_drc_opted.rpx
INFO: [IP_Flow 19-1839] IP Catalog is up to date.
INFO: [Timing 38-35] Done setting XDC timing constraints.
INFO: [DRC 23-27] Running DRC with 2 threads
INFO: [Coretcl 2-168] The results of DRC are in file C:/Users/cjw18/Desktop/ensc-452/AudioTutorial/adventures_with_ip/adventures_with_ip.runs/impl_1/ip_design_wrapper_drc_opted.rpt.
report_drc completed successfully
Command: place_design
Attempting to get a license for feature 'Implementation' and/or device 'xc7z020'
INFO: [Common 17-349] Got license for feature 'Implementation' and/or device 'xc7z020'
INFO: [DRC 23-27] Running DRC with 2 threads
INFO: [Vivado_Tcl 4-198] DRC finished with 0 Errors
INFO: [Vivado_Tcl 4-199] Please refer to the DRC report (report_drc) for more information.
Running DRC as a precondition to command place_design
INFO: [DRC 23-27] Running DRC with 2 threads
INFO: [Vivado_Tcl 4-198] DRC finished with 0 Errors
INFO: [Vivado_Tcl 4-199] Please refer to the DRC report (report_drc) for more information.

Starting Placer Task
INFO: [Place 30-611] Multithreading enabled for place_design using a maximum of 2 CPUs

Phase 1 Placer Initialization

Phase 1.1 Placer Initialization Netlist Sorting
Netlist sorting complete. Time (s): cpu = 00:00:00 ; elapsed = 00:00:00.001 . Memory (MB): peak = 1785.406 ; gain = 0.000
Phase 1.1 Placer Initialization Netlist Sorting | Checksum: 1284d197c

Time (s): cpu = 00:00:00 ; elapsed = 00:00:00.008 . Memory (MB): peak = 1785.406 ; gain = 0.000
Netlist sorting complete. Time (s): cpu = 00:00:00 ; elapsed = 00:00:00.001 . Memory (MB): peak = 1785.406 ; gain = 0.000

Phase 1.2 IO Placement/ Clock Placement/ Build Placer Device
Phase 1.2 IO Placement/ Clock Placement/ Build Placer Device | Checksum: d3424b93

Time (s): cpu = 00:00:00 ; elapsed = 00:00:00.397 . Memory (MB): peak = 1785.406 ; gain = 0.000

Phase 1.3 Build Placer Netlist Model
Phase 1.3 Build Placer Netlist Model | Checksum: 168992be5

Time (s): cpu = 00:00:01 ; elapsed = 00:00:00.729 . Memory (MB): peak = 1785.406 ; gain = 0.000

Phase 1.4 Constrain Clocks/Macros
Phase 1.4 Constrain Clocks/Macros | Checksum: 168992be5

Time (s): cpu = 00:00:01 ; elapsed = 00:00:00.734 . Memory (MB): peak = 1785.406 ; gain = 0.000
Phase 1 Placer Initialization | Checksum: 168992be5

Time (s): cpu = 00:00:01 ; elapsed = 00:00:00.743 . Memory (MB): peak = 1785.406 ; gain = 0.000

Phase 2 Global Placement

Phase 2.1 Floorplanning
Phase 2.1 Floorplanning | Checksum: 22b5be6f5

Time (s): cpu = 00:00:01 ; elapsed = 00:00:00.900 . Memory (MB): peak = 1785.406 ; gain = 0.000

Phase 2.2 Update Timing before SLR Path Opt
Phase 2.2 Update Timing before SLR Path Opt | Checksum: 1c5a1c2a1

Time (s): cpu = 00:00:02 ; elapsed = 00:00:01 . Memory (MB): peak = 1785.406 ; gain = 0.000

Phase 2.3 Global Placement Core

Phase 2.3.1 Physical Synthesis In Placer
INFO: [Physopt 32-1035] Found 0 LUTNM shape to break, 60 LUT instances to create LUTNM shape
INFO: [Physopt 32-1044] Break lutnm for timing: one critical 0, two critical 0, total 0, new lutff created 0
INFO: [Physopt 32-775] End 1 Pass. Optimized 26 nets or cells. Created 0 new cell, deleted 26 existing cells and moved 0 existing cell
INFO: [Physopt 32-65] No nets found for high-fanout optimization.
INFO: [Physopt 32-232] Optimized 0 net. Created 0 new instance.
INFO: [Physopt 32-775] End 1 Pass. Optimized 0 net or cell. Created 0 new cell, deleted 0 existing cell and moved 0 existing cell
INFO: [Physopt 32-670] No setup violation found.  DSP Register Optimization was not performed.
INFO: [Physopt 32-670] No setup violation found.  Shift Register to Pipeline Optimization was not performed.
INFO: [Physopt 32-670] No setup violation found.  Shift Register Optimization was not performed.
INFO: [Physopt 32-670] No setup violation found.  BRAM Register Optimization was not performed.
INFO: [Physopt 32-670] No setup violation found.  URAM Register Optimization was not performed.
INFO: [Physopt 32-949] No candidate nets found for dynamic/static region interface net replication
INFO: [Physopt 32-775] End 1 Pass. Optimized 0 net or cell. Created 0 new cell, deleted 0 existing cell and moved 0 existing cell
Netlist sorting complete. Time (s): cpu = 00:00:00 ; elapsed = 00:00:00.001 . Memory (MB): peak = 1785.406 ; gain = 0.000

Summary of Physical Synthesis Optimizations
============================================


-----------------------------------------------------------------------------------------------------------------------------------------------------------
|  Optimization                                     |  Added Cells  |  Removed Cells  |  Optimized Cells/Nets  |  Dont Touch  |  Iterations  |  Elapsed   |
-----------------------------------------------------------------------------------------------------------------------------------------------------------
|  LUT Combining                                    |            0  |             26  |                    26  |           0  |           1  |  00:00:00  |
|  Very High Fanout                                 |            0  |              0  |                     0  |           0  |           1  |  00:00:00  |
|  DSP Register                                     |            0  |              0  |                     0  |           0  |           0  |  00:00:00  |
|  Shift Register to Pipeline                       |            0  |              0  |                     0  |           0  |           0  |  00:00:00  |
|  Shift Register                                   |            0  |              0  |                     0  |           0  |           0  |  00:00:00  |
|  BRAM Register                                    |            0  |              0  |                     0  |           0  |           0  |  00:00:00  |
|  URAM Register                                    |            0  |              0  |                     0  |           0  |           0  |  00:00:00  |
|  Dynamic/Static Region Interface Net Replication  |            0  |              0  |                     0  |           0  |           1  |  00:00:00  |
|  Total                                            |            0  |             26  |                    26  |           0  |           3  |  00:00:00  |
-----------------------------------------------------------------------------------------------------------------------------------------------------------


Phase 2.3.1 Physical Synthesis In Placer | Checksum: 2676bd815

Time (s): cpu = 00:00:05 ; elapsed = 00:00:03 . Memory (MB): peak = 1785.406 ; gain = 0.000
Phase 2.3 Global Placement Core | Checksum: 20a8913a7

Time (s): cpu = 00:00:05 ; elapsed = 00:00:03 . Memory (MB): peak = 1785.406 ; gain = 0.000
Phase 2 Global Placement | Checksum: 20a8913a7

Time (s): cpu = 00:00:05 ; elapsed = 00:00:03 . Memory (MB): peak = 1785.406 ; gain = 0.000

Phase 3 Detail Placement

Phase 3.1 Commit Multi Column Macros
Phase 3.1 Commit Multi Column Macros | Checksum: 22cc9dd7b

Time (s): cpu = 00:00:05 ; elapsed = 00:00:03 . Memory (MB): peak = 1785.406 ; gain = 0.000

Phase 3.2 Commit Most Macros & LUTRAMs
Phase 3.2 Commit Most Macros & LUTRAMs | Checksum: 12f4dc2e7

Time (s): cpu = 00:00:06 ; elapsed = 00:00:03 . Memory (MB): peak = 1785.406 ; gain = 0.000

Phase 3.3 Area Swap Optimization
Phase 3.3 Area Swap Optimization | Checksum: 1c28fb1b3

Time (s): cpu = 00:00:06 ; elapsed = 00:00:03 . Memory (MB): peak = 1785.406 ; gain = 0.000

Phase 3.4 Pipeline Register Optimization
Phase 3.4 Pipeline Register Optimization | Checksum: f9f950e6

Time (s): cpu = 00:00:06 ; elapsed = 00:00:03 . Memory (MB): peak = 1785.406 ; gain = 0.000

Phase 3.5 Small Shape Detail Placement
Phase 3.5 Small Shape Detail Placement | Checksum: 1ad3bd32d

Time (s): cpu = 00:00:06 ; elapsed = 00:00:04 . Memory (MB): peak = 1785.406 ; gain = 0.000

Phase 3.6 Re-assign LUT pins
Phase 3.6 Re-assign LUT pins | Checksum: 179789d2c

Time (s): cpu = 00:00:07 ; elapsed = 00:00:04 . Memory (MB): peak = 1785.406 ; gain = 0.000

Phase 3.7 Pipeline Register Optimization
Phase 3.7 Pipeline Register Optimization | Checksum: 23d063c1d

Time (s): cpu = 00:00:07 ; elapsed = 00:00:04 . Memory (MB): peak = 1785.406 ; gain = 0.000
Phase 3 Detail Placement | Checksum: 23d063c1d

Time (s): cpu = 00:00:07 ; elapsed = 00:00:04 . Memory (MB): peak = 1785.406 ; gain = 0.000

Phase 4 Post Placement Optimization and Clean-Up

Phase 4.1 Post Commit Optimization
INFO: [Timing 38-35] Done setting XDC timing constraints.

Phase 4.1.1 Post Placement Optimization
Post Placement Optimization Initialization | Checksum: 1df5f853b

Phase 4.1.1.1 BUFG Insertion

Starting Physical Synthesis Task

Phase 1 Physical Synthesis Initialization
INFO: [Physopt 32-721] Multithreading enabled for phys_opt_design using a maximum of 2 CPUs
INFO: [Physopt 32-619] Estimated Timing Summary | WNS=3.397 | TNS=0.000 |
Phase 1 Physical Synthesis Initialization | Checksum: 16acfeb89

Time (s): cpu = 00:00:00 ; elapsed = 00:00:00.084 . Memory (MB): peak = 1785.406 ; gain = 0.000
INFO: [Place 46-56] BUFG insertion identified 0 candidate nets. Inserted BUFG: 0, Replicated BUFG Driver: 0, Skipped due to Placement/Routing Conflicts: 0, Skipped due to Timing Degradation: 0, Skipped due to Illegal Netlist: 0.
Ending Physical Synthesis Task | Checksum: 1bd97ff90

Time (s): cpu = 00:00:00 ; elapsed = 00:00:00.090 . Memory (MB): peak = 1785.406 ; gain = 0.000
Phase 4.1.1.1 BUFG Insertion | Checksum: 1df5f853b

Time (s): cpu = 00:00:07 ; elapsed = 00:00:04 . Memory (MB): peak = 1785.406 ; gain = 0.000
INFO: [Place 30-746] Post Placement Timing Summary WNS=3.397. For the most accurate timing information please run report_timing.

Time (s): cpu = 00:00:07 ; elapsed = 00:00:04 . Memory (MB): peak = 1785.406 ; gain = 0.000
Phase 4.1 Post Commit Optimization | Checksum: 1fb22bb2d

Time (s): cpu = 00:00:07 ; elapsed = 00:00:04 . Memory (MB): peak = 1785.406 ; gain = 0.000

Phase 4.2 Post Placement Cleanup
Phase 4.2 Post Placement Cleanup | Checksum: 1fb22bb2d

Time (s): cpu = 00:00:07 ; elapsed = 00:00:04 . Memory (MB): peak = 1785.406 ; gain = 0.000

Phase 4.3 Placer Reporting

Phase 4.3.1 Print Estimated Congestion
INFO: [Place 30-612] Post-Placement Estimated Congestion 
 ____________________________________________________
|           | Global Congestion | Short Congestion  |
| Direction | Region Size       | Region Size       |
|___________|___________________|___________________|
|      North|                1x1|                1x1|
|___________|___________________|___________________|
|      South|                1x1|                1x1|
|___________|___________________|___________________|
|       East|                1x1|                1x1|
|___________|___________________|___________________|
|       West|                1x1|                1x1|
|___________|___________________|___________________|

Phase 4.3.1 Print Estimated Congestion | Checksum: 1fb22bb2d

Time (s): cpu = 00:00:07 ; elapsed = 00:00:04 . Memory (MB): peak = 1785.406 ; gain = 0.000
Phase 4.3 Placer Reporting | Checksum: 1fb22bb2d

Time (s): cpu = 00:00:08 ; elapsed = 00:00:04 . Memory (MB): peak = 1785.406 ; gain = 0.000

Phase 4.4 Final Placement Cleanup
Netlist sorting complete. Time (s): cpu = 00:00:00 ; elapsed = 00:00:00.001 . Memory (MB): peak = 1785.406 ; gain = 0.000

Time (s): cpu = 00:00:08 ; elapsed = 00:00:04 . Memory (MB): peak = 1785.406 ; gain = 0.000
Phase 4 Post Placement Optimization and Clean-Up | Checksum: 1fa649508

Time (s): cpu = 00:00:08 ; elapsed = 00:00:04 . Memory (MB): peak = 1785.406 ; gain = 0.000
Ending Placer Task | Checksum: 1823ac4b1

Time (s): cpu = 00:00:08 ; elapsed = 00:00:04 . Memory (MB): peak = 1785.406 ; gain = 0.000
INFO: [Common 17-83] Releasing license: Implementation
71 Infos, 1 Warnings, 0 Critical Warnings and 0 Errors encountered.
place_design completed successfully
place_design: Time (s): cpu = 00:00:10 ; elapsed = 00:00:05 . Memory (MB): peak = 1785.406 ; gain = 8.176
INFO: [Timing 38-480] Writing timing data to binary archive.
Writing placer database...
Writing XDEF routing.
Writing XDEF routing logical nets.
Writing XDEF routing special nets.
Write XDEF Complete: Time (s): cpu = 00:00:00 ; elapsed = 00:00:00.171 . Memory (MB): peak = 1785.406 ; gain = 0.000
INFO: [Common 17-1381] The checkpoint 'C:/Users/cjw18/Desktop/ensc-452/AudioTutorial/adventures_with_ip/adventures_with_ip.runs/impl_1/ip_design_wrapper_placed.dcp' has been generated.
INFO: [runtcl-4] Executing : report_io -file ip_design_wrapper_io_placed.rpt
report_io: Time (s): cpu = 00:00:00 ; elapsed = 00:00:00.054 . Memory (MB): peak = 1785.406 ; gain = 0.000
INFO: [runtcl-4] Executing : report_utilization -file ip_design_wrapper_utilization_placed.rpt -pb ip_design_wrapper_utilization_placed.pb
INFO: [runtcl-4] Executing : report_control_sets -verbose -file ip_design_wrapper_control_sets_placed.rpt
report_control_sets: Time (s): cpu = 00:00:00 ; elapsed = 00:00:00.006 . Memory (MB): peak = 1785.406 ; gain = 0.000
Command: phys_opt_design
Attempting to get a license for feature 'Implementation' and/or device 'xc7z020'
INFO: [Common 17-349] Got license for feature 'Implementation' and/or device 'xc7z020'
INFO: [Vivado_Tcl 4-383] Design worst setup slack (WNS) is greater than or equal to 0.000 ns. Skipping all physical synthesis optimizations.
INFO: [Vivado_Tcl 4-232] No setup violation found. The netlist was not modified.
INFO: [Common 17-83] Releasing license: Implementation
80 Infos, 1 Warnings, 0 Critical Warnings and 0 Errors encountered.
phys_opt_design completed successfully
INFO: [Timing 38-480] Writing timing data to binary archive.
Writing placer database...
Writing XDEF routing.
Writing XDEF routing logical nets.
Writing XDEF routing special nets.
Write XDEF Complete: Time (s): cpu = 00:00:01 ; elapsed = 00:00:00.171 . Memory (MB): peak = 1789.664 ; gain = 4.258
INFO: [Common 17-1381] The checkpoint 'C:/Users/cjw18/Desktop/ensc-452/AudioTutorial/adventures_with_ip/adventures_with_ip.runs/impl_1/ip_design_wrapper_physopt.dcp' has been generated.
Command: route_design
Attempting to get a license for feature 'Implementation' and/or device 'xc7z020'
INFO: [Common 17-349] Got license for feature 'Implementation' and/or device 'xc7z020'
Running DRC as a precondition to command route_design
INFO: [DRC 23-27] Running DRC with 2 threads
INFO: [Vivado_Tcl 4-198] DRC finished with 0 Errors
INFO: [Vivado_Tcl 4-199] Please refer to the DRC report (report_drc) for more information.


Starting Routing Task
INFO: [Route 35-254] Multithreading enabled for route_design using a maximum of 2 CPUs
Checksum: PlaceDB: af2eae6c ConstDB: 0 ShapeSum: d30c1645 RouteDB: 0

Phase 1 Build RT Design
Phase 1 Build RT Design | Checksum: 169a9a10f

Time (s): cpu = 00:00:21 ; elapsed = 00:00:19 . Memory (MB): peak = 1912.145 ; gain = 109.449
Post Restoration Checksum: NetGraph: ec4916db NumContArr: 7d608a34 Constraints: 0 Timing: 0

Phase 2 Router Initialization

Phase 2.1 Create Timer
Phase 2.1 Create Timer | Checksum: 169a9a10f

Time (s): cpu = 00:00:21 ; elapsed = 00:00:19 . Memory (MB): peak = 1912.148 ; gain = 109.453

Phase 2.2 Fix Topology Constraints
Phase 2.2 Fix Topology Constraints | Checksum: 169a9a10f

Time (s): cpu = 00:00:21 ; elapsed = 00:00:19 . Memory (MB): peak = 1918.355 ; gain = 115.660

Phase 2.3 Pre Route Cleanup
Phase 2.3 Pre Route Cleanup | Checksum: 169a9a10f

Time (s): cpu = 00:00:21 ; elapsed = 00:00:19 . Memory (MB): peak = 1918.355 ; gain = 115.660
 Number of Nodes with overlaps = 0

Phase 2.4 Update Timing
Phase 2.4 Update Timing | Checksum: 1673c90eb

Time (s): cpu = 00:00:22 ; elapsed = 00:00:20 . Memory (MB): peak = 1942.176 ; gain = 139.480
INFO: [Route 35-416] Intermediate Timing Summary | WNS=3.580  | TNS=0.000  | WHS=-0.241 | THS=-31.975|

Phase 2 Router Initialization | Checksum: 142f0c5cf

Time (s): cpu = 00:00:23 ; elapsed = 00:00:20 . Memory (MB): peak = 1942.176 ; gain = 139.480

Router Utilization Summary
  Global Vertical Routing Utilization    = 0 %
  Global Horizontal Routing Utilization  = 0 %
  Routable Net Status*
  *Does not include unroutable nets such as driverless and loadless.
  Run report_route_status for detailed report.
  Number of Failed Nets               = 2292
    (Failed Nets is the sum of unrouted and partially routed nets)
  Number of Unrouted Nets             = 2292
  Number of Partially Routed Nets     = 0
  Number of Node Overlaps             = 0


Phase 3 Initial Routing

Phase 3.1 Global Routing
Phase 3.1 Global Routing | Checksum: 142f0c5cf

Time (s): cpu = 00:00:23 ; elapsed = 00:00:20 . Memory (MB): peak = 1942.176 ; gain = 139.480
Phase 3 Initial Routing | Checksum: 1b8478c06

Time (s): cpu = 00:00:23 ; elapsed = 00:00:20 . Memory (MB): peak = 1942.176 ; gain = 139.480

Phase 4 Rip-up And Reroute

Phase 4.1 Global Iteration 0
 Number of Nodes with overlaps = 140
 Number of Nodes with overlaps = 2
 Number of Nodes with overlaps = 0
INFO: [Route 35-416] Intermediate Timing Summary | WNS=3.551  | TNS=0.000  | WHS=N/A    | THS=N/A    |

Phase 4.1 Global Iteration 0 | Checksum: 1e957b604

Time (s): cpu = 00:00:24 ; elapsed = 00:00:21 . Memory (MB): peak = 1942.176 ; gain = 139.480

Phase 4.2 Global Iteration 1
 Number of Nodes with overlaps = 0
INFO: [Route 35-416] Intermediate Timing Summary | WNS=3.551  | TNS=0.000  | WHS=N/A    | THS=N/A    |

Phase 4.2 Global Iteration 1 | Checksum: 134347e48

Time (s): cpu = 00:00:24 ; elapsed = 00:00:21 . Memory (MB): peak = 1942.176 ; gain = 139.480
Phase 4 Rip-up And Reroute | Checksum: 134347e48

Time (s): cpu = 00:00:24 ; elapsed = 00:00:21 . Memory (MB): peak = 1942.176 ; gain = 139.480

Phase 5 Delay and Skew Optimization

Phase 5.1 Delay CleanUp
Phase 5.1 Delay CleanUp | Checksum: 134347e48

Time (s): cpu = 00:00:24 ; elapsed = 00:00:21 . Memory (MB): peak = 1942.176 ; gain = 139.480

Phase 5.2 Clock Skew Optimization
Phase 5.2 Clock Skew Optimization | Checksum: 134347e48

Time (s): cpu = 00:00:24 ; elapsed = 00:00:21 . Memory (MB): peak = 1942.176 ; gain = 139.480
Phase 5 Delay and Skew Optimization | Checksum: 134347e48

Time (s): cpu = 00:00:24 ; elapsed = 00:00:21 . Memory (MB): peak = 1942.176 ; gain = 139.480

Phase 6 Post Hold Fix

Phase 6.1 Hold Fix Iter

Phase 6.1.1 Update Timing
Phase 6.1.1 Update Timing | Checksum: 1279d06e7

Time (s): cpu = 00:00:24 ; elapsed = 00:00:21 . Memory (MB): peak = 1942.176 ; gain = 139.480
INFO: [Route 35-416] Intermediate Timing Summary | WNS=3.565  | TNS=0.000  | WHS=0.039  | THS=0.000  |

Phase 6.1 Hold Fix Iter | Checksum: 15dad7613

Time (s): cpu = 00:00:24 ; elapsed = 00:00:21 . Memory (MB): peak = 1942.176 ; gain = 139.480
Phase 6 Post Hold Fix | Checksum: 15dad7613

Time (s): cpu = 00:00:24 ; elapsed = 00:00:21 . Memory (MB): peak = 1942.176 ; gain = 139.480

Phase 7 Route finalize

Router Utilization Summary
  Global Vertical Routing Utilization    = 0.379776 %
  Global Horizontal Routing Utilization  = 0.456305 %
  Routable Net Status*
  *Does not include unroutable nets such as driverless and loadless.
  Run report_route_status for detailed report.
  Number of Failed Nets               = 0
    (Failed Nets is the sum of unrouted and partially routed nets)
  Number of Unrouted Nets             = 0
  Number of Partially Routed Nets     = 0
  Number of Node Overlaps             = 0

Phase 7 Route finalize | Checksum: 12cff010c

Time (s): cpu = 00:00:24 ; elapsed = 00:00:21 . Memory (MB): peak = 1942.176 ; gain = 139.480

Phase 8 Verifying routed nets

 Verification completed successfully
Phase 8 Verifying routed nets | Checksum: 12cff010c

Time (s): cpu = 00:00:24 ; elapsed = 00:00:21 . Memory (MB): peak = 1942.176 ; gain = 139.480

Phase 9 Depositing Routes
Phase 9 Depositing Routes | Checksum: 15289b1e5

Time (s): cpu = 00:00:24 ; elapsed = 00:00:21 . Memory (MB): peak = 1942.176 ; gain = 139.480

Phase 10 Post Router Timing
INFO: [Route 35-57] Estimated Timing Summary | WNS=3.565  | TNS=0.000  | WHS=0.039  | THS=0.000  |

INFO: [Route 35-327] The final timing numbers are based on the router estimated timing analysis. For a complete and accurate timing signoff, please run report_timing_summary.
Phase 10 Post Router Timing | Checksum: 15289b1e5

Time (s): cpu = 00:00:24 ; elapsed = 00:00:21 . Memory (MB): peak = 1942.176 ; gain = 139.480
INFO: [Route 35-16] Router Completed Successfully

Time (s): cpu = 00:00:24 ; elapsed = 00:00:21 . Memory (MB): peak = 1942.176 ; gain = 139.480

Routing Is Done.
INFO: [Common 17-83] Releasing license: Implementation
95 Infos, 1 Warnings, 0 Critical Warnings and 0 Errors encountered.
route_design completed successfully
route_design: Time (s): cpu = 00:00:26 ; elapsed = 00:00:22 . Memory (MB): peak = 1942.176 ; gain = 152.512
INFO: [Timing 38-480] Writing timing data to binary archive.
Writing placer database...
Writing XDEF routing.
Writing XDEF routing logical nets.
Writing XDEF routing special nets.
Write XDEF Complete: Time (s): cpu = 00:00:01 ; elapsed = 00:00:00.219 . Memory (MB): peak = 1949.000 ; gain = 6.824
INFO: [Common 17-1381] The checkpoint 'C:/Users/cjw18/Desktop/ensc-452/AudioTutorial/adventures_with_ip/adventures_with_ip.runs/impl_1/ip_design_wrapper_routed.dcp' has been generated.
INFO: [runtcl-4] Executing : report_drc -file ip_design_wrapper_drc_routed.rpt -pb ip_design_wrapper_drc_routed.pb -rpx ip_design_wrapper_drc_routed.rpx
Command: report_drc -file ip_design_wrapper_drc_routed.rpt -pb ip_design_wrapper_drc_routed.pb -rpx ip_design_wrapper_drc_routed.rpx
INFO: [IP_Flow 19-1839] IP Catalog is up to date.
INFO: [DRC 23-27] Running DRC with 2 threads
INFO: [Coretcl 2-168] The results of DRC are in file C:/Users/cjw18/Desktop/ensc-452/AudioTutorial/adventures_with_ip/adventures_with_ip.runs/impl_1/ip_design_wrapper_drc_routed.rpt.
report_drc completed successfully
INFO: [runtcl-4] Executing : report_methodology -file ip_design_wrapper_methodology_drc_routed.rpt -pb ip_design_wrapper_methodology_drc_routed.pb -rpx ip_design_wrapper_methodology_drc_routed.rpx
Command: report_methodology -file ip_design_wrapper_methodology_drc_routed.rpt -pb ip_design_wrapper_methodology_drc_routed.pb -rpx ip_design_wrapper_methodology_drc_routed.rpx
INFO: [Timing 38-35] Done setting XDC timing constraints.
INFO: [DRC 23-133] Running Methodology with 2 threads
INFO: [Coretcl 2-1520] The results of Report Methodology are in file C:/Users/cjw18/Desktop/ensc-452/AudioTutorial/adventures_with_ip/adventures_with_ip.runs/impl_1/ip_design_wrapper_methodology_drc_routed.rpt.
report_methodology completed successfully
INFO: [runtcl-4] Executing : report_power -file ip_design_wrapper_power_routed.rpt -pb ip_design_wrapper_power_summary_routed.pb -rpx ip_design_wrapper_power_routed.rpx
Command: report_power -file ip_design_wrapper_power_routed.rpt -pb ip_design_wrapper_power_summary_routed.pb -rpx ip_design_wrapper_power_routed.rpx
INFO: [Timing 38-35] Done setting XDC timing constraints.
Running Vector-less Activity Propagation...

Finished Running Vector-less Activity Propagation
107 Infos, 1 Warnings, 0 Critical Warnings and 0 Errors encountered.
report_power completed successfully
INFO: [runtcl-4] Executing : report_route_status -file ip_design_wrapper_route_status.rpt -pb ip_design_wrapper_route_status.pb
INFO: [runtcl-4] Executing : report_timing_summary -max_paths 10 -file ip_design_wrapper_timing_summary_routed.rpt -pb ip_design_wrapper_timing_summary_routed.pb -rpx ip_design_wrapper_timing_summary_routed.rpx -warn_on_violation 
INFO: [Timing 38-91] UpdateTimingParams: Speed grade: -1, Delay Type: min_max.
INFO: [Timing 38-191] Multithreading enabled for timing update using a maximum of 2 CPUs
INFO: [runtcl-4] Executing : report_incremental_reuse -file ip_design_wrapper_incremental_reuse_routed.rpt
INFO: [Vivado_Tcl 4-1062] Incremental flow is disabled. No incremental reuse Info to report.
INFO: [runtcl-4] Executing : report_clock_utilization -file ip_design_wrapper_clock_utilization_routed.rpt
INFO: [runtcl-4] Executing : report_bus_skew -warn_on_violation -file ip_design_wrapper_bus_skew_routed.rpt -pb ip_design_wrapper_bus_skew_routed.pb -rpx ip_design_wrapper_bus_skew_routed.rpx
INFO: [Timing 38-91] UpdateTimingParams: Speed grade: -1, Delay Type: min_max.
INFO: [Timing 38-191] Multithreading enabled for timing update using a maximum of 2 CPUs
Command: write_bitstream -force ip_design_wrapper.bit
Attempting to get a license for feature 'Implementation' and/or device 'xc7z020'
INFO: [Common 17-349] Got license for feature 'Implementation' and/or device 'xc7z020'
Running DRC as a precondition to command write_bitstream
INFO: [IP_Flow 19-1839] IP Catalog is up to date.
INFO: [DRC 23-27] Running DRC with 2 threads
INFO: [Vivado 12-3199] DRC finished with 0 Errors
INFO: [Vivado 12-3200] Please refer to the DRC report (report_drc) for more information.
INFO: [Designutils 20-2272] Running write_bitstream with 2 threads.
Loading data files...
Loading site data...
Loading route data...
Processing options...
Creating bitmap...
Creating bitstream...
Writing bitstream ./ip_design_wrapper.bit...
INFO: [Vivado 12-1842] Bitgen Completed Successfully.
INFO: [Common 17-83] Releasing license: Implementation
11 Infos, 0 Warnings, 0 Critical Warnings and 0 Errors encountered.
write_bitstream completed successfully
write_bitstream: Time (s): cpu = 00:00:13 ; elapsed = 00:00:11 . Memory (MB): peak = 2432.848 ; gain = 460.824
INFO: [Common 17-206] Exiting Vivado at Fri Jan 31 18:43:32 2025...
