21:17:02 INFO  : Registering command handlers for Vitis TCF services
21:17:02 INFO  : Launching XSCT server: xsct.bat -n  -interactive C:\Users\cjw18\Desktop\GitHub\ensc-452\AudioTutorial\zynq_interrupts\temp_xsdb_launch_script.tcl
21:17:04 INFO  : Platform repository initialization has completed.
21:17:04 INFO  : XSCT server has started successfully.
21:17:04 INFO  : Successfully done setting XSCT server connection channel  
21:17:05 INFO  : plnx-install-location is set to ''
21:17:05 INFO  : Successfully done setting workspace for the tool. 
21:17:05 INFO  : Successfully done query RDI_DATADIR 
21:18:06 INFO  : Result from executing command 'getProjects': zynq_interrupt_system_wrapper
21:18:06 INFO  : Result from executing command 'getPlatforms': 
21:18:06 WARN  : An unexpected exception occurred in the module 'platform project logging'
21:18:07 INFO  : Platform 'zynq_interrupt_system_wrapper' is added to custom repositories.
21:18:14 INFO  : Platform 'zynq_interrupt_system_wrapper' is added to custom repositories.
21:19:51 INFO  : Result from executing command 'getProjects': zynq_interrupt_system_wrapper
21:19:51 INFO  : Result from executing command 'getPlatforms': zynq_interrupt_system_wrapper|C:/Users/cjw18/Desktop/GitHub/ensc-452/AudioTutorial/zynq_interrupts/zynq_interrupt_system_wrapper/export/zynq_interrupt_system_wrapper/zynq_interrupt_system_wrapper.xpfm
21:19:51 INFO  : Checking for BSP changes to sync application flags for project 'interrupt_counter'...
21:20:13 INFO  : Connected to target on host '127.0.0.1' and port '3121'.
21:20:13 INFO  : 'targets -set -filter {jtag_cable_name =~ "Digilent Zed 210248469719" && level==0 && jtag_device_ctx=="jsn-Zed-210248469719-03727093-0"}' command is executed.
21:20:16 INFO  : Device configured successfully with "C:/Users/cjw18/Desktop/GitHub/ensc-452/AudioTutorial/zynq_interrupts/interrupt_counter/_ide/bitstream/zynq_interrupt_system_wrapper.bit"
21:20:35 INFO  : Connected to target on host '127.0.0.1' and port '3121'.
21:20:35 INFO  : Jtag cable 'Digilent Zed 210248469719' is selected.
21:20:35 INFO  : 'jtag frequency' command is executed.
21:20:35 INFO  : Context for 'APU' is selected.
21:20:35 INFO  : System reset is completed.
21:20:38 INFO  : 'after 3000' command is executed.
21:20:38 INFO  : 'targets -set -filter {jtag_cable_name =~ "Digilent Zed 210248469719" && level==0 && jtag_device_ctx=="jsn-Zed-210248469719-03727093-0"}' command is executed.
21:20:40 INFO  : Device configured successfully with "C:/Users/cjw18/Desktop/GitHub/ensc-452/AudioTutorial/zynq_interrupts/interrupt_counter/_ide/bitstream/zynq_interrupt_system_wrapper.bit"
21:20:40 INFO  : Context for 'APU' is selected.
21:20:41 INFO  : Hardware design and registers information is loaded from 'C:/Users/cjw18/Desktop/GitHub/ensc-452/AudioTutorial/zynq_interrupts/zynq_interrupt_system_wrapper/export/zynq_interrupt_system_wrapper/hw/zynq_interrupt_system_wrapper.xsa'.
21:20:41 INFO  : 'configparams force-mem-access 1' command is executed.
21:20:41 INFO  : Context for 'APU' is selected.
21:20:41 INFO  : Sourcing of 'C:/Users/cjw18/Desktop/GitHub/ensc-452/AudioTutorial/zynq_interrupts/interrupt_counter/_ide/psinit/ps7_init.tcl' is done.
21:20:41 INFO  : 'ps7_init' command is executed.
21:20:41 INFO  : 'ps7_post_config' command is executed.
21:20:41 INFO  : Context for processor 'ps7_cortexa9_0' is selected.
21:20:41 INFO  : The application 'C:/Users/cjw18/Desktop/GitHub/ensc-452/AudioTutorial/zynq_interrupts/interrupt_counter/Debug/interrupt_counter.elf' is downloaded to processor 'ps7_cortexa9_0'.
21:20:41 INFO  : 'configparams force-mem-access 0' command is executed.
21:20:41 INFO  : ----------------XSDB Script----------------
connect -url tcp:127.0.0.1:3121
targets -set -nocase -filter {name =~"APU*"}
rst -system
after 3000
targets -set -filter {jtag_cable_name =~ "Digilent Zed 210248469719" && level==0 && jtag_device_ctx=="jsn-Zed-210248469719-03727093-0"}
fpga -file C:/Users/cjw18/Desktop/GitHub/ensc-452/AudioTutorial/zynq_interrupts/interrupt_counter/_ide/bitstream/zynq_interrupt_system_wrapper.bit
targets -set -nocase -filter {name =~"APU*"}
loadhw -hw C:/Users/cjw18/Desktop/GitHub/ensc-452/AudioTutorial/zynq_interrupts/zynq_interrupt_system_wrapper/export/zynq_interrupt_system_wrapper/hw/zynq_interrupt_system_wrapper.xsa -mem-ranges [list {0x40000000 0xbfffffff}] -regs
configparams force-mem-access 1
targets -set -nocase -filter {name =~"APU*"}
source C:/Users/cjw18/Desktop/GitHub/ensc-452/AudioTutorial/zynq_interrupts/interrupt_counter/_ide/psinit/ps7_init.tcl
ps7_init
ps7_post_config
targets -set -nocase -filter {name =~ "*A9*#0"}
dow C:/Users/cjw18/Desktop/GitHub/ensc-452/AudioTutorial/zynq_interrupts/interrupt_counter/Debug/interrupt_counter.elf
configparams force-mem-access 0
----------------End of Script----------------

21:20:41 INFO  : Context for processor 'ps7_cortexa9_0' is selected.
21:20:41 INFO  : 'con' command is executed.
21:20:41 INFO  : ----------------XSDB Script (After Launch)----------------
targets -set -nocase -filter {name =~ "*A9*#0"}
con
----------------End of Script----------------

21:20:41 INFO  : Launch script is exported to file 'C:\Users\cjw18\Desktop\GitHub\ensc-452\AudioTutorial\zynq_interrupts\interrupt_counter_system\_ide\scripts\debugger_interrupt_counter-default.tcl'
14:38:23 INFO  : Launching XSCT server: xsct.bat -n  -interactive C:\Users\cjw18\Desktop\GitHub\ensc-452\AudioTutorial\zynq_interrupts\temp_xsdb_launch_script.tcl
14:38:25 INFO  : XSCT server has started successfully.
14:38:25 INFO  : plnx-install-location is set to ''
14:38:25 INFO  : Successfully done setting XSCT server connection channel  
14:38:25 INFO  : Successfully done setting workspace for the tool. 
14:38:27 INFO  : Platform repository initialization has completed.
14:38:29 INFO  : Registering command handlers for Vitis TCF services
14:38:29 INFO  : Successfully done query RDI_DATADIR 
14:39:29 INFO  : Connected to target on host '127.0.0.1' and port '3121'.
14:39:30 INFO  : 'targets -set -filter {jtag_cable_name =~ "Digilent Zed 210248469719" && level==0 && jtag_device_ctx=="jsn-Zed-210248469719-03727093-0"}' command is executed.
14:39:32 INFO  : Device configured successfully with "C:/Users/cjw18/Desktop/GitHub/ensc-452/AudioTutorial/zynq_interrupts/interrupt_counter/_ide/bitstream/zynq_interrupt_system_wrapper.bit"
14:40:18 INFO  : Result from executing command 'getProjects': zynq_interrupt_system_wrapper
14:40:18 INFO  : Result from executing command 'getPlatforms': zynq_interrupt_system_wrapper|C:/Users/cjw18/Desktop/GitHub/ensc-452/AudioTutorial/zynq_interrupts/zynq_interrupt_system_wrapper/export/zynq_interrupt_system_wrapper/zynq_interrupt_system_wrapper.xpfm
14:40:18 INFO  : Checking for BSP changes to sync application flags for project 'interrupt_counter'...
14:40:37 INFO  : Connected to target on host '127.0.0.1' and port '3121'.
14:40:37 INFO  : Jtag cable 'Digilent Zed 210248469719' is selected.
14:40:37 INFO  : 'jtag frequency' command is executed.
14:40:37 INFO  : Context for 'APU' is selected.
14:40:37 INFO  : System reset is completed.
14:40:40 INFO  : 'after 3000' command is executed.
14:40:40 INFO  : 'targets -set -filter {jtag_cable_name =~ "Digilent Zed 210248469719" && level==0 && jtag_device_ctx=="jsn-Zed-210248469719-03727093-0"}' command is executed.
14:40:43 INFO  : Device configured successfully with "C:/Users/cjw18/Desktop/GitHub/ensc-452/AudioTutorial/zynq_interrupts/interrupt_counter/_ide/bitstream/zynq_interrupt_system_wrapper.bit"
14:40:43 INFO  : Context for 'APU' is selected.
14:40:43 INFO  : Hardware design and registers information is loaded from 'C:/Users/cjw18/Desktop/GitHub/ensc-452/AudioTutorial/zynq_interrupts/zynq_interrupt_system_wrapper/export/zynq_interrupt_system_wrapper/hw/zynq_interrupt_system_wrapper.xsa'.
14:40:43 INFO  : 'configparams force-mem-access 1' command is executed.
14:40:43 INFO  : Context for 'APU' is selected.
14:40:43 INFO  : Sourcing of 'C:/Users/cjw18/Desktop/GitHub/ensc-452/AudioTutorial/zynq_interrupts/interrupt_counter/_ide/psinit/ps7_init.tcl' is done.
14:40:43 INFO  : 'ps7_init' command is executed.
14:40:43 INFO  : 'ps7_post_config' command is executed.
14:40:43 INFO  : Context for processor 'ps7_cortexa9_0' is selected.
14:40:43 INFO  : The application 'C:/Users/cjw18/Desktop/GitHub/ensc-452/AudioTutorial/zynq_interrupts/interrupt_counter/Debug/interrupt_counter.elf' is downloaded to processor 'ps7_cortexa9_0'.
14:40:43 INFO  : 'configparams force-mem-access 0' command is executed.
14:40:43 INFO  : ----------------XSDB Script----------------
connect -url tcp:127.0.0.1:3121
targets -set -nocase -filter {name =~"APU*"}
rst -system
after 3000
targets -set -filter {jtag_cable_name =~ "Digilent Zed 210248469719" && level==0 && jtag_device_ctx=="jsn-Zed-210248469719-03727093-0"}
fpga -file C:/Users/cjw18/Desktop/GitHub/ensc-452/AudioTutorial/zynq_interrupts/interrupt_counter/_ide/bitstream/zynq_interrupt_system_wrapper.bit
targets -set -nocase -filter {name =~"APU*"}
loadhw -hw C:/Users/cjw18/Desktop/GitHub/ensc-452/AudioTutorial/zynq_interrupts/zynq_interrupt_system_wrapper/export/zynq_interrupt_system_wrapper/hw/zynq_interrupt_system_wrapper.xsa -mem-ranges [list {0x40000000 0xbfffffff}] -regs
configparams force-mem-access 1
targets -set -nocase -filter {name =~"APU*"}
source C:/Users/cjw18/Desktop/GitHub/ensc-452/AudioTutorial/zynq_interrupts/interrupt_counter/_ide/psinit/ps7_init.tcl
ps7_init
ps7_post_config
targets -set -nocase -filter {name =~ "*A9*#0"}
dow C:/Users/cjw18/Desktop/GitHub/ensc-452/AudioTutorial/zynq_interrupts/interrupt_counter/Debug/interrupt_counter.elf
configparams force-mem-access 0
----------------End of Script----------------

14:40:43 INFO  : Context for processor 'ps7_cortexa9_0' is selected.
14:40:43 INFO  : 'con' command is executed.
14:40:43 INFO  : ----------------XSDB Script (After Launch)----------------
targets -set -nocase -filter {name =~ "*A9*#0"}
con
----------------End of Script----------------

14:40:43 INFO  : Launch script is exported to file 'C:\Users\cjw18\Desktop\GitHub\ensc-452\AudioTutorial\zynq_interrupts\interrupt_counter_system\_ide\scripts\debugger_interrupt_counter-default.tcl'
15:53:38 INFO  : Disconnected from the channel tcfchan#1.
