Copyright 1986-2020 Xilinx, Inc. All Rights Reserved.
------------------------------------------------------------------------------------
| Tool Version : Vivado v.2020.2 (win64) Build 3064766 Wed Nov 18 09:12:45 MST 2020
| Date         : Fri Mar 21 18:00:24 2025
| Host         : ensc-pit-w18 running 64-bit major release  (build 9200)
| Command      : upgrade_ip
| Device       : xc7z020clg484-1
------------------------------------------------------------------------------------

Upgrade Log for IP 'ip_design_display_game_objects_0_0'

1. Summary
----------

SUCCESS in the conversion of ip_design_display_game_objects_0_0 (sfu.ca:user:display_game_objects:1.0 (Rev. 4)) to Vivado generation flows.






Copyright 1986-2020 Xilinx, Inc. All Rights Reserved.
------------------------------------------------------------------------------------
| Tool Version : Vivado v.2020.2 (win64) Build 3064766 Wed Nov 18 09:12:45 MST 2020
| Date         : Fri Mar 21 17:39:58 2025
| Host         : ensc-pit-w18 running 64-bit major release  (build 9200)
| Command      : upgrade_ip
| Device       : xc7z020clg484-1
------------------------------------------------------------------------------------

Upgrade Log for IP 'ip_design_display_game_objects_0_0'

1. Summary
----------

SUCCESS in the conversion of ip_design_display_game_objects_0_0 (sfu.ca:user:display_game_objects:1.0 (Rev. 4)) to Vivado generation flows.






Copyright 1986-2020 Xilinx, Inc. All Rights Reserved.
------------------------------------------------------------------------------------
| Tool Version : Vivado v.2020.2 (win64) Build 3064766 Wed Nov 18 09:12:45 MST 2020
| Date         : Fri Mar 21 17:24:27 2025
| Host         : ensc-pit-w18 running 64-bit major release  (build 9200)
| Command      : upgrade_ip
| Device       : xc7z020clg484-1
------------------------------------------------------------------------------------

Upgrade Log for IP 'ip_design_display_game_objects_0_0'

1. Summary
----------

SUCCESS in the conversion of ip_design_display_game_objects_0_0 (sfu.ca:user:display_game_objects:1.0 (Rev. 4)) to Vivado generation flows.






Copyright 1986-2020 Xilinx, Inc. All Rights Reserved.
------------------------------------------------------------------------------------
| Tool Version : Vivado v.2020.2 (win64) Build 3064766 Wed Nov 18 09:12:45 MST 2020
| Date         : Fri Mar 21 16:40:33 2025
| Host         : ensc-pit-w18 running 64-bit major release  (build 9200)
| Command      : upgrade_ip
| Device       : xc7z020clg484-1
------------------------------------------------------------------------------------

Upgrade Log for IP 'ip_design_display_game_objects_0_0'

1. Summary
----------

SUCCESS in the conversion of ip_design_display_game_objects_0_0 (sfu.ca:user:display_game_objects:1.0 (Rev. 4)) to Vivado generation flows.






Copyright 1986-2020 Xilinx, Inc. All Rights Reserved.
------------------------------------------------------------------------------------
| Tool Version : Vivado v.2020.2 (win64) Build 3064766 Wed Nov 18 09:12:45 MST 2020
| Date         : Fri Mar 21 16:38:35 2025
| Host         : ensc-pit-w18 running 64-bit major release  (build 9200)
| Command      : upgrade_ip
| Device       : xc7z020clg484-1
------------------------------------------------------------------------------------

Upgrade Log for IP 'ip_design_display_game_objects_0_0'

1. Summary
----------

SUCCESS in the conversion of ip_design_display_game_objects_0_0 (sfu.ca:user:display_game_objects:1.0 (Rev. 4)) to Vivado generation flows.






Copyright 1986-2020 Xilinx, Inc. All Rights Reserved.
------------------------------------------------------------------------------------
| Tool Version : Vivado v.2020.2 (win64) Build 3064766 Wed Nov 18 09:12:45 MST 2020
| Date         : Fri Mar 21 16:33:59 2025
| Host         : ensc-pit-w18 running 64-bit major release  (build 9200)
| Command      : upgrade_ip
| Device       : xc7z020clg484-1
------------------------------------------------------------------------------------

Upgrade Log for IP 'ip_design_display_game_objects_0_0'

1. Summary
----------

SUCCESS in the conversion of ip_design_display_game_objects_0_0 (sfu.ca:user:display_game_objects:1.0 (Rev. 4)) to Vivado generation flows.






Copyright 1986-2020 Xilinx, Inc. All Rights Reserved.
------------------------------------------------------------------------------------
| Tool Version : Vivado v.2020.2 (win64) Build 3064766 Wed Nov 18 09:12:45 MST 2020
| Date         : Fri Mar 21 16:29:02 2025
| Host         : ensc-pit-w18 running 64-bit major release  (build 9200)
| Command      : upgrade_ip
| Device       : xc7z020clg484-1
------------------------------------------------------------------------------------

Upgrade Log for IP 'ip_design_display_game_objects_0_0'

1. Summary
----------

SUCCESS in the conversion of ip_design_display_game_objects_0_0 (sfu.ca:user:display_game_objects:1.0 (Rev. 4)) to Vivado generation flows.






Copyright 1986-2020 Xilinx, Inc. All Rights Reserved.
------------------------------------------------------------------------------------
| Tool Version : Vivado v.2020.2 (win64) Build 3064766 Wed Nov 18 09:12:45 MST 2020
| Date         : Fri Mar 21 16:19:34 2025
| Host         : ensc-pit-w18 running 64-bit major release  (build 9200)
| Command      : upgrade_ip
| Device       : xc7z020clg484-1
------------------------------------------------------------------------------------

Upgrade Log for IP 'ip_design_display_game_objects_0_0'

1. Summary
----------

SUCCESS in the conversion of ip_design_display_game_objects_0_0 (sfu.ca:user:display_game_objects:1.0 (Rev. 4)) to Vivado generation flows.






Copyright 1986-2020 Xilinx, Inc. All Rights Reserved.
------------------------------------------------------------------------------------
| Tool Version : Vivado v.2020.2 (win64) Build 3064766 Wed Nov 18 09:12:45 MST 2020
| Date         : Fri Mar 21 15:38:31 2025
| Host         : ensc-pit-w18 running 64-bit major release  (build 9200)
| Command      : upgrade_ip
| Device       : xc7z020clg484-1
------------------------------------------------------------------------------------

Upgrade Log for IP 'ip_design_display_game_objects_0_0'

1. Summary
----------

SUCCESS in the conversion of ip_design_display_game_objects_0_0 (sfu.ca:user:display_game_objects:1.0 (Rev. 4)) to Vivado generation flows.






Copyright 1986-2020 Xilinx, Inc. All Rights Reserved.
------------------------------------------------------------------------------------
| Tool Version : Vivado v.2020.2 (win64) Build 3064766 Wed Nov 18 09:12:45 MST 2020
| Date         : Wed Mar 19 13:06:26 2025
| Host         : ensc-pit-w18 running 64-bit major release  (build 9200)
| Command      : upgrade_ip
| Device       : xc7z020clg484-1
------------------------------------------------------------------------------------

Upgrade Log for IP 'ip_design_display_game_objects_0_0'

1. Summary
----------

SUCCESS in the conversion of ip_design_display_game_objects_0_0 (sfu.ca:user:display_game_objects:1.0 (Rev. 4)) to Vivado generation flows.






Copyright 1986-2020 Xilinx, Inc. All Rights Reserved.
------------------------------------------------------------------------------------
| Tool Version : Vivado v.2020.2 (win64) Build 3064766 Wed Nov 18 09:12:45 MST 2020
| Date         : Wed Mar 19 12:54:27 2025
| Host         : ensc-pit-w18 running 64-bit major release  (build 9200)
| Command      : upgrade_ip
| Device       : xc7z020clg484-1
------------------------------------------------------------------------------------

Upgrade Log for IP 'ip_design_display_game_objects_0_0'

1. Summary
----------

SUCCESS in the conversion of ip_design_display_game_objects_0_0 (sfu.ca:user:display_game_objects:1.0 (Rev. 4)) to Vivado generation flows.






Copyright 1986-2020 Xilinx, Inc. All Rights Reserved.
------------------------------------------------------------------------------------
| Tool Version : Vivado v.2020.2 (win64) Build 3064766 Wed Nov 18 09:12:45 MST 2020
| Date         : Wed Mar 19 12:28:45 2025
| Host         : ensc-pit-w18 running 64-bit major release  (build 9200)
| Command      : upgrade_ip
| Device       : xc7z020clg484-1
------------------------------------------------------------------------------------

Upgrade Log for IP 'ip_design_display_game_objects_0_0'

1. Summary
----------

SUCCESS in the conversion of ip_design_display_game_objects_0_0 (sfu.ca:user:display_game_objects:1.0 (Rev. 4)) to Vivado generation flows.






Copyright 1986-2020 Xilinx, Inc. All Rights Reserved.
------------------------------------------------------------------------------------
| Tool Version : Vivado v.2020.2 (win64) Build 3064766 Wed Nov 18 09:12:45 MST 2020
| Date         : Fri Mar 14 21:04:50 2025
| Host         : ensc-pit-w18 running 64-bit major release  (build 9200)
| Command      : upgrade_ip
| Device       : xc7z020clg484-1
------------------------------------------------------------------------------------

Upgrade Log for IP 'ip_design_display_game_objects_0_0'

1. Summary
----------

SUCCESS in the conversion of ip_design_display_game_objects_0_0 (sfu.ca:user:display_game_objects:1.0 (Rev. 4)) to Vivado generation flows.






Copyright 1986-2020 Xilinx, Inc. All Rights Reserved.
------------------------------------------------------------------------------------
| Tool Version : Vivado v.2020.2 (win64) Build 3064766 Wed Nov 18 09:12:45 MST 2020
| Date         : Fri Mar 14 20:53:10 2025
| Host         : ensc-pit-w18 running 64-bit major release  (build 9200)
| Command      : upgrade_ip
| Device       : xc7z020clg484-1
------------------------------------------------------------------------------------

Upgrade Log for IP 'ip_design_display_game_objects_0_0'

1. Summary
----------

SUCCESS in the conversion of ip_design_display_game_objects_0_0 (sfu.ca:user:display_game_objects:1.0 (Rev. 4)) to Vivado generation flows.






Copyright 1986-2020 Xilinx, Inc. All Rights Reserved.
------------------------------------------------------------------------------------
| Tool Version : Vivado v.2020.2 (win64) Build 3064766 Wed Nov 18 09:12:45 MST 2020
| Date         : Fri Mar 14 20:09:43 2025
| Host         : ensc-pit-w18 running 64-bit major release  (build 9200)
| Command      : upgrade_ip
| Device       : xc7z020clg484-1
------------------------------------------------------------------------------------

Upgrade Log for IP 'ip_design_display_game_objects_0_0'

1. Summary
----------

SUCCESS in the conversion of ip_design_display_game_objects_0_0 (sfu.ca:user:display_game_objects:1.0 (Rev. 4)) to Vivado generation flows.






Copyright 1986-2020 Xilinx, Inc. All Rights Reserved.
------------------------------------------------------------------------------------
| Tool Version : Vivado v.2020.2 (win64) Build 3064766 Wed Nov 18 09:12:45 MST 2020
| Date         : Fri Mar 14 20:06:42 2025
| Host         : ensc-pit-w18 running 64-bit major release  (build 9200)
| Command      : upgrade_ip
| Device       : xc7z020clg484-1
------------------------------------------------------------------------------------

Upgrade Log for IP 'ip_design_display_game_objects_0_0'

1. Summary
----------

SUCCESS in the conversion of ip_design_display_game_objects_0_0 (sfu.ca:user:display_game_objects:1.0 (Rev. 4)) to Vivado generation flows.






Copyright 1986-2020 Xilinx, Inc. All Rights Reserved.
------------------------------------------------------------------------------------
| Tool Version : Vivado v.2020.2 (win64) Build 3064766 Wed Nov 18 09:12:45 MST 2020
| Date         : Fri Mar 14 19:55:52 2025
| Host         : ensc-pit-w18 running 64-bit major release  (build 9200)
| Command      : upgrade_ip
| Device       : xc7z020clg484-1
------------------------------------------------------------------------------------

Upgrade Log for IP 'ip_design_display_game_objects_0_0'

1. Summary
----------

SUCCESS in the conversion of ip_design_display_game_objects_0_0 (sfu.ca:user:display_game_objects:1.0 (Rev. 4)) to Vivado generation flows.






Copyright 1986-2020 Xilinx, Inc. All Rights Reserved.
------------------------------------------------------------------------------------
| Tool Version : Vivado v.2020.2 (win64) Build 3064766 Wed Nov 18 09:12:45 MST 2020
| Date         : Fri Mar 14 19:08:27 2025
| Host         : ensc-pit-w18 running 64-bit major release  (build 9200)
| Command      : upgrade_ip
| Device       : xc7z020clg484-1
------------------------------------------------------------------------------------

Upgrade Log for IP 'ip_design_display_game_objects_0_0'

1. Summary
----------

SUCCESS in the conversion of ip_design_display_game_objects_0_0 (sfu.ca:user:display_game_objects:1.0 (Rev. 4)) to Vivado generation flows.






Copyright 1986-2020 Xilinx, Inc. All Rights Reserved.
------------------------------------------------------------------------------------
| Tool Version : Vivado v.2020.2 (win64) Build 3064766 Wed Nov 18 09:12:45 MST 2020
| Date         : Fri Mar 14 18:59:11 2025
| Host         : ensc-pit-w18 running 64-bit major release  (build 9200)
| Command      : upgrade_ip
| Device       : xc7z020clg484-1
------------------------------------------------------------------------------------

Upgrade Log for IP 'ip_design_display_game_objects_0_0'

1. Summary
----------

SUCCESS in the conversion of ip_design_display_game_objects_0_0 (sfu.ca:user:display_game_objects:1.0 (Rev. 4)) to Vivado generation flows.






Copyright 1986-2020 Xilinx, Inc. All Rights Reserved.
------------------------------------------------------------------------------------
| Tool Version : Vivado v.2020.2 (win64) Build 3064766 Wed Nov 18 09:12:45 MST 2020
| Date         : Fri Mar 14 18:41:13 2025
| Host         : ensc-pit-w18 running 64-bit major release  (build 9200)
| Command      : upgrade_ip
| Device       : xc7z020clg484-1
------------------------------------------------------------------------------------

Upgrade Log for IP 'ip_design_display_game_objects_0_0'

1. Summary
----------

SUCCESS in the conversion of ip_design_display_game_objects_0_0 (sfu.ca:user:display_game_objects:1.0 (Rev. 4)) to Vivado generation flows.






Copyright 1986-2020 Xilinx, Inc. All Rights Reserved.
------------------------------------------------------------------------------------
| Tool Version : Vivado v.2020.2 (win64) Build 3064766 Wed Nov 18 09:12:45 MST 2020
| Date         : Fri Mar 14 18:22:37 2025
| Host         : ensc-pit-w18 running 64-bit major release  (build 9200)
| Command      : upgrade_ip
| Device       : xc7z020clg484-1
------------------------------------------------------------------------------------

Upgrade Log for IP 'ip_design_display_game_objects_0_0'

1. Summary
----------

SUCCESS in the conversion of ip_design_display_game_objects_0_0 (sfu.ca:user:display_game_objects:1.0 (Rev. 4)) to Vivado generation flows.






Copyright 1986-2020 Xilinx, Inc. All Rights Reserved.
------------------------------------------------------------------------------------
| Tool Version : Vivado v.2020.2 (win64) Build 3064766 Wed Nov 18 09:12:45 MST 2020
| Date         : Fri Mar 14 17:02:29 2025
| Host         : ensc-pit-w18 running 64-bit major release  (build 9200)
| Command      : upgrade_ip
| Device       : xc7z020clg484-1
------------------------------------------------------------------------------------

Upgrade Log for IP 'ip_design_display_game_objects_0_0'

1. Summary
----------

SUCCESS in the conversion of ip_design_display_game_objects_0_0 (sfu.ca:user:display_game_objects:1.0 (Rev. 4)) to Vivado generation flows.






Copyright 1986-2020 Xilinx, Inc. All Rights Reserved.
------------------------------------------------------------------------------------
| Tool Version : Vivado v.2020.2 (win64) Build 3064766 Wed Nov 18 09:12:45 MST 2020
| Date         : Fri Mar 14 16:42:37 2025
| Host         : ensc-pit-w18 running 64-bit major release  (build 9200)
| Command      : upgrade_ip
| Device       : xc7z020clg484-1
------------------------------------------------------------------------------------

Upgrade Log for IP 'ip_design_display_game_objects_0_0'

1. Summary
----------

SUCCESS in the conversion of ip_design_display_game_objects_0_0 (sfu.ca:user:display_game_objects:1.0 (Rev. 4)) to Vivado generation flows.






Copyright 1986-2020 Xilinx, Inc. All Rights Reserved.
------------------------------------------------------------------------------------
| Tool Version : Vivado v.2020.2 (win64) Build 3064766 Wed Nov 18 09:12:45 MST 2020
| Date         : Fri Mar 14 16:31:15 2025
| Host         : ensc-pit-w18 running 64-bit major release  (build 9200)
| Command      : upgrade_ip
| Device       : xc7z020clg484-1
------------------------------------------------------------------------------------

Upgrade Log for IP 'ip_design_display_game_objects_0_0'

1. Summary
----------

SUCCESS in the conversion of ip_design_display_game_objects_0_0 (sfu.ca:user:display_game_objects:1.0 (Rev. 4)) to Vivado generation flows.

