16:47:39 **** Incremental Build of project ip_design_wrapper_1 ****
buildplatform.bat 1700 ip_design_wrapper_1 vga2 
XSDB Server Channel: tcfchan#1
Reading the platform  : "ip_design_wrapper_1"
Building the BSP Library for domain  - vga2 on processor ps7_cortexa9_1
make --no-print-directory seq_libs

"Running Make include in ps7_cortexa9_1/libsrc/coresightps_dcc_v1_8/src"

make -C ps7_cortexa9_1/libsrc/coresightps_dcc_v1_8/src -s include  "SHELL=CMD" "COMPILER=arm-none-eabi-gcc" "ASSEMBLER=arm-none
-eabi-as" "ARCHIVER=arm-none-eabi-ar" "COMPILER_FLAGS=  -O2 -c" "EXTRA_COMPILER_FLAGS=-mcpu=cortex-a9 -mfpu=vfpv3 -mfloat-abi=h
ard -nostartfiles -g -Wall -Wextra -DUSE_AMP=1"

"Running Make include in ps7_cortexa9_1/libsrc/cpu_cortexa9_v2_10/src"

make -C ps7_cortexa9_1/libsrc/cpu_cortexa9_v2_10/src -s include  "SHELL=CMD" "COMPILER=arm-none-eabi-gcc" "ASSEMBLER=arm-none-e
abi-as" "ARCHIVER=arm-none-eabi-ar" "COMPILER_FLAGS=  -O2 -c" "EXTRA_COMPILER_FLAGS=-mcpu=cortex-a9 -mfpu=vfpv3 -mfloat-abi=har
d -nostartfiles -g -Wall -Wextra -DUSE_AMP=1"

"Running Make include in ps7_cortexa9_1/libsrc/ddrps_v1_2/src"

make -C ps7_cortexa9_1/libsrc/ddrps_v1_2/src -s include  "SHELL=CMD" "COMPILER=arm-none-eabi-gcc" "ASSEMBLER=arm-none-eabi-as" 
"ARCHIVER=arm-none-eabi-ar" "COMPILER_FLAGS=  -O2 -c" "EXTRA_COMPILER_FLAGS=-mcpu=cortex-a9 -mfpu=vfpv3 -mfloat-abi=hard -nosta
rtfiles -g -Wall -Wextra -DUSE_AMP=1"

"Running Make include in ps7_cortexa9_1/libsrc/devcfg_v3_7/src"

make -C ps7_cortexa9_1/libsrc/devcfg_v3_7/src -s include  "SHELL=CMD" "COMPILER=arm-none-eabi-gcc" "ASSEMBLER=arm-none-eabi-as"
 "ARCHIVER=arm-none-eabi-ar" "COMPILER_FLAGS=  -O2 -c" "EXTRA_COMPILER_FLAGS=-mcpu=cortex-a9 -mfpu=vfpv3 -mfloat-abi=hard -nost
artfiles -g -Wall -Wextra -DUSE_AMP=1"

"Running Make include in ps7_cortexa9_1/libsrc/dmaps_v2_7/src"

make -C ps7_cortexa9_1/libsrc/dmaps_v2_7/src -s include  "SHELL=CMD" "COMPILER=arm-none-eabi-gcc" "ASSEMBLER=arm-none-eabi-as" 
"ARCHIVER=arm-none-eabi-ar" "COMPILER_FLAGS=  -O2 -c" "EXTRA_COMPILER_FLAGS=-mcpu=cortex-a9 -mfpu=vfpv3 -mfloat-abi=hard -nosta
rtfiles -g -Wall -Wextra -DUSE_AMP=1"

"Running Make include in ps7_cortexa9_1/libsrc/emacps_v3_12/src"

make -C ps7_cortexa9_1/libsrc/emacps_v3_12/src -s include  "SHELL=CMD" "COMPILER=arm-none-eabi-gcc" "ASSEMBLER=arm-none-eabi-as
" "ARCHIVER=arm-none-eabi-ar" "COMPILER_FLAGS=  -O2 -c" "EXTRA_COMPILER_FLAGS=-mcpu=cortex-a9 -mfpu=vfpv3 -mfloat-abi=hard -nos
tartfiles -g -Wall -Wextra -DUSE_AMP=1"

"Running Make include in ps7_cortexa9_1/libsrc/gpiops_v3_8/src"

make -C ps7_cortexa9_1/libsrc/gpiops_v3_8/src -s include  "SHELL=CMD" "COMPILER=arm-none-eabi-gcc" "ASSEMBLER=arm-none-eabi-as"
 "ARCHIVER=arm-none-eabi-ar" "COMPILER_FLAGS=  -O2 -c" "EXTRA_COMPILER_FLAGS=-mcpu=cortex-a9 -mfpu=vfpv3 -mfloat-abi=hard -nost
artfiles -g -Wall -Wextra -DUSE_AMP=1"

"Running Make include in ps7_cortexa9_1/libsrc/gpio_v4_7/src"

make -C ps7_cortexa9_1/libsrc/gpio_v4_7/src -s include  "SHELL=CMD" "COMPILER=arm-none-eabi-gcc" "ASSEMBLER=arm-none-eabi-as" "
ARCHIVER=arm-none-eabi-ar" "COMPILER_FLAGS=  -O2 -c" "EXTRA_COMPILER_FLAGS=-mcpu=cortex-a9 -mfpu=vfpv3 -mfloat-abi=hard -nostar
tfiles -g -Wall -Wextra -DUSE_AMP=1"

"Running Make include in ps7_cortexa9_1/libsrc/iicps_v3_12/src"

make -C ps7_cortexa9_1/libsrc/iicps_v3_12/src -s include  "SHELL=CMD" "COMPILER=arm-none-eabi-gcc" "ASSEMBLER=arm-none-eabi-as"
 "ARCHIVER=arm-none-eabi-ar" "COMPILER_FLAGS=  -O2 -c" "EXTRA_COMPILER_FLAGS=-mcpu=cortex-a9 -mfpu=vfpv3 -mfloat-abi=hard -nost
artfiles -g -Wall -Wextra -DUSE_AMP=1"

"Running Make include in ps7_cortexa9_1/libsrc/led_controller_v1_0/src"

make -C ps7_cortexa9_1/libsrc/led_controller_v1_0/src -s include  "SHELL=CMD" "COMPILER=arm-none-eabi-gcc" "ASSEMBLER=arm-none-
eabi-as" "ARCHIVER=arm-none-eabi-ar" "COMPILER_FLAGS=  -O2 -c" "EXTRA_COMPILER_FLAGS=-mcpu=cortex-a9 -mfpu=vfpv3 -mfloat-abi=ha
rd -nostartfiles -g -Wall -Wextra -DUSE_AMP=1"

"Running Make include in ps7_cortexa9_1/libsrc/qspips_v3_8/src"

make -C ps7_cortexa9_1/libsrc/qspips_v3_8/src -s include  "SHELL=CMD" "COMPILER=arm-none-eabi-gcc" "ASSEMBLER=arm-none-eabi-as"
 "ARCHIVER=arm-none-eabi-ar" "COMPILER_FLAGS=  -O2 -c" "EXTRA_COMPILER_FLAGS=-mcpu=cortex-a9 -mfpu=vfpv3 -mfloat-abi=hard -nost
artfiles -g -Wall -Wextra -DUSE_AMP=1"

"Running Make include in ps7_cortexa9_1/libsrc/scugic_v4_3/src"

make -C ps7_cortexa9_1/libsrc/scugic_v4_3/src -s include  "SHELL=CMD" "COMPILER=arm-none-eabi-gcc" "ASSEMBLER=arm-none-eabi-as"
 "ARCHIVER=arm-none-eabi-ar" "COMPILER_FLAGS=  -O2 -c" "EXTRA_COMPILER_FLAGS=-mcpu=cortex-a9 -mfpu=vfpv3 -mfloat-abi=hard -nost
artfiles -g -Wall -Wextra -DUSE_AMP=1"

"Running Make include in ps7_cortexa9_1/libsrc/scutimer_v2_3/src"

make -C ps7_cortexa9_1/libsrc/scutimer_v2_3/src -s include  "SHELL=CMD" "COMPILER=arm-none-eabi-gcc" "ASSEMBLER=arm-none-eabi-a
s" "ARCHIVER=arm-none-eabi-ar" "COMPILER_FLAGS=  -O2 -c" "EXTRA_COMPILER_FLAGS=-mcpu=cortex-a9 -mfpu=vfpv3 -mfloat-abi=hard -no
startfiles -g -Wall -Wextra -DUSE_AMP=1"

"Running Make include in ps7_cortexa9_1/libsrc/scuwdt_v2_3/src"

make -C ps7_cortexa9_1/libsrc/scuwdt_v2_3/src -s include  "SHELL=CMD" "COMPILER=arm-none-eabi-gcc" "ASSEMBLER=arm-none-eabi-as"
 "ARCHIVER=arm-none-eabi-ar" "COMPILER_FLAGS=  -O2 -c" "EXTRA_COMPILER_FLAGS=-mcpu=cortex-a9 -mfpu=vfpv3 -mfloat-abi=hard -nost
artfiles -g -Wall -Wextra -DUSE_AMP=1"

"Running Make include in ps7_cortexa9_1/libsrc/sdps_v3_10/src"

make -C ps7_cortexa9_1/libsrc/sdps_v3_10/src -s include  "SHELL=CMD" "COMPILER=arm-none-eabi-gcc" "ASSEMBLER=arm-none-eabi-as" 
"ARCHIVER=arm-none-eabi-ar" "COMPILER_FLAGS=  -O2 -c" "EXTRA_COMPILER_FLAGS=-mcpu=cortex-a9 -mfpu=vfpv3 -mfloat-abi=hard -nosta
rtfiles -g -Wall -Wextra -DUSE_AMP=1"

"Running Make include in ps7_cortexa9_1/libsrc/standalone_v7_3/src"

make -C ps7_cortexa9_1/libsrc/standalone_v7_3/src -s include  "SHELL=CMD" "COMPILER=arm-none-eabi-gcc" "ASSEMBLER=arm-none-eabi
-as" "ARCHIVER=arm-none-eabi-ar" "COMPILER_FLAGS=  -O2 -c" "EXTRA_COMPILER_FLAGS=-mcpu=cortex-a9 -mfpu=vfpv3 -mfloat-abi=hard -
nostartfiles -g -Wall -Wextra -DUSE_AMP=1"

"Running Make include in ps7_cortexa9_1/libsrc/ttcps_v3_12/src"

make -C ps7_cortexa9_1/libsrc/ttcps_v3_12/src -s include  "SHELL=CMD" "COMPILER=arm-none-eabi-gcc" "ASSEMBLER=arm-none-eabi-as"
 "ARCHIVER=arm-none-eabi-ar" "COMPILER_FLAGS=  -O2 -c" "EXTRA_COMPILER_FLAGS=-mcpu=cortex-a9 -mfpu=vfpv3 -mfloat-abi=hard -nost
artfiles -g -Wall -Wextra -DUSE_AMP=1"

"Running Make include in ps7_cortexa9_1/libsrc/uartps_v3_10/src"

make -C ps7_cortexa9_1/libsrc/uartps_v3_10/src -s include  "SHELL=CMD" "COMPILER=arm-none-eabi-gcc" "ASSEMBLER=arm-none-eabi-as
" "ARCHIVER=arm-none-eabi-ar" "COMPILER_FLAGS=  -O2 -c" "EXTRA_COMPILER_FLAGS=-mcpu=cortex-a9 -mfpu=vfpv3 -mfloat-abi=hard -nos
tartfiles -g -Wall -Wextra -DUSE_AMP=1"

"Running Make include in ps7_cortexa9_1/libsrc/usbps_v2_6/src"

make -C ps7_cortexa9_1/libsrc/usbps_v2_6/src -s include  "SHELL=CMD" "COMPILER=arm-none-eabi-gcc" "ASSEMBLER=arm-none-eabi-as" 
"ARCHIVER=arm-none-eabi-ar" "COMPILER_FLAGS=  -O2 -c" "EXTRA_COMPILER_FLAGS=-mcpu=cortex-a9 -mfpu=vfpv3 -mfloat-abi=hard -nosta
rtfiles -g -Wall -Wextra -DUSE_AMP=1"

"Running Make include in ps7_cortexa9_1/libsrc/xadcps_v2_5/src"

make -C ps7_cortexa9_1/libsrc/xadcps_v2_5/src -s include  "SHELL=CMD" "COMPILER=arm-none-eabi-gcc" "ASSEMBLER=arm-none-eabi-as"
 "ARCHIVER=arm-none-eabi-ar" "COMPILER_FLAGS=  -O2 -c" "EXTRA_COMPILER_FLAGS=-mcpu=cortex-a9 -mfpu=vfpv3 -mfloat-abi=hard -nost
artfiles -g -Wall -Wextra -DUSE_AMP=1"

"Running Make libs in ps7_cortexa9_1/libsrc/led_controller_v1_0/src"

make -C ps7_cortexa9_1/libsrc/led_controller_v1_0/src -s libs  "SHELL=CMD" "COMPILER=arm-none-eabi-gcc" "ASSEMBLER=arm-none-eab
i-as" "ARCHIVER=arm-none-eabi-ar" "COMPILER_FLAGS=  -O2 -c" "EXTRA_COMPILER_FLAGS=-mcpu=cortex-a9 -mfpu=vfpv3 -mfloat-abi=hard 
-nostartfiles -g -Wall -Wextra -DUSE_AMP=1"

"Compiling led_controller..."

led_controller_selftest.c: In function 'LED_CONTROLLER_Reg_SelfTest':
led_controller_selftest.c:52:63: warning: comparison of integer expressions of different signedness: 'u32' {aka 'long unsigned int'} and 'int' [-Wsign-compare]
   52 |    if ( LED_CONTROLLER_mReadReg (baseaddr, read_loop_index*4) != (read_loop_index+1)*READ_WRITE_MUL_FACTOR){
      |                                                               ^~
led_controller_selftest.c:36:6: warning: unused variable 'Index' [-Wunused-variable]
   36 |  int Index;
      |      ^~~~~
'Finished building libraries sequentially.'

make -j --no-print-directory par_libs

"Running Make include in ps7_cortexa9_1/libsrc/coresightps_dcc_v1_8/src"

make -C ps7_cortexa9_1/libsrc/coresightps_dcc_v1_8/src -s include  "SHELL=CMD" "COMPILER=arm-none-eabi-gcc" "ASSEMBLER=arm-none
-eabi-as" "ARCHIVER=arm-none-eabi-ar" "COMPILER_FLAGS=  -O2 -c" "EXTRA_COMPILER_FLAGS=-mcpu=cortex-a9 -mfpu=vfpv3 -mfloat-abi=h
ard -nostartfiles -g -Wall -Wextra -DUSE_AMP=1"

"Running Make include in ps7_cortexa9_1/libsrc/cpu_cortexa9_v2_10/src"

make -C ps7_cortexa9_1/libsrc/cpu_cortexa9_v2_10/src -s include  "SHELL=CMD" "COMPILER=arm-none-eabi-gcc" "ASSEMBLER=arm-none-e
abi-as" "ARCHIVER=arm-none-eabi-ar" "COMPILER_FLAGS=  -O2 -c" "EXTRA_COMPILER_FLAGS=-mcpu=cortex-a9 -mfpu=vfpv3 -mfloat-abi=har
d -nostartfiles -g -Wall -Wextra -DUSE_AMP=1"

"Running Make include in ps7_cortexa9_1/libsrc/ddrps_v1_2/src"

make -C ps7_cortexa9_1/libsrc/ddrps_v1_2/src -s include  "SHELL=CMD" "COMPILER=arm-none-eabi-gcc" "ASSEMBLER=arm-none-eabi-as" 
"ARCHIVER=arm-none-eabi-ar" "COMPILER_FLAGS=  -O2 -c" "EXTRA_COMPILER_FLAGS=-mcpu=cortex-a9 -mfpu=vfpv3 -mfloat-abi=hard -nosta
rtfiles -g -Wall -Wextra -DUSE_AMP=1"

"Running Make include in ps7_cortexa9_1/libsrc/devcfg_v3_7/src"

"Running Make include in ps7_cortexa9_1/libsrc/dmaps_v2_7/src"

make -C ps7_cortexa9_1/libsrc/dmaps_v2_7/src -s include  "SHELL=CMD" "COMPILER=arm-none-eabi-gcc" "ASSEMBLER=arm-none-eabi-as" 
"ARCHIVER=arm-none-eabi-ar" "COMPILER_FLAGS=  -O2 -c" "EXTRA_COMPILER_FLAGS=-mcpu=cortex-a9 -mfpu=vfpv3 -mfloat-abi=hard -nosta
rtfiles -g -Wall -Wextra -DUSE_AMP=1"

make -C ps7_cortexa9_1/libsrc/devcfg_v3_7/src -s include  "SHELL=CMD" "COMPILER=arm-none-eabi-gcc" "ASSEMBLER=arm-none-eabi-as"
 "ARCHIVER=arm-none-eabi-ar" "COMPILER_FLAGS=  -O2 -c" "EXTRA_COMPILER_FLAGS=-mcpu=cortex-a9 -mfpu=vfpv3 -mfloat-abi=hard -nost
artfiles -g -Wall -Wextra -DUSE_AMP=1"

"Running Make include in ps7_cortexa9_1/libsrc/emacps_v3_12/src"

make -C ps7_cortexa9_1/libsrc/emacps_v3_12/src -s include  "SHELL=CMD" "COMPILER=arm-none-eabi-gcc" "ASSEMBLER=arm-none-eabi-as
" "ARCHIVER=arm-none-eabi-ar" "COMPILER_FLAGS=  -O2 -c" "EXTRA_COMPILER_FLAGS=-mcpu=cortex-a9 -mfpu=vfpv3 -mfloat-abi=hard -nos
tartfiles -g -Wall -Wextra -DUSE_AMP=1"

"Running Make include in ps7_cortexa9_1/libsrc/gpio_v4_7/src"

"Running Make include in ps7_cortexa9_1/libsrc/gpiops_v3_8/src"

make -C ps7_cortexa9_1/libsrc/gpiops_v3_8/src -s include  "SHELL=CMD" "COMPILER=arm-none-eabi-gcc" "ASSEMBLER=arm-none-eabi-as"
 "ARCHIVER=arm-none-eabi-ar" "COMPILER_FLAGS=  -O2 -c" "EXTRA_COMPILER_FLAGS=-mcpu=cortex-a9 -mfpu=vfpv3 -mfloat-abi=hard -nost
artfiles -g -Wall -Wextra -DUSE_AMP=1"

make -C ps7_cortexa9_1/libsrc/gpio_v4_7/src -s include  "SHELL=CMD" "COMPILER=arm-none-eabi-gcc" "ASSEMBLER=arm-none-eabi-as" "
ARCHIVER=arm-none-eabi-ar" "COMPILER_FLAGS=  -O2 -c" "EXTRA_COMPILER_FLAGS=-mcpu=cortex-a9 -mfpu=vfpv3 -mfloat-abi=hard -nostar
tfiles -g -Wall -Wextra -DUSE_AMP=1"

"Running Make include in ps7_cortexa9_1/libsrc/iicps_v3_12/src"

make -C ps7_cortexa9_1/libsrc/iicps_v3_12/src -s include  "SHELL=CMD" "COMPILER=arm-none-eabi-gcc" "ASSEMBLER=arm-none-eabi-as"
 "ARCHIVER=arm-none-eabi-ar" "COMPILER_FLAGS=  -O2 -c" "EXTRA_COMPILER_FLAGS=-mcpu=cortex-a9 -mfpu=vfpv3 -mfloat-abi=hard -nost
artfiles -g -Wall -Wextra -DUSE_AMP=1"

"Running Make include in ps7_cortexa9_1/libsrc/led_controller_v1_0/src"

make -C ps7_cortexa9_1/libsrc/led_controller_v1_0/src -s include  "SHELL=CMD" "COMPILER=arm-none-eabi-gcc" "ASSEMBLER=arm-none-
eabi-as" "ARCHIVER=arm-none-eabi-ar" "COMPILER_FLAGS=  -O2 -c" "EXTRA_COMPILER_FLAGS=-mcpu=cortex-a9 -mfpu=vfpv3 -mfloat-abi=ha
rd -nostartfiles -g -Wall -Wextra -DUSE_AMP=1"

"Running Make include in ps7_cortexa9_1/libsrc/qspips_v3_8/src"

"Running Make include in ps7_cortexa9_1/libsrc/scugic_v4_3/src"

make -C ps7_cortexa9_1/libsrc/scugic_v4_3/src -s include  "SHELL=CMD" "COMPILER=arm-none-eabi-gcc" "ASSEMBLER=arm-none-eabi-as"
 "ARCHIVER=arm-none-eabi-ar" "COMPILER_FLAGS=  -O2 -c" "EXTRA_COMPILER_FLAGS=-mcpu=cortex-a9 -mfpu=vfpv3 -mfloat-abi=hard -nost
artfiles -g -Wall -Wextra -DUSE_AMP=1"

"Running Make include in ps7_cortexa9_1/libsrc/sdps_v3_10/src"

"Running Make include in ps7_cortexa9_1/libsrc/uartps_v3_10/src"

make -C ps7_cortexa9_1/libsrc/qspips_v3_8/src -s include  "SHELL=CMD" "COMPILER=arm-none-eabi-gcc" "ASSEMBLER=arm-none-eabi-as"
 "ARCHIVER=arm-none-eabi-ar" "COMPILER_FLAGS=  -O2 -c" "EXTRA_COMPILER_FLAGS=-mcpu=cortex-a9 -mfpu=vfpv3 -mfloat-abi=hard -nost
artfiles -g -Wall -Wextra -DUSE_AMP=1"

"Running Make include in ps7_cortexa9_1/libsrc/scutimer_v2_3/src"

make -C ps7_cortexa9_1/libsrc/sdps_v3_10/src -s include  "SHELL=CMD" "COMPILER=arm-none-eabi-gcc" "ASSEMBLER=arm-none-eabi-as" 
"ARCHIVER=arm-none-eabi-ar" "COMPILER_FLAGS=  -O2 -c" "EXTRA_COMPILER_FLAGS=-mcpu=cortex-a9 -mfpu=vfpv3 -mfloat-abi=hard -nosta
rtfiles -g -Wall -Wextra -DUSE_AMP=1"

"Running Make include in ps7_cortexa9_1/libsrc/ttcps_v3_12/src"

"Running Make include in ps7_cortexa9_1/libsrc/scuwdt_v2_3/src"

make -C ps7_cortexa9_1/libsrc/scutimer_v2_3/src -s include  "SHELL=CMD" "COMPILER=arm-none-eabi-gcc" "ASSEMBLER=arm-none-eabi-a
s" "ARCHIVER=arm-none-eabi-ar" "COMPILER_FLAGS=  -O2 -c" "EXTRA_COMPILER_FLAGS=-mcpu=cortex-a9 -mfpu=vfpv3 -mfloat-abi=hard -no
startfiles -g -Wall -Wextra -DUSE_AMP=1"

make -C ps7_cortexa9_1/libsrc/ttcps_v3_12/src -s include  "SHELL=CMD" "COMPILER=arm-none-eabi-gcc" "ASSEMBLER=arm-none-eabi-as"
 "ARCHIVER=arm-none-eabi-ar" "COMPILER_FLAGS=  -O2 -c" "EXTRA_COMPILER_FLAGS=-mcpu=cortex-a9 -mfpu=vfpv3 -mfloat-abi=hard -nost
artfiles -g -Wall -Wextra -DUSE_AMP=1"

make -C ps7_cortexa9_1/libsrc/scuwdt_v2_3/src -s include  "SHELL=CMD" "COMPILER=arm-none-eabi-gcc" "ASSEMBLER=arm-none-eabi-as"
 "ARCHIVER=arm-none-eabi-ar" "COMPILER_FLAGS=  -O2 -c" "EXTRA_COMPILER_FLAGS=-mcpu=cortex-a9 -mfpu=vfpv3 -mfloat-abi=hard -nost
artfiles -g -Wall -Wextra -DUSE_AMP=1"

make -C ps7_cortexa9_1/libsrc/uartps_v3_10/src -s include  "SHELL=CMD" "COMPILER=arm-none-eabi-gcc" "ASSEMBLER=arm-none-eabi-as
" "ARCHIVER=arm-none-eabi-ar" "COMPILER_FLAGS=  -O2 -c" "EXTRA_COMPILER_FLAGS=-mcpu=cortex-a9 -mfpu=vfpv3 -mfloat-abi=hard -nos
tartfiles -g -Wall -Wextra -DUSE_AMP=1"

"Running Make include in ps7_cortexa9_1/libsrc/standalone_v7_3/src"

make -C ps7_cortexa9_1/libsrc/standalone_v7_3/src -s include  "SHELL=CMD" "COMPILER=arm-none-eabi-gcc" "ASSEMBLER=arm-none-eabi
-as" "ARCHIVER=arm-none-eabi-ar" "COMPILER_FLAGS=  -O2 -c" "EXTRA_COMPILER_FLAGS=-mcpu=cortex-a9 -mfpu=vfpv3 -mfloat-abi=hard -
nostartfiles -g -Wall -Wextra -DUSE_AMP=1"

"Running Make include in ps7_cortexa9_1/libsrc/xadcps_v2_5/src"

"Running Make include in ps7_cortexa9_1/libsrc/usbps_v2_6/src"

make -C ps7_cortexa9_1/libsrc/xadcps_v2_5/src -s include  "SHELL=CMD" "COMPILER=arm-none-eabi-gcc" "ASSEMBLER=arm-none-eabi-as"
 "ARCHIVER=arm-none-eabi-ar" "COMPILER_FLAGS=  -O2 -c" "EXTRA_COMPILER_FLAGS=-mcpu=cortex-a9 -mfpu=vfpv3 -mfloat-abi=hard -nost
artfiles -g -Wall -Wextra -DUSE_AMP=1"

make -C ps7_cortexa9_1/libsrc/usbps_v2_6/src -s include  "SHELL=CMD" "COMPILER=arm-none-eabi-gcc" "ASSEMBLER=arm-none-eabi-as" 
"ARCHIVER=arm-none-eabi-ar" "COMPILER_FLAGS=  -O2 -c" "EXTRA_COMPILER_FLAGS=-mcpu=cortex-a9 -mfpu=vfpv3 -mfloat-abi=hard -nosta
rtfiles -g -Wall -Wextra -DUSE_AMP=1"

"Running Make libs in ps7_cortexa9_1/libsrc/coresightps_dcc_v1_8/src"

"Running Make libs in ps7_cortexa9_1/libsrc/cpu_cortexa9_v2_10/src"

make -C ps7_cortexa9_1/libsrc/coresightps_dcc_v1_8/src -s libs  "SHELL=CMD" "COMPILER=arm-none-eabi-gcc" "ASSEMBLER=arm-none-ea
bi-as" "ARCHIVER=arm-none-eabi-ar" "COMPILER_FLAGS=  -O2 -c" "EXTRA_COMPILER_FLAGS=-mcpu=cortex-a9 -mfpu=vfpv3 -mfloat-abi=hard
 -nostartfiles -g -Wall -Wextra -DUSE_AMP=1"

make -C ps7_cortexa9_1/libsrc/cpu_cortexa9_v2_10/src -s libs  "SHELL=CMD" "COMPILER=arm-none-eabi-gcc" "ASSEMBLER=arm-none-eabi
-as" "ARCHIVER=arm-none-eabi-ar" "COMPILER_FLAGS=  -O2 -c" "EXTRA_COMPILER_FLAGS=-mcpu=cortex-a9 -mfpu=vfpv3 -mfloat-abi=hard -
nostartfiles -g -Wall -Wextra -DUSE_AMP=1"

"Running Make libs in ps7_cortexa9_1/libsrc/ddrps_v1_2/src"

"Running Make libs in ps7_cortexa9_1/libsrc/devcfg_v3_7/src"

make -C ps7_cortexa9_1/libsrc/ddrps_v1_2/src -s libs  "SHELL=CMD" "COMPILER=arm-none-eabi-gcc" "ASSEMBLER=arm-none-eabi-as" "AR
CHIVER=arm-none-eabi-ar" "COMPILER_FLAGS=  -O2 -c" "EXTRA_COMPILER_FLAGS=-mcpu=cortex-a9 -mfpu=vfpv3 -mfloat-abi=hard -nostartf
iles -g -Wall -Wextra -DUSE_AMP=1"

make -C ps7_cortexa9_1/libsrc/devcfg_v3_7/src -s libs  "SHELL=CMD" "COMPILER=arm-none-eabi-gcc" "ASSEMBLER=arm-none-eabi-as" "A
RCHIVER=arm-none-eabi-ar" "COMPILER_FLAGS=  -O2 -c" "EXTRA_COMPILER_FLAGS=-mcpu=cortex-a9 -mfpu=vfpv3 -mfloat-abi=hard -nostart
files -g -Wall -Wextra -DUSE_AMP=1"

"Running Make libs in ps7_cortexa9_1/libsrc/dmaps_v2_7/src"

"Running Make libs in ps7_cortexa9_1/libsrc/emacps_v3_12/src"

make -C ps7_cortexa9_1/libsrc/dmaps_v2_7/src -s libs  "SHELL=CMD" "COMPILER=arm-none-eabi-gcc" "ASSEMBLER=arm-none-eabi-as" "AR
CHIVER=arm-none-eabi-ar" "COMPILER_FLAGS=  -O2 -c" "EXTRA_COMPILER_FLAGS=-mcpu=cortex-a9 -mfpu=vfpv3 -mfloat-abi=hard -nostartf
iles -g -Wall -Wextra -DUSE_AMP=1"

"Running Make libs in ps7_cortexa9_1/libsrc/gpio_v4_7/src"

make -C ps7_cortexa9_1/libsrc/emacps_v3_12/src -s libs  "SHELL=CMD" "COMPILER=arm-none-eabi-gcc" "ASSEMBLER=arm-none-eabi-as" "
ARCHIVER=arm-none-eabi-ar" "COMPILER_FLAGS=  -O2 -c" "EXTRA_COMPILER_FLAGS=-mcpu=cortex-a9 -mfpu=vfpv3 -mfloat-abi=hard -nostar
tfiles -g -Wall -Wextra -DUSE_AMP=1"

make -C ps7_cortexa9_1/libsrc/gpio_v4_7/src -s libs  "SHELL=CMD" "COMPILER=arm-none-eabi-gcc" "ASSEMBLER=arm-none-eabi-as" "ARC
HIVER=arm-none-eabi-ar" "COMPILER_FLAGS=  -O2 -c" "EXTRA_COMPILER_FLAGS=-mcpu=cortex-a9 -mfpu=vfpv3 -mfloat-abi=hard -nostartfi
les -g -Wall -Wextra -DUSE_AMP=1"

"Running Make libs in ps7_cortexa9_1/libsrc/gpiops_v3_8/src"

"Running Make libs in ps7_cortexa9_1/libsrc/iicps_v3_12/src"

make -C ps7_cortexa9_1/libsrc/iicps_v3_12/src -s libs  "SHELL=CMD" "COMPILER=arm-none-eabi-gcc" "ASSEMBLER=arm-none-eabi-as" "A
RCHIVER=arm-none-eabi-ar" "COMPILER_FLAGS=  -O2 -c" "EXTRA_COMPILER_FLAGS=-mcpu=cortex-a9 -mfpu=vfpv3 -mfloat-abi=hard -nostart
files -g -Wall -Wextra -DUSE_AMP=1"

"Running Make libs in ps7_cortexa9_1/libsrc/qspips_v3_8/src"

make -C ps7_cortexa9_1/libsrc/gpiops_v3_8/src -s libs  "SHELL=CMD" "COMPILER=arm-none-eabi-gcc" "ASSEMBLER=arm-none-eabi-as" "A
RCHIVER=arm-none-eabi-ar" "COMPILER_FLAGS=  -O2 -c" "EXTRA_COMPILER_FLAGS=-mcpu=cortex-a9 -mfpu=vfpv3 -mfloat-abi=hard -nostart
files -g -Wall -Wextra -DUSE_AMP=1"

"Running Make libs in ps7_cortexa9_1/libsrc/scugic_v4_3/src"

make -C ps7_cortexa9_1/libsrc/qspips_v3_8/src -s libs  "SHELL=CMD" "COMPILER=arm-none-eabi-gcc" "ASSEMBLER=arm-none-eabi-as" "A
RCHIVER=arm-none-eabi-ar" "COMPILER_FLAGS=  -O2 -c" "EXTRA_COMPILER_FLAGS=-mcpu=cortex-a9 -mfpu=vfpv3 -mfloat-abi=hard -nostart
files -g -Wall -Wextra -DUSE_AMP=1"

make -C ps7_cortexa9_1/libsrc/scugic_v4_3/src -s libs  "SHELL=CMD" "COMPILER=arm-none-eabi-gcc" "ASSEMBLER=arm-none-eabi-as" "A
RCHIVER=arm-none-eabi-ar" "COMPILER_FLAGS=  -O2 -c" "EXTRA_COMPILER_FLAGS=-mcpu=cortex-a9 -mfpu=vfpv3 -mfloat-abi=hard -nostart
files -g -Wall -Wextra -DUSE_AMP=1"

"Running Make libs in ps7_cortexa9_1/libsrc/scutimer_v2_3/src"

make -C ps7_cortexa9_1/libsrc/scutimer_v2_3/src -s libs  "SHELL=CMD" "COMPILER=arm-none-eabi-gcc" "ASSEMBLER=arm-none-eabi-as" 
"ARCHIVER=arm-none-eabi-ar" "COMPILER_FLAGS=  -O2 -c" "EXTRA_COMPILER_FLAGS=-mcpu=cortex-a9 -mfpu=vfpv3 -mfloat-abi=hard -nosta
rtfiles -g -Wall -Wextra -DUSE_AMP=1"

"Running Make libs in ps7_cortexa9_1/libsrc/scuwdt_v2_3/src"

make -C ps7_cortexa9_1/libsrc/scuwdt_v2_3/src -s libs  "SHELL=CMD" "COMPILER=arm-none-eabi-gcc" "ASSEMBLER=arm-none-eabi-as" "A
RCHIVER=arm-none-eabi-ar" "COMPILER_FLAGS=  -O2 -c" "EXTRA_COMPILER_FLAGS=-mcpu=cortex-a9 -mfpu=vfpv3 -mfloat-abi=hard -nostart
files -g -Wall -Wextra -DUSE_AMP=1"

"Running Make libs in ps7_cortexa9_1/libsrc/sdps_v3_10/src"

"Running Make libs in ps7_cortexa9_1/libsrc/ttcps_v3_12/src"

make -C ps7_cortexa9_1/libsrc/sdps_v3_10/src -s libs  "SHELL=CMD" "COMPILER=arm-none-eabi-gcc" "ASSEMBLER=arm-none-eabi-as" "AR
CHIVER=arm-none-eabi-ar" "COMPILER_FLAGS=  -O2 -c" "EXTRA_COMPILER_FLAGS=-mcpu=cortex-a9 -mfpu=vfpv3 -mfloat-abi=hard -nostartf
iles -g -Wall -Wextra -DUSE_AMP=1"

"Running Make libs in ps7_cortexa9_1/libsrc/standalone_v7_3/src"

make -C ps7_cortexa9_1/libsrc/ttcps_v3_12/src -s libs  "SHELL=CMD" "COMPILER=arm-none-eabi-gcc" "ASSEMBLER=arm-none-eabi-as" "A
RCHIVER=arm-none-eabi-ar" "COMPILER_FLAGS=  -O2 -c" "EXTRA_COMPILER_FLAGS=-mcpu=cortex-a9 -mfpu=vfpv3 -mfloat-abi=hard -nostart
files -g -Wall -Wextra -DUSE_AMP=1"

"Running Make libs in ps7_cortexa9_1/libsrc/uartps_v3_10/src"

"Running Make libs in ps7_cortexa9_1/libsrc/usbps_v2_6/src"

make -C ps7_cortexa9_1/libsrc/standalone_v7_3/src -s libs  "SHELL=CMD" "COMPILER=arm-none-eabi-gcc" "ASSEMBLER=arm-none-eabi-as
" "ARCHIVER=arm-none-eabi-ar" "COMPILER_FLAGS=  -O2 -c" "EXTRA_COMPILER_FLAGS=-mcpu=cortex-a9 -mfpu=vfpv3 -mfloat-abi=hard -nos
tartfiles -g -Wall -Wextra -DUSE_AMP=1"

"Running Make libs in ps7_cortexa9_1/libsrc/xadcps_v2_5/src"

make -C ps7_cortexa9_1/libsrc/uartps_v3_10/src -s libs  "SHELL=CMD" "COMPILER=arm-none-eabi-gcc" "ASSEMBLER=arm-none-eabi-as" "
ARCHIVER=arm-none-eabi-ar" "COMPILER_FLAGS=  -O2 -c" "EXTRA_COMPILER_FLAGS=-mcpu=cortex-a9 -mfpu=vfpv3 -mfloat-abi=hard -nostar
tfiles -g -Wall -Wextra -DUSE_AMP=1"

make -C ps7_cortexa9_1/libsrc/usbps_v2_6/src -s libs  "SHELL=CMD" "COMPILER=arm-none-eabi-gcc" "ASSEMBLER=arm-none-eabi-as" "AR
CHIVER=arm-none-eabi-ar" "COMPILER_FLAGS=  -O2 -c" "EXTRA_COMPILER_FLAGS=-mcpu=cortex-a9 -mfpu=vfpv3 -mfloat-abi=hard -nostartf
iles -g -Wall -Wextra -DUSE_AMP=1"

make -C ps7_cortexa9_1/libsrc/xadcps_v2_5/src -s libs  "SHELL=CMD" "COMPILER=arm-none-eabi-gcc" "ASSEMBLER=arm-none-eabi-as" "A
RCHIVER=arm-none-eabi-ar" "COMPILER_FLAGS=  -O2 -c" "EXTRA_COMPILER_FLAGS=-mcpu=cortex-a9 -mfpu=vfpv3 -mfloat-abi=hard -nostart
files -g -Wall -Wextra -DUSE_AMP=1"

xscugic.c: In function 'DistributorInit':
xscugic.c:272:2: warning: #warning "Building GIC for AMP" [-Wcpp]
  272 | #warning "Building GIC for AMP"
      |  ^~~~~~~
xscugic_hw.c: In function 'DistInit':
xscugic_hw.c:123:3: warning: #warning "Building GIC for AMP" [-Wcpp]
  123 |  #warning "Building GIC for AMP"
      |   ^~~~~~~
xil_cache.c: In function 'Xil_DCacheInvalidateRange':
xil_cache.c:314:16: warning: unused variable 'L2CCOffset' [-Wunused-variable]
  314 |  volatile u32 *L2CCOffset = (volatile u32 *)(XPS_L2CC_BASEADDR +
      |                ^~~~~~~~~~
xil_cache.c: In function 'Xil_DCacheFlushRange':
xil_cache.c:459:16: warning: unused variable 'L2CCOffset' [-Wunused-variable]
  459 |  volatile u32 *L2CCOffset = (volatile u32 *)(XPS_L2CC_BASEADDR +
      |                ^~~~~~~~~~
xil_cache.c: In function 'Xil_ICacheInvalidateRange':
xil_cache.c:632:16: warning: unused variable 'L2CCOffset' [-Wunused-variable]
  632 |  volatile u32 *L2CCOffset = (volatile u32 *)(XPS_L2CC_BASEADDR +
      |                ^~~~~~~~~~
In file included from usleep.c:34:
xtime_l.h:65:9: note: #pragma message: For the sleep routines, Global timer is being used
   65 | #pragma message ("For the sleep routines, Global timer is being used")
      |         ^~~~~~~
In file included from xil_sleeptimer.c:32:
xtime_l.h:65:9: note: #pragma message: For the sleep routines, Global timer is being used
   65 | #pragma message ("For the sleep routines, Global timer is being used")
      |         ^~~~~~~
In file included from xtime_l.c:27:
xtime_l.h:65:9: note: #pragma message: For the sleep routines, Global timer is being used
   65 | #pragma message ("For the sleep routines, Global timer is being used")
      |         ^~~~~~~
In file included from sleep.c:31:
xtime_l.h:65:9: note: #pragma message: For the sleep routines, Global timer is being used
   65 | #pragma message ("For the sleep routines, Global timer is being used")
      |         ^~~~~~~
'Finished building libraries parallelly.'

make --no-print-directory archive

arm-none-eabi-ar -r  ps7_cortexa9_1/lib/libxil.a ps7_cortexa9_1/lib/xil_testcache.o ps7_cortexa9_1/lib/xadcps_selftest.o ps7_co
rtexa9_1/lib/xplatform_info.o ps7_cortexa9_1/lib/xil_mem.o ps7_cortexa9_1/lib/_exit.o ps7_cortexa9_1/lib/isatty.o ps7_cortexa9_
1/lib/xusbps_sinit.o ps7_cortexa9_1/lib/xdevcfg_hw.o ps7_cortexa9_1/lib/xil_sleeptimer.o ps7_cortexa9_1/lib/xgpio_sinit.o ps7_c
ortexa9_1/lib/xqspips_options.o ps7_cortexa9_1/lib/xdmaps_g.o ps7_cortexa9_1/lib/xscutimer_g.o ps7_cortexa9_1/lib/xsdps_options
.o ps7_cortexa9_1/lib/xil_misc_psreset_api.o ps7_cortexa9_1/lib/xdmaps_sinit.o ps7_cortexa9_1/lib/xscutimer_sinit.o ps7_cortexa
9_1/lib/xemacps_hw.o ps7_cortexa9_1/lib/inbyte.o ps7_cortexa9_1/lib/xdmaps_selftest.o ps7_cortexa9_1/lib/xscutimer_selftest.o p
s7_cortexa9_1/lib/putnum.o ps7_cortexa9_1/lib/xttcps_selftest.o ps7_cortexa9_1/lib/xqspips_hw.o ps7_cortexa9_1/lib/xgpiops_g.o 
ps7_cortexa9_1/lib/xsdps.o ps7_cortexa9_1/lib/close.o ps7_cortexa9_1/lib/xemacps_g.o ps7_cortexa9_1/lib/xgpiops_sinit.o ps7_cor
texa9_1/lib/xgpiops_selftest.o ps7_cortexa9_1/lib/xgpio_g.o ps7_cortexa9_1/lib/xscuwdt.o ps7_cortexa9_1/lib/xil_clocking.o ps7_
cortexa9_1/lib/xiicps_intr.o ps7_cortexa9_1/lib/xuartps_sinit.o ps7_cortexa9_1/lib/xgpio_selftest.o ps7_cortexa9_1/lib/xiicps_s
lave.o ps7_cortexa9_1/lib/xil_printf.o ps7_cortexa9_1/lib/kill.o ps7_cortexa9_1/lib/xiicps_g.o ps7_cortexa9_1/lib/xadcps.o ps7_
cortexa9_1/lib/xiicps_options.o ps7_cortexa9_1/lib/xuartps_selftest.o ps7_cortexa9_1/lib/xuartps_g.o ps7_cortexa9_1/lib/outbyte
.o ps7_cortexa9_1/lib/lseek.o ps7_cortexa9_1/lib/xgpiops.o ps7_cortexa9_1/lib/xl2cc_counter.o ps7_cortexa9_1/lib/xiicps_hw.o ps
7_cortexa9_1/lib/asm_vectors.o ps7_cortexa9_1/lib/abort.o ps7_cortexa9_1/lib/xdevcfg_g.o ps7_cortexa9_1/lib/getpid.o ps7_cortex
a9_1/lib/xttcps_g.o ps7_cortexa9_1/lib/xdevcfg_sinit.o ps7_cortexa9_1/lib/xdmaps.o ps7_cortexa9_1/lib/xscutimer.o ps7_cortexa9_
1/lib/xdevcfg_selftest.o ps7_cortexa9_1/lib/xttcps.o ps7_cortexa9_1/lib/xpm_counter.o ps7_cortexa9_1/lib/xiicps.o ps7_cortexa9_
1/lib/_sbrk.o ps7_cortexa9_1/lib/xiicps_master.o ps7_cortexa9_1/lib/xqspips_g.o ps7_cortexa9_1/lib/xemacps_bdring.o ps7_cortexa
9_1/lib/xusbps_endpoint.o ps7_cortexa9_1/lib/xusbps_g.o ps7_cortexa9_1/lib/xsdps_sinit.o ps7_cortexa9_1/lib/xqspips_selftest.o 
ps7_cortexa9_1/lib/xil_exception.o ps7_cortexa9_1/lib/sbrk.o ps7_cortexa9_1/lib/xil_testmem.o ps7_cortexa9_1/lib/xusbps.o ps7_c
ortexa9_1/lib/xemacps_control.o ps7_cortexa9_1/lib/xdevcfg.o ps7_cortexa9_1/lib/open.o ps7_cortexa9_1/lib/xscugic_intr.o ps7_co
rtexa9_1/lib/xil_assert.o ps7_cortexa9_1/lib/xusbps_intr.o ps7_cortexa9_1/lib/xsdps_host.o ps7_cortexa9_1/lib/xcoresightpsdcc.o
 ps7_cortexa9_1/lib/xiicps_xfer.o ps7_cortexa9_1/lib/xscugic_hw.o ps7_cortexa9_1/lib/sleep.o ps7_cortexa9_1/lib/cpputest_time.o
 ps7_cortexa9_1/lib/_open.o ps7_cortexa9_1/lib/fcntl.o ps7_cortexa9_1/lib/xttcps_options.o ps7_cortexa9_1/lib/print.o ps7_corte
xa9_1/lib/read.o ps7_cortexa9_1/lib/xadcps_intr.o ps7_cortexa9_1/lib/xqspips.o ps7_cortexa9_1/lib/xemacps.o ps7_cortexa9_1/lib/
xil_cache.o ps7_cortexa9_1/lib/xil_testio.o ps7_cortexa9_1/lib/unlink.o ps7_cortexa9_1/lib/translation_table.o ps7_cortexa9_1/l
ib/xusbps_hw.o ps7_cortexa9_1/lib/write.o ps7_cortexa9_1/lib/xil_mmu.o ps7_cortexa9_1/lib/boot.o ps7_cortexa9_1/lib/xiicps_self
test.o ps7_cortexa9_1/lib/cpu_init.o ps7_cortexa9_1/lib/usleep.o ps7_cortexa9_1/lib/xil_sleepcommon.o ps7_cortexa9_1/lib/xgpiop
s_intr.o ps7_cortexa9_1/lib/xscugic_sinit.o ps7_cortexa9_1/lib/xscugic_selftest.o ps7_cortexa9_1/lib/xuartps_hw.o ps7_cortexa9_
1/lib/xgpio_intr.o ps7_cortexa9_1/lib/xtime_l.o ps7_cortexa9_1/lib/xemacps_sinit.o ps7_cortexa9_1/lib/xil_util.o ps7_cortexa9_1
/lib/xuartps_intr.o ps7_cortexa9_1/lib/xuartps.o ps7_cortexa9_1/lib/xsdps_card.o ps7_cortexa9_1/lib/xdmaps_hw.o ps7_cortexa9_1/
lib/xttcps_sinit.o ps7_cortexa9_1/lib/xgpiops_hw.o ps7_cortexa9_1/lib/xsdps_g.o ps7_cortexa9_1/lib/fstat.o ps7_cortexa9_1/lib/e
rrno.o ps7_cortexa9_1/lib/xgpio.o ps7_cortexa9_1/lib/xdevcfg_intr.o ps7_cortexa9_1/lib/xuartps_options.o ps7_cortexa9_1/lib/vec
tors.o ps7_cortexa9_1/lib/xscuwdt_g.o ps7_cortexa9_1/lib/xscuwdt_sinit.o ps7_cortexa9_1/lib/xemacps_intr.o ps7_cortexa9_1/lib/x
scuwdt_selftest.o ps7_cortexa9_1/lib/xgpio_extra.o ps7_cortexa9_1/lib/xscugic_g.o ps7_cortexa9_1/lib/xil-crt0.o ps7_cortexa9_1/
lib/xscugic.o ps7_cortexa9_1/lib/xiicps_sinit.o ps7_cortexa9_1/lib/xadcps_g.o ps7_cortexa9_1/lib/xqspips_sinit.o ps7_cortexa9_1
/lib/xadcps_sinit.o

'Finished building libraries'


16:47:54 Build Finished (took 14s.881ms)

