17:42:48 **** Incremental Build of configuration Debug for project vga ****
make all 
make --no-print-directory pre-build
a9-linaro-pre-build-step
' '
make --no-print-directory main-build
'Building file: ../src/game.cpp'
'Invoking: ARM v7 g++ compiler'
arm-none-eabi-g++ -Wall -O0 -g3 -c -fmessage-length=0 -MT"src/game.o" -mcpu=cortex-a9 -mfpu=vfpv3 -mfloat-abi=hard -IC:/Users/cryst/Desktop/dabaogithub/ensc-452/Multicore/adventures_with_ip/MulticorePlatform/export/MulticorePlatform/sw/MulticorePlatform/standalone_domain/bspinclude/include -MMD -MP -MF"src/game.d" -MT"src/game.o" -o "src/game.o" "../src/game.cpp"
'Finished building: ../src/game.cpp'
' '
'Building target: vga.elf'
'Invoking: ARM v7 g++ linker'
arm-none-eabi-g++ -mcpu=cortex-a9 -mfpu=vfpv3 -mfloat-abi=hard -Wl,-build-id=none -specs=Xilinx.spec -Wl,-T -Wl,../src/lscript.ld -LC:/Users/cryst/Desktop/dabaogithub/ensc-452/Multicore/adventures_with_ip/MulticorePlatform/export/MulticorePlatform/sw/MulticorePlatform/standalone_domain/bsplib/lib -o "vga.elf"  ./src/drawings.o ./src/game.o ./src/main.o   -Wl,--start-group,-lxil,-lgcc,-lc,-lstdc++,--end-group -Wl,--start-group,-lxilffs,-lxil,-lgcc,-lc,--end-group -Wl,--start-group,-lrsa,-lxil,-lgcc,-lc,--end-group
'Finished building target: vga.elf'
' '
'Invoking: ARM v7 Print Size'
arm-none-eabi-size vga.elf  |tee "vga.elf.size"
   text	   data	    bss	    dec	    hex	filename
  88036	   3476	  22768	 114280	  1be68	vga.elf
'Finished building: vga.elf.size'
' '

17:42:49 Build Finished (took 1s.190ms)

