16:48:06 **** Incremental Build of configuration Debug for project vga_2 ****
make all 
make --no-print-directory pre-build
a9-linaro-pre-build-step
' '
make --no-print-directory main-build
'Building file: ../src/main.cc'
'Invoking: ARM v7 g++ compiler'
arm-none-eabi-g++ -Wall -O0 -g3 -c -fmessage-length=0 -MT"src/main.o" -mcpu=cortex-a9 -mfpu=vfpv3 -mfloat-abi=hard -IC:/Users/dumpherv/Desktop/452Project/ensc-452/Multicore/adventures_with_ip/ip_design_wrapper_1/export/ip_design_wrapper_1/sw/ip_design_wrapper_1/vga2/bspinclude/include -MMD -MP -MF"src/main.d" -MT"src/main.o" -o "src/main.o" "../src/main.cc"
../src/main.cc: In function 'int main()':
../src/main.cc:188:6: warning: unused variable 'status' [-Wunused-variable]
  188 |  int status;
      |      ^~~~~~
../src/main.cc: At global scope:
../src/main.cc:270:5: warning: 'int IntcInitFunction(u16, XGpio*)' defined but not used [-Wunused-function]
  270 | int IntcInitFunction(u16 DeviceId, XGpio *GpioInstancePtr)
      |     ^~~~~~~~~~~~~~~~
'Finished building: ../src/main.cc'
' '
'Building target: vga_2.elf'
'Invoking: ARM v7 g++ linker'
arm-none-eabi-g++ -mcpu=cortex-a9 -mfpu=vfpv3 -mfloat-abi=hard -Wl,-build-id=none -specs=Xilinx.spec -Wl,-T -Wl,../src/lscript.ld -LC:/Users/dumpherv/Desktop/452Project/ensc-452/Multicore/adventures_with_ip/ip_design_wrapper_1/export/ip_design_wrapper_1/sw/ip_design_wrapper_1/vga2/bsplib/lib -o "vga_2.elf"  ./src/main.o   -Wl,--start-group,-lxil,-lgcc,-lc,-lstdc++,--end-group
c:/xilinx/vitis/2020.2/gnu/aarch32/nt/gcc-arm-none-eabi/x86_64-oesdk-mingw32/usr/bin/arm-xilinx-eabi/../../libexec/arm-xilinx-eabi/gcc/arm-xilinx-eabi/9.2.0/real-ld.exe: ./src/main.o: in function `Timer_InterruptHandler(XTmrCtr*, unsigned char)':
C:\Users\dumpherv\Desktop\452Project\ensc-452\Multicore\adventures_with_ip\vga_2\Debug/../src/main.cc:77: undefined reference to `XTmrCtr_Stop'
c:/xilinx/vitis/2020.2/gnu/aarch32/nt/gcc-arm-none-eabi/x86_64-oesdk-mingw32/usr/bin/arm-xilinx-eabi/../../libexec/arm-xilinx-eabi/gcc/arm-xilinx-eabi/9.2.0/real-ld.exe: C:\Users\dumpherv\Desktop\452Project\ensc-452\Multicore\adventures_with_ip\vga_2\Debug/../src/main.cc:78: undefined reference to `XTmrCtr_Reset'
c:/xilinx/vitis/2020.2/gnu/aarch32/nt/gcc-arm-none-eabi/x86_64-oesdk-mingw32/usr/bin/arm-xilinx-eabi/../../libexec/arm-xilinx-eabi/gcc/arm-xilinx-eabi/9.2.0/real-ld.exe: ./src/main.o: in function `ScuGicInterrupt_Init(unsigned short, XTmrCtr*)':
C:\Users\dumpherv\Desktop\452Project\ensc-452\Multicore\adventures_with_ip\vga_2\Debug/../src/main.cc:109: undefined reference to `XTmrCtr_InterruptHandler'
c:/xilinx/vitis/2020.2/gnu/aarch32/nt/gcc-arm-none-eabi/x86_64-oesdk-mingw32/usr/bin/arm-xilinx-eabi/../../libexec/arm-xilinx-eabi/gcc/arm-xilinx-eabi/9.2.0/real-ld.exe: C:\Users\dumpherv\Desktop\452Project\ensc-452\Multicore\adventures_with_ip\vga_2\Debug/../src/main.cc:109: undefined reference to `XTmrCtr_InterruptHandler'
c:/xilinx/vitis/2020.2/gnu/aarch32/nt/gcc-arm-none-eabi/x86_64-oesdk-mingw32/usr/bin/arm-xilinx-eabi/../../libexec/arm-xilinx-eabi/gcc/arm-xilinx-eabi/9.2.0/real-ld.exe: ./src/main.o: in function `main':
C:\Users\dumpherv\Desktop\452Project\ensc-452\Multicore\adventures_with_ip\vga_2\Debug/../src/main.cc:164: undefined reference to `XTmrCtr_Initialize'
c:/xilinx/vitis/2020.2/gnu/aarch32/nt/gcc-arm-none-eabi/x86_64-oesdk-mingw32/usr/bin/arm-xilinx-eabi/../../libexec/arm-xilinx-eabi/gcc/arm-xilinx-eabi/9.2.0/real-ld.exe: C:\Users\dumpherv\Desktop\452Project\ensc-452\Multicore\adventures_with_ip\vga_2\Debug/../src/main.cc:166: undefined reference to `XTmrCtr_SetHandler'
c:/xilinx/vitis/2020.2/gnu/aarch32/nt/gcc-arm-none-eabi/x86_64-oesdk-mingw32/usr/bin/arm-xilinx-eabi/../../libexec/arm-xilinx-eabi/gcc/arm-xilinx-eabi/9.2.0/real-ld.exe: C:\Users\dumpherv\Desktop\452Project\ensc-452\Multicore\adventures_with_ip\vga_2\Debug/../src/main.cc:171: undefined reference to `XTmrCtr_SetResetValue'
c:/xilinx/vitis/2020.2/gnu/aarch32/nt/gcc-arm-none-eabi/x86_64-oesdk-mingw32/usr/bin/arm-xilinx-eabi/../../libexec/arm-xilinx-eabi/gcc/arm-xilinx-eabi/9.2.0/real-ld.exe: C:\Users\dumpherv\Desktop\452Project\ensc-452\Multicore\adventures_with_ip\vga_2\Debug/../src/main.cc:177: undefined reference to `XTmrCtr_SetOptions'
c:/xilinx/vitis/2020.2/gnu/aarch32/nt/gcc-arm-none-eabi/x86_64-oesdk-mingw32/usr/bin/arm-xilinx-eabi/../../libexec/arm-xilinx-eabi/gcc/arm-xilinx-eabi/9.2.0/real-ld.exe: C:\Users\dumpherv\Desktop\452Project\ensc-452\Multicore\adventures_with_ip\vga_2\Debug/../src/main.cc:216: undefined reference to `XTmrCtr_Start'
collect2.exe: error: ld returned 1 exit status
make[1]: *** [makefile:55: vga_2.elf] Error 1
make: *** [makefile:46: all] Error 2

16:48:07 Build Finished (took 1s.64ms)

