
*** Running vivado
    with args -log display_game_objects_v1_0.vds -m64 -product Vivado -mode batch -messageDb vivado.pb -notrace -source display_game_objects_v1_0.tcl



****** Vivado v2020.2 (64-bit)
  **** SW Build 3064766 on Wed Nov 18 09:12:45 MST 2020
  **** IP Build 3064653 on Wed Nov 18 14:17:31 MST 2020
    ** Copyright 1986-2020 Xilinx, Inc. All Rights Reserved.

source display_game_objects_v1_0.tcl -notrace
INFO: [IP_Flow 19-234] Refreshing IP repositories
WARNING: [IP_Flow 19-3685] Ignored loading user repository 'c:/Users/dumpherv/Desktop/ensc-452/Multicore/ip_repo/lfsr_1.0'. The path is contained within another repository.
WARNING: [IP_Flow 19-3685] Ignored loading user repository 'c:/Users/dumpherv/Desktop/ensc-452/Multicore/ip_repo/display_game_objects_1.0'. The path is contained within another repository.
WARNING: [IP_Flow 19-3685] Ignored loading user repository 'c:/Users/dumpherv/Desktop/ensc-452/Multicore/ip_repo/game_objects_1.0'. The path is contained within another repository.
INFO: [IP_Flow 19-1700] Loaded user IP repository 'c:/Users/dumpherv/Desktop/ensc-452/Multicore/ip_repo'.
INFO: [IP_Flow 19-1700] Loaded user IP repository 'u:/ENSC 452/VGA_tutorial/vga_tutorial_students/vga_controller_ip'.
INFO: [IP_Flow 19-1700] Loaded user IP repository 'c:/Users/dumpherv/Desktop/ensc-452/Multicore/adventures_with_ip/adventures_with_ip.tmp/display_game_objects_v1_0_project'.
WARNING: [IP_Flow 19-3656] If you move the project, the path for repository 'c:/Users/dumpherv/Desktop/ensc-452/Multicore/adventures_with_ip/adventures_with_ip.tmp/display_game_objects_v1_0_project' may become invalid. A better location for the repository would be in a path adjacent to the project. (Current project location is 'c:/Users/dumpherv/Desktop/ensc-452/Multicore/adventures_with_ip/adventures_with_ip.tmp/display_game_objects_v1_0_project/display_game_objects_v1_0_project.runs/synth_1'.)
INFO: [IP_Flow 19-2313] Loaded Vivado IP repository 'C:/Xilinx/Vivado/2020.2/data/ip'.
WARNING: [IP_Flow 19-4995] The host OS only allows 260 characters in a normal path. The IP cache path is more than 80 characters. If you experience issues with IP caching, please consider changing the IP cache to a location with a shorter path. Alternately consider using the OS subst command to map part of the path to a drive letter. 
Current IP cache path is c:/users/dumpherv/desktop/ensc-452/multicore/adventures_with_ip/adventures_with_ip.tmp/display_game_objects_v1_0_project/display_game_objects_v1_0_project.cache/ip 
Command: synth_design -top display_game_objects_v1_0 -part xc7z020clg484-1
Starting synth_design
Attempting to get a license for feature 'Synthesis' and/or device 'xc7z020'
INFO: [Common 17-349] Got license for feature 'Synthesis' and/or device 'xc7z020'
INFO: [Synth 8-7079] Multithreading enabled for synth_design using a maximum of 2 processes.
INFO: [Synth 8-7078] Launching helper process for spawning children vivado processes
INFO: [Synth 8-7075] Helper process launched with PID 11596
---------------------------------------------------------------------------------
Starting Synthesize : Time (s): cpu = 00:00:03 ; elapsed = 00:00:04 . Memory (MB): peak = 1106.621 ; gain = 0.000
---------------------------------------------------------------------------------
INFO: [Synth 8-638] synthesizing module 'display_game_objects_v1_0' [c:/Users/dumpherv/Desktop/ensc-452/Multicore/ip_repo/display_game_objects_1.0/hdl/display_game_objects_v1_0.vhd:51]
	Parameter C_S00_AXI_DATA_WIDTH bound to: 32 - type: integer 
	Parameter C_S00_AXI_ADDR_WIDTH bound to: 7 - type: integer 
	Parameter C_S_AXI_DATA_WIDTH bound to: 32 - type: integer 
	Parameter C_S_AXI_ADDR_WIDTH bound to: 7 - type: integer 
INFO: [Synth 8-3491] module 'display_game_objects_v1_0_S00_AXI' declared at 'c:/Users/dumpherv/Desktop/ensc-452/Multicore/ip_repo/display_game_objects_1.0/hdl/display_game_objects_v1_0_S00_AXI.vhd:5' bound to instance 'display_game_objects_v1_0_S00_AXI_inst' of component 'display_game_objects_v1_0_S00_AXI' [c:/Users/dumpherv/Desktop/ensc-452/Multicore/ip_repo/display_game_objects_1.0/hdl/display_game_objects_v1_0.vhd:92]
INFO: [Synth 8-638] synthesizing module 'display_game_objects_v1_0_S00_AXI' [c:/Users/dumpherv/Desktop/ensc-452/Multicore/ip_repo/display_game_objects_1.0/hdl/display_game_objects_v1_0_S00_AXI.vhd:88]
	Parameter C_S_AXI_DATA_WIDTH bound to: 32 - type: integer 
	Parameter C_S_AXI_ADDR_WIDTH bound to: 7 - type: integer 
INFO: [Synth 8-256] done synthesizing module 'display_game_objects_v1_0_S00_AXI' (1#1) [c:/Users/dumpherv/Desktop/ensc-452/Multicore/ip_repo/display_game_objects_1.0/hdl/display_game_objects_v1_0_S00_AXI.vhd:88]
INFO: [Synth 8-256] done synthesizing module 'display_game_objects_v1_0' (2#1) [c:/Users/dumpherv/Desktop/ensc-452/Multicore/ip_repo/display_game_objects_1.0/hdl/display_game_objects_v1_0.vhd:51]
---------------------------------------------------------------------------------
Finished Synthesize : Time (s): cpu = 00:00:04 ; elapsed = 00:00:05 . Memory (MB): peak = 1106.621 ; gain = 0.000
---------------------------------------------------------------------------------
---------------------------------------------------------------------------------
Finished Constraint Validation : Time (s): cpu = 00:00:05 ; elapsed = 00:00:05 . Memory (MB): peak = 1106.621 ; gain = 0.000
---------------------------------------------------------------------------------
---------------------------------------------------------------------------------
Start Loading Part and Timing Information
---------------------------------------------------------------------------------
Loading part: xc7z020clg484-1
---------------------------------------------------------------------------------
Finished Loading Part and Timing Information : Time (s): cpu = 00:00:05 ; elapsed = 00:00:05 . Memory (MB): peak = 1106.621 ; gain = 0.000
---------------------------------------------------------------------------------
INFO: [Device 21-403] Loading part xc7z020clg484-1
---------------------------------------------------------------------------------
Finished RTL Optimization Phase 2 : Time (s): cpu = 00:00:05 ; elapsed = 00:00:06 . Memory (MB): peak = 1106.621 ; gain = 0.000
---------------------------------------------------------------------------------
No constraint files found.
---------------------------------------------------------------------------------
Start RTL Component Statistics 
---------------------------------------------------------------------------------
Detailed RTL Component Info : 
+---Adders : 
	   2 Input   32 Bit       Adders := 10    
+---Registers : 
	               32 Bit    Registers := 23    
	                7 Bit    Registers := 2     
	                4 Bit    Registers := 3     
	                2 Bit    Registers := 2     
	                1 Bit    Registers := 6     
+---Muxes : 
	   2 Input   32 Bit        Muxes := 20    
	  21 Input   32 Bit        Muxes := 20    
	   2 Input    4 Bit        Muxes := 3     
	   2 Input    1 Bit        Muxes := 6     
---------------------------------------------------------------------------------
Finished RTL Component Statistics 
---------------------------------------------------------------------------------
---------------------------------------------------------------------------------
Start Part Resource Summary
---------------------------------------------------------------------------------
Part Resources:
DSPs: 220 (col length:60)
BRAMs: 280 (col length: RAMB18 60 RAMB36 30)
---------------------------------------------------------------------------------
Finished Part Resource Summary
---------------------------------------------------------------------------------
No constraint files found.
---------------------------------------------------------------------------------
Start Cross Boundary and Area Optimization
---------------------------------------------------------------------------------
---------------------------------------------------------------------------------
Finished Cross Boundary and Area Optimization : Time (s): cpu = 00:00:11 ; elapsed = 00:00:12 . Memory (MB): peak = 1106.621 ; gain = 0.000
---------------------------------------------------------------------------------
No constraint files found.
---------------------------------------------------------------------------------
Start Timing Optimization
---------------------------------------------------------------------------------
---------------------------------------------------------------------------------
Finished Timing Optimization : Time (s): cpu = 00:00:11 ; elapsed = 00:00:12 . Memory (MB): peak = 1106.621 ; gain = 0.000
---------------------------------------------------------------------------------
---------------------------------------------------------------------------------
Start Technology Mapping
---------------------------------------------------------------------------------
---------------------------------------------------------------------------------
Finished Technology Mapping : Time (s): cpu = 00:00:11 ; elapsed = 00:00:13 . Memory (MB): peak = 1106.621 ; gain = 0.000
---------------------------------------------------------------------------------
---------------------------------------------------------------------------------
Start IO Insertion
---------------------------------------------------------------------------------
---------------------------------------------------------------------------------
Start Flattening Before IO Insertion
---------------------------------------------------------------------------------
---------------------------------------------------------------------------------
Finished Flattening Before IO Insertion
---------------------------------------------------------------------------------
---------------------------------------------------------------------------------
Start Final Netlist Cleanup
---------------------------------------------------------------------------------
---------------------------------------------------------------------------------
Finished Final Netlist Cleanup
---------------------------------------------------------------------------------
---------------------------------------------------------------------------------
Finished IO Insertion : Time (s): cpu = 00:00:14 ; elapsed = 00:00:15 . Memory (MB): peak = 1106.621 ; gain = 0.000
---------------------------------------------------------------------------------
---------------------------------------------------------------------------------
Start Renaming Generated Instances
---------------------------------------------------------------------------------
---------------------------------------------------------------------------------
Finished Renaming Generated Instances : Time (s): cpu = 00:00:14 ; elapsed = 00:00:15 . Memory (MB): peak = 1106.621 ; gain = 0.000
---------------------------------------------------------------------------------
---------------------------------------------------------------------------------
Start Rebuilding User Hierarchy
---------------------------------------------------------------------------------
---------------------------------------------------------------------------------
Finished Rebuilding User Hierarchy : Time (s): cpu = 00:00:14 ; elapsed = 00:00:16 . Memory (MB): peak = 1106.621 ; gain = 0.000
---------------------------------------------------------------------------------
---------------------------------------------------------------------------------
Start Renaming Generated Ports
---------------------------------------------------------------------------------
---------------------------------------------------------------------------------
Finished Renaming Generated Ports : Time (s): cpu = 00:00:14 ; elapsed = 00:00:16 . Memory (MB): peak = 1106.621 ; gain = 0.000
---------------------------------------------------------------------------------
---------------------------------------------------------------------------------
Start Handling Custom Attributes
---------------------------------------------------------------------------------
---------------------------------------------------------------------------------
Finished Handling Custom Attributes : Time (s): cpu = 00:00:14 ; elapsed = 00:00:16 . Memory (MB): peak = 1106.621 ; gain = 0.000
---------------------------------------------------------------------------------
---------------------------------------------------------------------------------
Start Renaming Generated Nets
---------------------------------------------------------------------------------
---------------------------------------------------------------------------------
Finished Renaming Generated Nets : Time (s): cpu = 00:00:14 ; elapsed = 00:00:16 . Memory (MB): peak = 1106.621 ; gain = 0.000
---------------------------------------------------------------------------------
---------------------------------------------------------------------------------
Start Writing Synthesis Report
---------------------------------------------------------------------------------

Report BlackBoxes: 
+-+--------------+----------+
| |BlackBox name |Instances |
+-+--------------+----------+
+-+--------------+----------+

Report Cell Usage: 
+------+-------+------+
|      |Cell   |Count |
+------+-------+------+
|1     |BUFG   |     2|
|2     |CARRY4 |   128|
|3     |LUT1   |     2|
|4     |LUT2   |   226|
|5     |LUT3   |    33|
|6     |LUT4   |   389|
|7     |LUT5   |    80|
|8     |LUT6   |   219|
|9     |MUXF7  |    64|
|10    |FDRE   |   746|
|11    |FDSE   |    18|
|12    |IBUF   |    56|
|13    |OBUF   |    53|
+------+-------+------+

Report Instance Areas: 
+------+-----------------------------------------+----------------------------------+------+
|      |Instance                                 |Module                            |Cells |
+------+-----------------------------------------+----------------------------------+------+
|1     |top                                      |                                  |  2016|
|2     |  display_game_objects_v1_0_S00_AXI_inst |display_game_objects_v1_0_S00_AXI |  1905|
+------+-----------------------------------------+----------------------------------+------+
---------------------------------------------------------------------------------
Finished Writing Synthesis Report : Time (s): cpu = 00:00:14 ; elapsed = 00:00:16 . Memory (MB): peak = 1106.621 ; gain = 0.000
---------------------------------------------------------------------------------
Synthesis finished with 0 errors, 0 critical warnings and 0 warnings.
Synthesis Optimization Runtime : Time (s): cpu = 00:00:14 ; elapsed = 00:00:16 . Memory (MB): peak = 1106.621 ; gain = 0.000
Synthesis Optimization Complete : Time (s): cpu = 00:00:14 ; elapsed = 00:00:16 . Memory (MB): peak = 1106.621 ; gain = 0.000
INFO: [Project 1-571] Translating synthesized netlist
Netlist sorting complete. Time (s): cpu = 00:00:00 ; elapsed = 00:00:00.016 . Memory (MB): peak = 1106.621 ; gain = 0.000
INFO: [Netlist 29-17] Analyzing 192 Unisim elements for replacement
INFO: [Netlist 29-28] Unisim Transformation completed in 0 CPU seconds
WARNING: [Netlist 29-101] Netlist 'display_game_objects_v1_0' is not ideal for floorplanning, since the cellview 'display_game_objects_v1_0_S00_AXI' contains a large number of primitives.  Please consider enabling hierarchy in synthesis if you want to do floorplanning.
INFO: [Project 1-570] Preparing netlist for logic optimization
INFO: [Opt 31-138] Pushed 0 inverter(s) to 0 load pin(s).
Netlist sorting complete. Time (s): cpu = 00:00:00 ; elapsed = 00:00:00.001 . Memory (MB): peak = 1115.277 ; gain = 0.000
INFO: [Project 1-111] Unisim Transformation Summary:
No Unisim elements were transformed.

INFO: [Common 17-83] Releasing license: Synthesis
22 Infos, 6 Warnings, 0 Critical Warnings and 0 Errors encountered.
synth_design completed successfully
synth_design: Time (s): cpu = 00:00:19 ; elapsed = 00:00:27 . Memory (MB): peak = 1115.277 ; gain = 8.656
INFO: [Common 17-1381] The checkpoint 'c:/Users/dumpherv/Desktop/ensc-452/Multicore/adventures_with_ip/adventures_with_ip.tmp/display_game_objects_v1_0_project/display_game_objects_v1_0_project.runs/synth_1/display_game_objects_v1_0.dcp' has been generated.
INFO: [runtcl-4] Executing : report_utilization -file display_game_objects_v1_0_utilization_synth.rpt -pb display_game_objects_v1_0_utilization_synth.pb
INFO: [Common 17-206] Exiting Vivado at Fri Mar 21 17:23:45 2025...
