22:22:15 INFO  : Processing command line option -hwspec C:/Users/Chris/Desktop/GitHub/ensc-452/AudioTutorial/zynq_interrupts/zynq_interrupts.sdk/zynq_interrupt_system_wrapper.hdf.
22:22:22 INFO  : Launching XSDB server: xsdb.bat -s C:/Xilinx/SDK/2015.1/scripts/xsdb/xsdb/xsdb-server.tcl 2450
22:22:23 INFO  : XSDB server has started successfully.
22:35:36 INFO  : Connected to target on host '127.0.0.1' and port '3121'.
22:35:36 INFO  : 'targets -set -filter {jtag_cable_name =~ "Digilent Zed 210248469116" && level==0} -index 1' command is executed.
22:35:39 INFO  : FPGA configured successfully with bitstream "C:/Users/Chris/Desktop/GitHub/ensc-452/AudioTutorial/zynq_interrupts/zynq_interrupts.sdk/zynq_interrupt_system_wrapper_hw_platform_0/zynq_interrupt_system_wrapper.bit"
22:36:09 INFO  : Processor reset is completed for ps7_cortexa9_0
22:36:12 ERROR : Unexpected error while launching program.
java.lang.RuntimeException: Failed to download ELF file


    AP transaction error (DP CTRL_STAT=0xf0000021)
    Error Address = 0x00100000, Size = 0x00000004


	at com.xilinx.sdk.targetmanager.internal.TM.downloadELF(TM.java:670)
	at com.xilinx.sdk.debug.core.internal.AppRunner.run(AppRunner.java:129)
	at com.xilinx.sdk.debug.core.XilinxAppLaunchConfigurationDelegate.runApplication(XilinxAppLaunchConfigurationDelegate.java:606)
	at com.xilinx.sdk.debug.core.XilinxAppLaunchConfigurationDelegate.launch(XilinxAppLaunchConfigurationDelegate.java:294)
	at com.xilinx.sdk.debug.ui.XilinxAppLaunchDelegateWrapper.launch(XilinxAppLaunchDelegateWrapper.java:31)
	at org.eclipse.debug.internal.core.LaunchConfiguration.launch(LaunchConfiguration.java:858)
	at org.eclipse.debug.internal.core.LaunchConfiguration.launch(LaunchConfiguration.java:707)
	at org.eclipse.debug.internal.ui.DebugUIPlugin.buildAndLaunch(DebugUIPlugin.java:1018)
	at org.eclipse.debug.internal.ui.DebugUIPlugin$8.run(DebugUIPlugin.java:1222)
	at org.eclipse.core.internal.jobs.Worker.run(Worker.java:53)
22:36:33 ERROR : Unexpected error while parsing XMD response ?: com.google.gson.JsonSyntaxException: com.google.gson.stream.MalformedJsonException: invalid number or unquoted string near 
22:42:10 INFO  : Processing command line option -hwspec C:/Users/Chris/Desktop/GitHub/ensc-452/AudioTutorial/zynq_interrupts/zynq_interrupts.sdk/zynq_interrupt_system_wrapper.hdf.
22:42:12 INFO  : Checking for hwspec changes in the project zynq_interrupt_system_wrapper_hw_platform_0.
22:42:13 INFO  : Launching XSDB server: xsdb.bat -s C:/Xilinx/SDK/2015.1/scripts/xsdb/xsdb/xsdb-server.tcl 2450
22:42:14 INFO  : XSDB server has started successfully.
22:42:32 INFO  : Connected to target on host '127.0.0.1' and port '3121'.
22:42:32 INFO  : 'targets -set -filter {jtag_cable_name =~ "Digilent Zed 210248469116" && level==0} -index 1' command is executed.
22:42:32 ERROR : Cannot find memory context of target ARM_DAP
22:43:15 INFO  : Connected to target on host '127.0.0.1' and port '3121'.
22:43:15 INFO  : 'targets -set -filter {jtag_cable_name =~ "Digilent Zed 210248469116" && level==0} -index 1' command is executed.
22:43:56 ERROR : 'fpga -file C:/Users/Chris/Desktop/GitHub/ensc-452/AudioTutorial/zynq_interrupts/zynq_interrupts.sdk/zynq_interrupt_system_wrapper_hw_platform_0/zynq_interrupt_system_wrapper.bit' is cancelled.
22:48:05 INFO  : Processing command line option -hwspec C:/Users/Chris/Desktop/GitHub/ensc-452/AudioTutorial/zynq_interrupts/zynq_interrupts.sdk/zynq_interrupt_system_wrapper.hdf.
22:48:06 INFO  : Checking for hwspec changes in the project zynq_interrupt_system_wrapper_hw_platform_0.
22:48:07 INFO  : Launching XSDB server: xsdb.bat -s C:/Xilinx/SDK/2015.1/scripts/xsdb/xsdb/xsdb-server.tcl 2457
22:48:08 INFO  : XSDB server has started successfully.
22:51:34 INFO  : Processing command line option -hwspec C:/Users/Chris/Desktop/GitHub/ensc-452/AudioTutorial/zynq_interrupts/zynq_interrupts.sdk/zynq_interrupt_system_wrapper.hdf.
22:51:35 INFO  : Checking for hwspec changes in the project zynq_interrupt_system_wrapper_hw_platform_0.
22:51:37 INFO  : Launching XSDB server: xsdb.bat -s C:/Xilinx/SDK/2015.1/scripts/xsdb/xsdb/xsdb-server.tcl 2464
22:51:38 INFO  : XSDB server has started successfully.
22:53:49 INFO  : Processing command line option -hwspec C:/Users/Chris/Desktop/GitHub/ensc-452/AudioTutorial/zynq_interrupts/zynq_interrupts.sdk/zynq_interrupt_system_wrapper.hdf.
22:53:50 INFO  : Checking for hwspec changes in the project zynq_interrupt_system_wrapper_hw_platform_0.
22:53:51 INFO  : Launching XSDB server: xsdb.bat -s C:/Xilinx/SDK/2015.1/scripts/xsdb/xsdb/xsdb-server.tcl 2471
22:53:52 INFO  : XSDB server has started successfully.
