20:52:18 INFO  : Registering command handlers for Vitis TCF services
20:52:18 INFO  : Launching XSCT server: xsct.bat -n  -interactive C:\Users\cjw18\Desktop\GitHub\ensc-452\AudioTutorial\first_zynq_design\temp_xsdb_launch_script.tcl
20:52:20 INFO  : Platform repository initialization has completed.
20:52:20 INFO  : XSCT server has started successfully.
20:52:20 INFO  : plnx-install-location is set to ''
20:52:20 INFO  : Successfully done setting XSCT server connection channel  
20:52:20 INFO  : Successfully done query RDI_DATADIR 
20:52:20 INFO  : Successfully done setting workspace for the tool. 
20:54:24 INFO  : Result from executing command 'getProjects': first_zynq_system_wrapper
20:54:24 INFO  : Result from executing command 'getPlatforms': 
20:54:24 WARN  : An unexpected exception occurred in the module 'platform project logging'
20:54:24 INFO  : Platform 'first_zynq_system_wrapper' is added to custom repositories.
20:54:33 INFO  : Platform 'first_zynq_system_wrapper' is added to custom repositories.
20:56:12 INFO  : Result from executing command 'getProjects': first_zynq_system_wrapper
20:56:12 INFO  : Result from executing command 'getPlatforms': first_zynq_system_wrapper|C:/Users/cjw18/Desktop/GitHub/ensc-452/AudioTutorial/first_zynq_design/first_zynq_system_wrapper/export/first_zynq_system_wrapper/first_zynq_system_wrapper.xpfm
20:56:12 INFO  : Checking for BSP changes to sync application flags for project 'LED_test'...
20:57:06 INFO  : Connected to target on host '127.0.0.1' and port '3121'.
20:57:07 INFO  : 'targets -set -filter {jtag_cable_name =~ "Digilent Zed 210248469719" && level==0 && jtag_device_ctx=="jsn-Zed-210248469719-03727093-0"}' command is executed.
20:57:09 INFO  : Device configured successfully with "C:/Users/cjw18/Desktop/GitHub/ensc-452/AudioTutorial/first_zynq_design/LED_test/_ide/bitstream/first_zynq_system_wrapper.bit"
20:57:30 INFO  : Connected to target on host '127.0.0.1' and port '3121'.
20:57:30 INFO  : Jtag cable 'Digilent Zed 210248469719' is selected.
20:57:30 INFO  : 'jtag frequency' command is executed.
20:57:30 INFO  : Context for 'APU' is selected.
20:57:30 INFO  : System reset is completed.
20:57:33 INFO  : 'after 3000' command is executed.
20:57:33 INFO  : 'targets -set -filter {jtag_cable_name =~ "Digilent Zed 210248469719" && level==0 && jtag_device_ctx=="jsn-Zed-210248469719-03727093-0"}' command is executed.
20:57:35 INFO  : Device configured successfully with "C:/Users/cjw18/Desktop/GitHub/ensc-452/AudioTutorial/first_zynq_design/LED_test/_ide/bitstream/first_zynq_system_wrapper.bit"
20:57:35 INFO  : Context for 'APU' is selected.
20:57:35 INFO  : Hardware design and registers information is loaded from 'C:/Users/cjw18/Desktop/GitHub/ensc-452/AudioTutorial/first_zynq_design/first_zynq_system_wrapper/export/first_zynq_system_wrapper/hw/first_zynq_system_wrapper.xsa'.
20:57:35 INFO  : 'configparams force-mem-access 1' command is executed.
20:57:35 INFO  : Context for 'APU' is selected.
20:57:35 INFO  : Sourcing of 'C:/Users/cjw18/Desktop/GitHub/ensc-452/AudioTutorial/first_zynq_design/LED_test/_ide/psinit/ps7_init.tcl' is done.
20:57:35 INFO  : 'ps7_init' command is executed.
20:57:35 INFO  : 'ps7_post_config' command is executed.
20:57:36 INFO  : Context for processor 'ps7_cortexa9_0' is selected.
20:57:36 INFO  : The application 'C:/Users/cjw18/Desktop/GitHub/ensc-452/AudioTutorial/first_zynq_design/LED_test/Debug/LED_test.elf' is downloaded to processor 'ps7_cortexa9_0'.
20:57:36 INFO  : 'configparams force-mem-access 0' command is executed.
20:57:36 INFO  : ----------------XSDB Script----------------
connect -url tcp:127.0.0.1:3121
targets -set -nocase -filter {name =~"APU*"}
rst -system
after 3000
targets -set -filter {jtag_cable_name =~ "Digilent Zed 210248469719" && level==0 && jtag_device_ctx=="jsn-Zed-210248469719-03727093-0"}
fpga -file C:/Users/cjw18/Desktop/GitHub/ensc-452/AudioTutorial/first_zynq_design/LED_test/_ide/bitstream/first_zynq_system_wrapper.bit
targets -set -nocase -filter {name =~"APU*"}
loadhw -hw C:/Users/cjw18/Desktop/GitHub/ensc-452/AudioTutorial/first_zynq_design/first_zynq_system_wrapper/export/first_zynq_system_wrapper/hw/first_zynq_system_wrapper.xsa -mem-ranges [list {0x40000000 0xbfffffff}] -regs
configparams force-mem-access 1
targets -set -nocase -filter {name =~"APU*"}
source C:/Users/cjw18/Desktop/GitHub/ensc-452/AudioTutorial/first_zynq_design/LED_test/_ide/psinit/ps7_init.tcl
ps7_init
ps7_post_config
targets -set -nocase -filter {name =~ "*A9*#0"}
dow C:/Users/cjw18/Desktop/GitHub/ensc-452/AudioTutorial/first_zynq_design/LED_test/Debug/LED_test.elf
configparams force-mem-access 0
----------------End of Script----------------

20:57:36 INFO  : Context for processor 'ps7_cortexa9_0' is selected.
20:57:36 INFO  : 'con' command is executed.
20:57:36 INFO  : ----------------XSDB Script (After Launch)----------------
targets -set -nocase -filter {name =~ "*A9*#0"}
con
----------------End of Script----------------

20:57:36 INFO  : Disconnected from the channel tcfchan#2.
17:17:37 INFO  : Launching XSCT server: xsct.bat -n  -interactive C:\Users\cjw18\Desktop\GitHub\ensc-452\AudioTutorial\first_zynq_design\temp_xsdb_launch_script.tcl
17:17:39 INFO  : XSCT server has started successfully.
17:17:39 INFO  : Successfully done setting XSCT server connection channel  
17:17:39 INFO  : plnx-install-location is set to ''
17:17:39 INFO  : Successfully done setting workspace for the tool. 
17:17:42 INFO  : Platform repository initialization has completed.
17:17:43 INFO  : Successfully done query RDI_DATADIR 
17:17:43 INFO  : Registering command handlers for Vitis TCF services
17:18:03 INFO  : Result from executing command 'getProjects': first_zynq_system_wrapper
17:18:03 INFO  : Result from executing command 'getPlatforms': first_zynq_system_wrapper|C:/Users/cjw18/Desktop/GitHub/ensc-452/AudioTutorial/first_zynq_design/first_zynq_system_wrapper/export/first_zynq_system_wrapper/first_zynq_system_wrapper.xpfm
17:18:03 INFO  : Checking for BSP changes to sync application flags for project 'LED_test'...
17:18:29 INFO  : Connected to target on host '127.0.0.1' and port '3121'.
17:18:29 INFO  : Jtag cable 'Digilent Zed 210248469719' is selected.
17:18:29 INFO  : 'jtag frequency' command is executed.
17:18:29 INFO  : Context for 'APU' is selected.
17:18:29 INFO  : System reset is completed.
17:18:32 INFO  : 'after 3000' command is executed.
17:18:32 INFO  : 'targets -set -filter {jtag_cable_name =~ "Digilent Zed 210248469719" && level==0 && jtag_device_ctx=="jsn-Zed-210248469719-03727093-0"}' command is executed.
17:18:35 INFO  : Device configured successfully with "C:/Users/cjw18/Desktop/GitHub/ensc-452/AudioTutorial/first_zynq_design/LED_test/_ide/bitstream/first_zynq_system_wrapper.bit"
17:18:35 INFO  : Context for 'APU' is selected.
17:18:35 INFO  : Hardware design and registers information is loaded from 'C:/Users/cjw18/Desktop/GitHub/ensc-452/AudioTutorial/first_zynq_design/first_zynq_system_wrapper/export/first_zynq_system_wrapper/hw/first_zynq_system_wrapper.xsa'.
17:18:35 INFO  : 'configparams force-mem-access 1' command is executed.
17:18:35 INFO  : Context for 'APU' is selected.
17:18:35 INFO  : Sourcing of 'C:/Users/cjw18/Desktop/GitHub/ensc-452/AudioTutorial/first_zynq_design/LED_test/_ide/psinit/ps7_init.tcl' is done.
17:18:35 INFO  : 'ps7_init' command is executed.
17:18:35 INFO  : 'ps7_post_config' command is executed.
17:18:35 INFO  : Context for processor 'ps7_cortexa9_0' is selected.
17:18:35 INFO  : The application 'C:/Users/cjw18/Desktop/GitHub/ensc-452/AudioTutorial/first_zynq_design/LED_test/Debug/LED_test.elf' is downloaded to processor 'ps7_cortexa9_0'.
17:18:35 INFO  : 'configparams force-mem-access 0' command is executed.
17:18:35 INFO  : ----------------XSDB Script----------------
connect -url tcp:127.0.0.1:3121
targets -set -nocase -filter {name =~"APU*"}
rst -system
after 3000
targets -set -filter {jtag_cable_name =~ "Digilent Zed 210248469719" && level==0 && jtag_device_ctx=="jsn-Zed-210248469719-03727093-0"}
fpga -file C:/Users/cjw18/Desktop/GitHub/ensc-452/AudioTutorial/first_zynq_design/LED_test/_ide/bitstream/first_zynq_system_wrapper.bit
targets -set -nocase -filter {name =~"APU*"}
loadhw -hw C:/Users/cjw18/Desktop/GitHub/ensc-452/AudioTutorial/first_zynq_design/first_zynq_system_wrapper/export/first_zynq_system_wrapper/hw/first_zynq_system_wrapper.xsa -mem-ranges [list {0x40000000 0xbfffffff}] -regs
configparams force-mem-access 1
targets -set -nocase -filter {name =~"APU*"}
source C:/Users/cjw18/Desktop/GitHub/ensc-452/AudioTutorial/first_zynq_design/LED_test/_ide/psinit/ps7_init.tcl
ps7_init
ps7_post_config
targets -set -nocase -filter {name =~ "*A9*#0"}
dow C:/Users/cjw18/Desktop/GitHub/ensc-452/AudioTutorial/first_zynq_design/LED_test/Debug/LED_test.elf
configparams force-mem-access 0
----------------End of Script----------------

17:18:35 INFO  : Context for processor 'ps7_cortexa9_0' is selected.
17:18:35 INFO  : 'con' command is executed.
17:18:35 INFO  : ----------------XSDB Script (After Launch)----------------
targets -set -nocase -filter {name =~ "*A9*#0"}
con
----------------End of Script----------------

17:18:35 INFO  : Launch script is exported to file 'C:\Users\cjw18\Desktop\GitHub\ensc-452\AudioTutorial\first_zynq_design\LED_test_system\_ide\scripts\systemdebugger_led_test_system_standalone.tcl'
17:19:15 INFO  : Disconnected from the channel tcfchan#3.
17:19:15 INFO  : Connected to target on host '127.0.0.1' and port '3121'.
17:19:15 INFO  : Jtag cable 'Digilent Zed 210248469719' is selected.
17:19:15 INFO  : 'jtag frequency' command is executed.
17:19:15 INFO  : Context for 'APU' is selected.
17:19:15 INFO  : System reset is completed.
17:19:18 INFO  : 'after 3000' command is executed.
17:19:18 INFO  : 'targets -set -filter {jtag_cable_name =~ "Digilent Zed 210248469719" && level==0 && jtag_device_ctx=="jsn-Zed-210248469719-03727093-0"}' command is executed.
17:19:20 INFO  : Device configured successfully with "C:/Users/cjw18/Desktop/GitHub/ensc-452/AudioTutorial/first_zynq_design/LED_test/_ide/bitstream/first_zynq_system_wrapper.bit"
17:19:20 INFO  : Context for 'APU' is selected.
17:19:20 INFO  : Hardware design and registers information is loaded from 'C:/Users/cjw18/Desktop/GitHub/ensc-452/AudioTutorial/first_zynq_design/first_zynq_system_wrapper/export/first_zynq_system_wrapper/hw/first_zynq_system_wrapper.xsa'.
17:19:20 INFO  : 'configparams force-mem-access 1' command is executed.
17:19:20 INFO  : Context for 'APU' is selected.
17:19:20 INFO  : Sourcing of 'C:/Users/cjw18/Desktop/GitHub/ensc-452/AudioTutorial/first_zynq_design/LED_test/_ide/psinit/ps7_init.tcl' is done.
17:19:21 INFO  : 'ps7_init' command is executed.
17:19:21 INFO  : 'ps7_post_config' command is executed.
17:19:21 INFO  : Context for processor 'ps7_cortexa9_0' is selected.
17:19:21 INFO  : The application 'C:/Users/cjw18/Desktop/GitHub/ensc-452/AudioTutorial/first_zynq_design/LED_test/Debug/LED_test.elf' is downloaded to processor 'ps7_cortexa9_0'.
17:19:21 INFO  : 'configparams force-mem-access 0' command is executed.
17:19:21 INFO  : ----------------XSDB Script----------------
connect -url tcp:127.0.0.1:3121
targets -set -nocase -filter {name =~"APU*"}
rst -system
after 3000
targets -set -filter {jtag_cable_name =~ "Digilent Zed 210248469719" && level==0 && jtag_device_ctx=="jsn-Zed-210248469719-03727093-0"}
fpga -file C:/Users/cjw18/Desktop/GitHub/ensc-452/AudioTutorial/first_zynq_design/LED_test/_ide/bitstream/first_zynq_system_wrapper.bit
targets -set -nocase -filter {name =~"APU*"}
loadhw -hw C:/Users/cjw18/Desktop/GitHub/ensc-452/AudioTutorial/first_zynq_design/first_zynq_system_wrapper/export/first_zynq_system_wrapper/hw/first_zynq_system_wrapper.xsa -mem-ranges [list {0x40000000 0xbfffffff}] -regs
configparams force-mem-access 1
targets -set -nocase -filter {name =~"APU*"}
source C:/Users/cjw18/Desktop/GitHub/ensc-452/AudioTutorial/first_zynq_design/LED_test/_ide/psinit/ps7_init.tcl
ps7_init
ps7_post_config
targets -set -nocase -filter {name =~ "*A9*#0"}
dow C:/Users/cjw18/Desktop/GitHub/ensc-452/AudioTutorial/first_zynq_design/LED_test/Debug/LED_test.elf
configparams force-mem-access 0
----------------End of Script----------------

17:19:21 INFO  : Context for processor 'ps7_cortexa9_0' is selected.
17:19:21 INFO  : 'con' command is executed.
17:19:21 INFO  : ----------------XSDB Script (After Launch)----------------
targets -set -nocase -filter {name =~ "*A9*#0"}
con
----------------End of Script----------------

17:19:21 INFO  : Launch script is exported to file 'C:\Users\cjw18\Desktop\GitHub\ensc-452\AudioTutorial\first_zynq_design\LED_test_system\_ide\scripts\systemdebugger_led_test_system_standalone.tcl'
17:19:50 INFO  : Disconnected from the channel tcfchan#4.
